{"/home/marcin/windsurf/Projects/asia/eduhusdawka_pl/app/HomeClient.tsx": {"path":"/home/marcin/windsurf/Projects/asia/eduhusdawka_pl/app/HomeClient.tsx","statementMap":{"0":{"start":{"line":35,"column":24},"end":{"line":35,"column":null}},"1":{"start":{"line":3,"column":28},"end":{"line":3,"column":null}},"2":{"start":{"line":4,"column":25},"end":{"line":4,"column":null}},"3":{"start":{"line":11,"column":7},"end":{"line":11,"column":null}},"4":{"start":{"line":12,"column":19},"end":{"line":12,"column":null}},"5":{"start":{"line":13,"column":19},"end":{"line":13,"column":null}},"6":{"start":{"line":15,"column":31},"end":{"line":15,"column":null}},"7":{"start":{"line":30,"column":7},"end":{"line":30,"column":null}},"8":{"start":{"line":31,"column":17},"end":{"line":31,"column":null}},"9":{"start":{"line":32,"column":29},"end":{"line":32,"column":null}},"10":{"start":{"line":36,"column":25},"end":{"line":36,"column":null}},"11":{"start":{"line":75,"column":37},"end":{"line":75,"column":78}},"12":{"start":{"line":75,"column":78},"end":{"line":75,"column":121}},"13":{"start":{"line":88,"column":37},"end":{"line":88,"column":82}},"14":{"start":{"line":88,"column":82},"end":{"line":88,"column":158}},"15":{"start":{"line":416,"column":39},"end":{"line":416,"column":106}},"16":{"start":{"line":416,"column":106},"end":{"line":416,"column":149}},"17":{"start":{"line":427,"column":39},"end":{"line":427,"column":110}},"18":{"start":{"line":427,"column":110},"end":{"line":427,"column":240}},"19":{"start":{"line":613,"column":41},"end":{"line":613,"column":91}},"20":{"start":{"line":613,"column":91},"end":{"line":613,"column":159}}},"fnMap":{"0":{"name":"HomeClient","decl":{"start":{"line":35,"column":24},"end":{"line":35,"column":null}},"loc":{"start":{"line":35,"column":24},"end":{"line":649,"column":null}}},"1":{"name":"(anonymous_3)","decl":{"start":{"line":75,"column":29},"end":{"line":75,"column":37}},"loc":{"start":{"line":75,"column":29},"end":{"line":75,"column":null}}},"2":{"name":"(anonymous_4)","decl":{"start":{"line":88,"column":29},"end":{"line":88,"column":37}},"loc":{"start":{"line":88,"column":29},"end":{"line":88,"column":null}}},"3":{"name":"(anonymous_5)","decl":{"start":{"line":416,"column":31},"end":{"line":416,"column":39}},"loc":{"start":{"line":416,"column":31},"end":{"line":416,"column":null}}},"4":{"name":"(anonymous_6)","decl":{"start":{"line":427,"column":31},"end":{"line":427,"column":39}},"loc":{"start":{"line":427,"column":31},"end":{"line":427,"column":null}}},"5":{"name":"(anonymous_7)","decl":{"start":{"line":613,"column":33},"end":{"line":613,"column":41}},"loc":{"start":{"line":613,"column":33},"end":{"line":613,"column":null}}}},"branchMap":{},"s":{"0":0,"1":0,"2":0,"3":0,"4":0,"5":0,"6":0,"7":0,"8":0,"9":0,"10":0,"11":0,"12":0,"13":0,"14":0,"15":0,"16":0,"17":0,"18":0,"19":0,"20":0},"f":{"0":0,"1":0,"2":0,"3":0,"4":0,"5":0},"b":{}}
,"/home/marcin/windsurf/Projects/asia/eduhusdawka_pl/app/apple-icon.tsx": {"path":"/home/marcin/windsurf/Projects/asia/eduhusdawka_pl/app/apple-icon.tsx","statementMap":{"0":{"start":{"line":11,"column":13},"end":{"line":11,"column":27}},"1":{"start":{"line":14,"column":24},"end":{"line":14,"column":null}},"2":{"start":{"line":4,"column":13},"end":{"line":4,"column":23}},"3":{"start":{"line":7,"column":13},"end":{"line":7,"column":20}},"4":{"start":{"line":1,"column":30},"end":{"line":1,"column":null}},"5":{"start":{"line":4,"column":23},"end":{"line":4,"column":null}},"6":{"start":{"line":7,"column":20},"end":{"line":10,"column":null}},"7":{"start":{"line":11,"column":27},"end":{"line":11,"column":null}},"8":{"start":{"line":15,"column":2},"end":{"line":76,"column":null}}},"fnMap":{"0":{"name":"Icon","decl":{"start":{"line":14,"column":24},"end":{"line":14,"column":null}},"loc":{"start":{"line":14,"column":24},"end":{"line":78,"column":null}}}},"branchMap":{},"s":{"0":0,"1":0,"2":0,"3":0,"4":0,"5":0,"6":0,"7":0,"8":0},"f":{"0":0},"b":{}}
,"/home/marcin/windsurf/Projects/asia/eduhusdawka_pl/app/client-layout.tsx": {"path":"/home/marcin/windsurf/Projects/asia/eduhusdawka_pl/app/client-layout.tsx","statementMap":{"0":{"start":{"line":45,"column":24},"end":{"line":45,"column":37}},"1":{"start":{"line":5,"column":30},"end":{"line":5,"column":null}},"2":{"start":{"line":6,"column":40},"end":{"line":6,"column":null}},"3":{"start":{"line":7,"column":32},"end":{"line":7,"column":null}},"4":{"start":{"line":8,"column":25},"end":{"line":8,"column":null}},"5":{"start":{"line":9,"column":29},"end":{"line":9,"column":null}},"6":{"start":{"line":10,"column":26},"end":{"line":10,"column":null}},"7":{"start":{"line":11,"column":24},"end":{"line":11,"column":null}},"8":{"start":{"line":12,"column":28},"end":{"line":12,"column":null}},"9":{"start":{"line":13,"column":36},"end":{"line":13,"column":null}},"10":{"start":{"line":14,"column":27},"end":{"line":14,"column":null}},"11":{"start":{"line":15,"column":32},"end":{"line":15,"column":null}},"12":{"start":{"line":16,"column":35},"end":{"line":16,"column":null}},"13":{"start":{"line":17,"column":32},"end":{"line":17,"column":null}},"14":{"start":{"line":20,"column":19},"end":{"line":20,"column":null}},"15":{"start":{"line":22,"column":2},"end":{"line":40,"column":null}},"16":{"start":{"line":23,"column":4},"end":{"line":23,"column":null}},"17":{"start":{"line":24,"column":4},"end":{"line":24,"column":null}},"18":{"start":{"line":25,"column":4},"end":{"line":25,"column":null}},"19":{"start":{"line":26,"column":4},"end":{"line":26,"column":null}},"20":{"start":{"line":27,"column":4},"end":{"line":27,"column":null}},"21":{"start":{"line":28,"column":4},"end":{"line":28,"column":null}},"22":{"start":{"line":30,"column":4},"end":{"line":39,"column":null}},"23":{"start":{"line":31,"column":6},"end":{"line":37,"column":null}},"24":{"start":{"line":42,"column":2},"end":{"line":42,"column":null}}},"fnMap":{"0":{"name":"BodyClassManager","decl":{"start":{"line":19,"column":9},"end":{"line":19,"column":null}},"loc":{"start":{"line":19,"column":9},"end":{"line":43,"column":null}}},"1":{"name":"(anonymous_3)","decl":{"start":{"line":22,"column":12},"end":{"line":22,"column":null}},"loc":{"start":{"line":22,"column":12},"end":{"line":40,"column":5}}},"2":{"name":"(anonymous_4)","decl":{"start":{"line":30,"column":11},"end":{"line":30,"column":null}},"loc":{"start":{"line":30,"column":11},"end":{"line":39,"column":null}}},"3":{"name":"ClientLayout","decl":{"start":{"line":45,"column":24},"end":{"line":45,"column":37}},"loc":{"start":{"line":49,"column":1},"end":{"line":71,"column":null}}}},"branchMap":{"0":{"loc":{"start":{"line":66,"column":11},"end":{"line":66,"column":null}},"type":"binary-expr","locations":[{"start":{"line":66,"column":11},"end":{"line":66,"column":53}},{"start":{"line":66,"column":53},"end":{"line":66,"column":null}}]}},"s":{"0":13,"1":1,"2":1,"3":1,"4":1,"5":1,"6":1,"7":1,"8":1,"9":1,"10":1,"11":1,"12":1,"13":1,"14":13,"15":13,"16":13,"17":13,"18":13,"19":13,"20":13,"21":13,"22":13,"23":13,"24":13},"f":{"0":13,"1":13,"2":13,"3":13},"b":{"0":[13,0]}}
,"/home/marcin/windsurf/Projects/asia/eduhusdawka_pl/app/favicon.tsx": {"path":"/home/marcin/windsurf/Projects/asia/eduhusdawka_pl/app/favicon.tsx","statementMap":{"0":{"start":{"line":11,"column":13},"end":{"line":11,"column":27}},"1":{"start":{"line":14,"column":24},"end":{"line":14,"column":null}},"2":{"start":{"line":4,"column":13},"end":{"line":4,"column":23}},"3":{"start":{"line":7,"column":13},"end":{"line":7,"column":20}},"4":{"start":{"line":1,"column":30},"end":{"line":1,"column":null}},"5":{"start":{"line":4,"column":23},"end":{"line":4,"column":null}},"6":{"start":{"line":7,"column":20},"end":{"line":10,"column":null}},"7":{"start":{"line":11,"column":27},"end":{"line":11,"column":null}},"8":{"start":{"line":15,"column":2},"end":{"line":62,"column":null}}},"fnMap":{"0":{"name":"Icon","decl":{"start":{"line":14,"column":24},"end":{"line":14,"column":null}},"loc":{"start":{"line":14,"column":24},"end":{"line":64,"column":null}}}},"branchMap":{},"s":{"0":0,"1":0,"2":0,"3":0,"4":0,"5":0,"6":0,"7":0,"8":0},"f":{"0":0},"b":{}}
,"/home/marcin/windsurf/Projects/asia/eduhusdawka_pl/app/icon.tsx": {"path":"/home/marcin/windsurf/Projects/asia/eduhusdawka_pl/app/icon.tsx","statementMap":{"0":{"start":{"line":11,"column":13},"end":{"line":11,"column":27}},"1":{"start":{"line":14,"column":24},"end":{"line":14,"column":null}},"2":{"start":{"line":4,"column":13},"end":{"line":4,"column":23}},"3":{"start":{"line":7,"column":13},"end":{"line":7,"column":20}},"4":{"start":{"line":1,"column":30},"end":{"line":1,"column":null}},"5":{"start":{"line":4,"column":23},"end":{"line":4,"column":null}},"6":{"start":{"line":7,"column":20},"end":{"line":10,"column":null}},"7":{"start":{"line":11,"column":27},"end":{"line":11,"column":null}},"8":{"start":{"line":15,"column":2},"end":{"line":63,"column":null}}},"fnMap":{"0":{"name":"Icon","decl":{"start":{"line":14,"column":24},"end":{"line":14,"column":null}},"loc":{"start":{"line":14,"column":24},"end":{"line":65,"column":null}}}},"branchMap":{},"s":{"0":0,"1":0,"2":0,"3":0,"4":0,"5":0,"6":0,"7":0,"8":0},"f":{"0":0},"b":{}}
,"/home/marcin/windsurf/Projects/asia/eduhusdawka_pl/app/layout.tsx": {"path":"/home/marcin/windsurf/Projects/asia/eduhusdawka_pl/app/layout.tsx","statementMap":{"0":{"start":{"line":59,"column":24},"end":{"line":59,"column":35}},"1":{"start":{"line":6,"column":13},"end":{"line":6,"column":24}},"2":{"start":{"line":2,"column":25},"end":{"line":2,"column":null}},"3":{"start":{"line":3,"column":27},"end":{"line":3,"column":null}},"4":{"start":{"line":4,"column":7},"end":{"line":4,"column":null}},"5":{"start":{"line":6,"column":24},"end":{"line":57,"column":null}}},"fnMap":{"0":{"name":"RootLayout","decl":{"start":{"line":59,"column":24},"end":{"line":59,"column":35}},"loc":{"start":{"line":63,"column":1},"end":{"line":136,"column":null}}}},"branchMap":{},"s":{"0":13,"1":0,"2":1,"3":1,"4":1,"5":1},"f":{"0":13},"b":{}}
,"/home/marcin/windsurf/Projects/asia/eduhusdawka_pl/app/not-found.tsx": {"path":"/home/marcin/windsurf/Projects/asia/eduhusdawka_pl/app/not-found.tsx","statementMap":{"0":{"start":{"line":15,"column":24},"end":{"line":15,"column":null}},"1":{"start":{"line":10,"column":13},"end":{"line":10,"column":34}},"2":{"start":{"line":1,"column":17},"end":{"line":1,"column":null}},"3":{"start":{"line":2,"column":18},"end":{"line":2,"column":null}},"4":{"start":{"line":3,"column":23},"end":{"line":3,"column":null}},"5":{"start":{"line":4,"column":48},"end":{"line":4,"column":null}},"6":{"start":{"line":5,"column":19},"end":{"line":5,"column":null}},"7":{"start":{"line":6,"column":19},"end":{"line":6,"column":null}},"8":{"start":{"line":7,"column":28},"end":{"line":7,"column":null}},"9":{"start":{"line":10,"column":34},"end":{"line":13,"column":null}}},"fnMap":{"0":{"name":"NotFound","decl":{"start":{"line":15,"column":24},"end":{"line":15,"column":null}},"loc":{"start":{"line":15,"column":24},"end":{"line":100,"column":null}}}},"branchMap":{},"s":{"0":0,"1":0,"2":0,"3":0,"4":0,"5":0,"6":0,"7":0,"8":0,"9":0},"f":{"0":0},"b":{}}
,"/home/marcin/windsurf/Projects/asia/eduhusdawka_pl/app/opengraph-image.tsx": {"path":"/home/marcin/windsurf/Projects/asia/eduhusdawka_pl/app/opengraph-image.tsx","statementMap":{"0":{"start":{"line":7,"column":13},"end":{"line":7,"column":19}},"1":{"start":{"line":12,"column":13},"end":{"line":12,"column":27}},"2":{"start":{"line":15,"column":30},"end":{"line":15,"column":null}},"3":{"start":{"line":4,"column":13},"end":{"line":4,"column":23}},"4":{"start":{"line":8,"column":13},"end":{"line":8,"column":20}},"5":{"start":{"line":1,"column":30},"end":{"line":1,"column":null}},"6":{"start":{"line":4,"column":23},"end":{"line":4,"column":null}},"7":{"start":{"line":7,"column":19},"end":{"line":7,"column":null}},"8":{"start":{"line":8,"column":20},"end":{"line":11,"column":null}},"9":{"start":{"line":12,"column":27},"end":{"line":12,"column":null}},"10":{"start":{"line":16,"column":2},"end":{"line":118,"column":null}}},"fnMap":{"0":{"name":"Image","decl":{"start":{"line":15,"column":30},"end":{"line":15,"column":null}},"loc":{"start":{"line":15,"column":30},"end":{"line":120,"column":null}}}},"branchMap":{},"s":{"0":0,"1":0,"2":0,"3":0,"4":0,"5":0,"6":0,"7":0,"8":0,"9":0,"10":0},"f":{"0":0},"b":{}}
,"/home/marcin/windsurf/Projects/asia/eduhusdawka_pl/app/page.tsx": {"path":"/home/marcin/windsurf/Projects/asia/eduhusdawka_pl/app/page.tsx","statementMap":{"0":{"start":{"line":5,"column":24},"end":{"line":5,"column":null}},"1":{"start":{"line":1,"column":25},"end":{"line":1,"column":null}},"2":{"start":{"line":2,"column":23},"end":{"line":2,"column":null}},"3":{"start":{"line":3,"column":33},"end":{"line":3,"column":null}}},"fnMap":{"0":{"name":"HomePage","decl":{"start":{"line":5,"column":24},"end":{"line":5,"column":null}},"loc":{"start":{"line":5,"column":24},"end":{"line":11,"column":null}}}},"branchMap":{},"s":{"0":0,"1":0,"2":0,"3":0},"f":{"0":0},"b":{}}
,"/home/marcin/windsurf/Projects/asia/eduhusdawka_pl/app/robots.ts": {"path":"/home/marcin/windsurf/Projects/asia/eduhusdawka_pl/app/robots.ts","statementMap":{"0":{"start":{"line":3,"column":24},"end":{"line":3,"column":null}},"1":{"start":{"line":4,"column":18},"end":{"line":4,"column":null}},"2":{"start":{"line":6,"column":2},"end":{"line":13,"column":null}}},"fnMap":{"0":{"name":"robots","decl":{"start":{"line":3,"column":24},"end":{"line":3,"column":null}},"loc":{"start":{"line":3,"column":24},"end":{"line":14,"column":null}}}},"branchMap":{"0":{"loc":{"start":{"line":4,"column":18},"end":{"line":4,"column":null}},"type":"binary-expr","locations":[{"start":{"line":4,"column":18},"end":{"line":4,"column":50}},{"start":{"line":4,"column":54},"end":{"line":4,"column":null}}]}},"s":{"0":0,"1":0,"2":0},"f":{"0":0},"b":{"0":[0,0]}}
,"/home/marcin/windsurf/Projects/asia/eduhusdawka_pl/app/sitemap.ts": {"path":"/home/marcin/windsurf/Projects/asia/eduhusdawka_pl/app/sitemap.ts","statementMap":{"0":{"start":{"line":4,"column":24},"end":{"line":4,"column":null}},"1":{"start":{"line":2,"column":26},"end":{"line":2,"column":null}},"2":{"start":{"line":5,"column":18},"end":{"line":5,"column":null}},"3":{"start":{"line":6,"column":23},"end":{"line":6,"column":null}},"4":{"start":{"line":9,"column":21},"end":{"line":46,"column":null}},"5":{"start":{"line":49,"column":21},"end":{"line":54,"column":null}},"6":{"start":{"line":49,"column":46},"end":{"line":54,"column":null}},"7":{"start":{"line":57,"column":19},"end":{"line":63,"column":null}},"8":{"start":{"line":66,"column":24},"end":{"line":71,"column":null}},"9":{"start":{"line":66,"column":51},"end":{"line":71,"column":null}},"10":{"start":{"line":73,"column":2},"end":{"line":73,"column":null}}},"fnMap":{"0":{"name":"sitemap","decl":{"start":{"line":4,"column":24},"end":{"line":4,"column":null}},"loc":{"start":{"line":4,"column":24},"end":{"line":74,"column":null}}},"1":{"name":"(anonymous_2)","decl":{"start":{"line":49,"column":35},"end":{"line":49,"column":36}},"loc":{"start":{"line":49,"column":46},"end":{"line":54,"column":null}}},"2":{"name":"(anonymous_3)","decl":{"start":{"line":66,"column":37},"end":{"line":66,"column":38}},"loc":{"start":{"line":66,"column":51},"end":{"line":71,"column":null}}}},"branchMap":{"0":{"loc":{"start":{"line":5,"column":18},"end":{"line":5,"column":null}},"type":"binary-expr","locations":[{"start":{"line":5,"column":18},"end":{"line":5,"column":50}},{"start":{"line":5,"column":54},"end":{"line":5,"column":null}}]}},"s":{"0":0,"1":0,"2":0,"3":0,"4":0,"5":0,"6":0,"7":0,"8":0,"9":0,"10":0},"f":{"0":0,"1":0,"2":0},"b":{"0":[0,0]}}
,"/home/marcin/windsurf/Projects/asia/eduhusdawka_pl/app/actions/booking-actions.ts": {"path":"/home/marcin/windsurf/Projects/asia/eduhusdawka_pl/app/actions/booking-actions.ts","statementMap":{"0":{"start":{"line":62,"column":22},"end":{"line":62,"column":40}},"1":{"start":{"line":15,"column":22},"end":{"line":15,"column":36}},"2":{"start":{"line":3,"column":29},"end":{"line":3,"column":null}},"3":{"start":{"line":4,"column":30},"end":{"line":4,"column":null}},"4":{"start":{"line":16,"column":2},"end":{"line":57,"column":null}},"5":{"start":{"line":19,"column":4},"end":{"line":19,"column":null}},"6":{"start":{"line":19,"column":35},"end":{"line":19,"column":null}},"7":{"start":{"line":22,"column":22},"end":{"line":22,"column":68}},"8":{"start":{"line":25,"column":24},"end":{"line":25,"column":null}},"9":{"start":{"line":26,"column":26},"end":{"line":30,"column":null}},"10":{"start":{"line":31,"column":26},"end":{"line":34,"column":null}},"11":{"start":{"line":37,"column":23},"end":{"line":37,"column":138}},"12":{"start":{"line":40,"column":4},"end":{"line":44,"column":null}},"13":{"start":{"line":46,"column":4},"end":{"line":50,"column":null}},"14":{"start":{"line":52,"column":4},"end":{"line":52,"column":null}},"15":{"start":{"line":53,"column":4},"end":{"line":56,"column":null}},"16":{"start":{"line":63,"column":2},"end":{"line":82,"column":null}},"17":{"start":{"line":66,"column":4},"end":{"line":66,"column":null}},"18":{"start":{"line":66,"column":35},"end":{"line":66,"column":null}},"19":{"start":{"line":69,"column":24},"end":{"line":69,"column":44}},"20":{"start":{"line":71,"column":4},"end":{"line":74,"column":null}},"21":{"start":{"line":76,"column":4},"end":{"line":76,"column":null}},"22":{"start":{"line":77,"column":4},"end":{"line":81,"column":null}}},"fnMap":{"0":{"name":"createBooking","decl":{"start":{"line":15,"column":22},"end":{"line":15,"column":36}},"loc":{"start":{"line":15,"column":53},"end":{"line":58,"column":null}}},"1":{"name":"(anonymous_4)","decl":{"start":{"line":19,"column":22},"end":{"line":19,"column":23}},"loc":{"start":{"line":19,"column":35},"end":{"line":19,"column":null}}},"2":{"name":"checkAvailability","decl":{"start":{"line":62,"column":22},"end":{"line":62,"column":40}},"loc":{"start":{"line":62,"column":68},"end":{"line":83,"column":null}}},"3":{"name":"(anonymous_6)","decl":{"start":{"line":66,"column":22},"end":{"line":66,"column":23}},"loc":{"start":{"line":66,"column":35},"end":{"line":66,"column":null}}}},"branchMap":{},"s":{"0":0,"1":0,"2":4,"3":0,"4":0,"5":0,"6":0,"7":0,"8":0,"9":0,"10":0,"11":0,"12":0,"13":0,"14":0,"15":0,"16":0,"17":0,"18":0,"19":0,"20":0,"21":0,"22":0},"f":{"0":0,"1":0,"2":0,"3":0},"b":{}}
,"/home/marcin/windsurf/Projects/asia/eduhusdawka_pl/app/actions/contact-form.ts": {"path":"/home/marcin/windsurf/Projects/asia/eduhusdawka_pl/app/actions/contact-form.ts","statementMap":{"0":{"start":{"line":35,"column":22},"end":{"line":35,"column":40}},"1":{"start":{"line":3,"column":18},"end":{"line":3,"column":null}},"2":{"start":{"line":4,"column":29},"end":{"line":4,"column":null}},"3":{"start":{"line":5,"column":28},"end":{"line":5,"column":null}},"4":{"start":{"line":6,"column":23},"end":{"line":6,"column":null}},"5":{"start":{"line":9,"column":26},"end":{"line":19,"column":null}},"6":{"start":{"line":15,"column":21},"end":{"line":15,"column":null}},"7":{"start":{"line":37,"column":19},"end":{"line":37,"column":null}},"8":{"start":{"line":38,"column":2},"end":{"line":45,"column":null}},"9":{"start":{"line":40,"column":4},"end":{"line":40,"column":null}},"10":{"start":{"line":41,"column":4},"end":{"line":44,"column":null}},"11":{"start":{"line":48,"column":24},"end":{"line":48,"column":null}},"12":{"start":{"line":49,"column":2},"end":{"line":55,"column":null}},"13":{"start":{"line":50,"column":22},"end":{"line":50,"column":null}},"14":{"start":{"line":51,"column":4},"end":{"line":54,"column":null}},"15":{"start":{"line":52,"column":6},"end":{"line":52,"column":null}},"16":{"start":{"line":58,"column":26},"end":{"line":65,"column":null}},"17":{"start":{"line":68,"column":2},"end":{"line":74,"column":null}},"18":{"start":{"line":69,"column":4},"end":{"line":73,"column":null}},"19":{"start":{"line":76,"column":42},"end":{"line":76,"column":62}},"20":{"start":{"line":78,"column":2},"end":{"line":135,"column":null}},"21":{"start":{"line":81,"column":4},"end":{"line":81,"column":null}},"22":{"start":{"line":81,"column":35},"end":{"line":81,"column":null}},"23":{"start":{"line":84,"column":4},"end":{"line":84,"column":null}},"24":{"start":{"line":87,"column":4},"end":{"line":97,"column":null}},"25":{"start":{"line":88,"column":25},"end":{"line":88,"column":null}},"26":{"start":{"line":89,"column":6},"end":{"line":94,"column":null}},"27":{"start":{"line":90,"column":22},"end":{"line":90,"column":null}},"28":{"start":{"line":91,"column":24},"end":{"line":91,"column":null}},"29":{"start":{"line":92,"column":20},"end":{"line":92,"column":138}},"30":{"start":{"line":93,"column":8},"end":{"line":93,"column":null}},"31":{"start":{"line":96,"column":6},"end":{"line":96,"column":null}},"32":{"start":{"line":100,"column":4},"end":{"line":119,"column":null}},"33":{"start":{"line":101,"column":29},"end":{"line":101,"column":55}},"34":{"start":{"line":102,"column":29},"end":{"line":102,"column":null}},"35":{"start":{"line":103,"column":25},"end":{"line":103,"column":null}},"36":{"start":{"line":105,"column":6},"end":{"line":116,"column":null}},"37":{"start":{"line":106,"column":23},"end":{"line":106,"column":null}},"38":{"start":{"line":107,"column":8},"end":{"line":115,"column":null}},"39":{"start":{"line":118,"column":6},"end":{"line":118,"column":null}},"40":{"start":{"line":122,"column":4},"end":{"line":125,"column":null}},"41":{"start":{"line":128,"column":4},"end":{"line":128,"column":null}},"42":{"start":{"line":129,"column":4},"end":{"line":134,"column":null}}},"fnMap":{"0":{"name":"(anonymous_1)","decl":{"start":{"line":15,"column":14},"end":{"line":15,"column":21}},"loc":{"start":{"line":15,"column":21},"end":{"line":15,"column":null}}},"1":{"name":"submitContactForm","decl":{"start":{"line":35,"column":22},"end":{"line":35,"column":40}},"loc":{"start":{"line":35,"column":87},"end":{"line":136,"column":null}}},"2":{"name":"(anonymous_3)","decl":{"start":{"line":81,"column":22},"end":{"line":81,"column":23}},"loc":{"start":{"line":81,"column":35},"end":{"line":81,"column":null}}}},"branchMap":{"0":{"loc":{"start":{"line":38,"column":2},"end":{"line":45,"column":null}},"type":"if","locations":[{"start":{"line":38,"column":2},"end":{"line":45,"column":null}},{"start":{},"end":{}}]},"1":{"loc":{"start":{"line":38,"column":6},"end":{"line":38,"column":50}},"type":"binary-expr","locations":[{"start":{"line":38,"column":6},"end":{"line":38,"column":18}},{"start":{"line":38,"column":18},"end":{"line":38,"column":50}}]},"2":{"loc":{"start":{"line":49,"column":2},"end":{"line":55,"column":null}},"type":"if","locations":[{"start":{"line":49,"column":2},"end":{"line":55,"column":null}},{"start":{},"end":{}}]},"3":{"loc":{"start":{"line":51,"column":4},"end":{"line":54,"column":null}},"type":"if","locations":[{"start":{"line":51,"column":4},"end":{"line":54,"column":null}},{"start":{},"end":{}}]},"4":{"loc":{"start":{"line":61,"column":11},"end":{"line":61,"column":null}},"type":"binary-expr","locations":[{"start":{"line":61,"column":11},"end":{"line":61,"column":36}},{"start":{"line":61,"column":36},"end":{"line":61,"column":null}}]},"5":{"loc":{"start":{"line":64,"column":13},"end":{"line":64,"column":null}},"type":"binary-expr","locations":[{"start":{"line":64,"column":13},"end":{"line":64,"column":40}},{"start":{"line":64,"column":40},"end":{"line":64,"column":null}}]},"6":{"loc":{"start":{"line":68,"column":2},"end":{"line":74,"column":null}},"type":"if","locations":[{"start":{"line":68,"column":2},"end":{"line":74,"column":null}},{"start":{},"end":{}}]},"7":{"loc":{"start":{"line":88,"column":25},"end":{"line":88,"column":null}},"type":"binary-expr","locations":[{"start":{"line":88,"column":25},"end":{"line":88,"column":48}},{"start":{"line":88,"column":52},"end":{"line":88,"column":null}}]},"8":{"loc":{"start":{"line":89,"column":6},"end":{"line":94,"column":null}},"type":"if","locations":[{"start":{"line":89,"column":6},"end":{"line":94,"column":null}},{"start":{},"end":{}}]},"9":{"loc":{"start":{"line":91,"column":24},"end":{"line":91,"column":null}},"type":"cond-expr","locations":[{"start":{"line":91,"column":47},"end":{"line":91,"column":79}},{"start":{"line":91,"column":79},"end":{"line":91,"column":null}}]},"10":{"loc":{"start":{"line":92,"column":83},"end":{"line":92,"column":114}},"type":"cond-expr","locations":[{"start":{"line":92,"column":91},"end":{"line":92,"column":108}},{"start":{"line":92,"column":111},"end":{"line":92,"column":114}}]},"11":{"loc":{"start":{"line":102,"column":29},"end":{"line":102,"column":null}},"type":"binary-expr","locations":[{"start":{"line":102,"column":29},"end":{"line":102,"column":55}},{"start":{"line":102,"column":59},"end":{"line":102,"column":null}}]},"12":{"loc":{"start":{"line":103,"column":25},"end":{"line":103,"column":null}},"type":"binary-expr","locations":[{"start":{"line":103,"column":25},"end":{"line":103,"column":47}},{"start":{"line":103,"column":51},"end":{"line":103,"column":null}}]},"13":{"loc":{"start":{"line":105,"column":6},"end":{"line":116,"column":null}},"type":"if","locations":[{"start":{"line":105,"column":6},"end":{"line":116,"column":null}},{"start":{},"end":{}}]},"14":{"loc":{"start":{"line":105,"column":10},"end":{"line":105,"column":44}},"type":"binary-expr","locations":[{"start":{"line":105,"column":10},"end":{"line":105,"column":28}},{"start":{"line":105,"column":28},"end":{"line":105,"column":44}}]},"15":{"loc":{"start":{"line":113,"column":19},"end":{"line":113,"column":76}},"type":"cond-expr","locations":[{"start":{"line":113,"column":27},"end":{"line":113,"column":70}},{"start":{"line":113,"column":73},"end":{"line":113,"column":76}}]}},"s":{"0":6,"1":1,"2":1,"3":1,"4":1,"5":1,"6":0,"7":0,"8":0,"9":0,"10":0,"11":0,"12":0,"13":0,"14":0,"15":0,"16":0,"17":0,"18":0,"19":0,"20":0,"21":0,"22":0,"23":0,"24":0,"25":0,"26":0,"27":0,"28":0,"29":0,"30":0,"31":0,"32":0,"33":0,"34":0,"35":0,"36":0,"37":0,"38":0,"39":0,"40":0,"41":0,"42":0},"f":{"0":0,"1":0,"2":0},"b":{"0":[0,0],"1":[0,0],"2":[0,0],"3":[0,0],"4":[0,0],"5":[0,0],"6":[0,0],"7":[0,0],"8":[0,0],"9":[0,0],"10":[0,0],"11":[0,0],"12":[0,0],"13":[0,0],"14":[0,0],"15":[0,0]}}
,"/home/marcin/windsurf/Projects/asia/eduhusdawka_pl/app/admin/sms/page.tsx": {"path":"/home/marcin/windsurf/Projects/asia/eduhusdawka_pl/app/admin/sms/page.tsx","statementMap":{"0":{"start":{"line":9,"column":24},"end":{"line":9,"column":null}},"1":{"start":{"line":4,"column":13},"end":{"line":4,"column":34}},"2":{"start":{"line":2,"column":26},"end":{"line":2,"column":null}},"3":{"start":{"line":4,"column":34},"end":{"line":7,"column":null}}},"fnMap":{"0":{"name":"SMSAdminPage","decl":{"start":{"line":9,"column":24},"end":{"line":9,"column":null}},"loc":{"start":{"line":9,"column":24},"end":{"line":16,"column":null}}}},"branchMap":{},"s":{"0":0,"1":0,"2":0,"3":0},"f":{"0":0},"b":{}}
,"/home/marcin/windsurf/Projects/asia/eduhusdawka_pl/app/api/sms-queue/route.ts": {"path":"/home/marcin/windsurf/Projects/asia/eduhusdawka_pl/app/api/sms-queue/route.ts","statementMap":{"0":{"start":{"line":6,"column":22},"end":{"line":6,"column":26}},"1":{"start":{"line":26,"column":22},"end":{"line":26,"column":27}},"2":{"start":{"line":1,"column":29},"end":{"line":1,"column":null}},"3":{"start":{"line":2,"column":28},"end":{"line":2,"column":null}},"4":{"start":{"line":7,"column":2},"end":{"line":22,"column":null}},"5":{"start":{"line":8,"column":18},"end":{"line":8,"column":null}},"6":{"start":{"line":9,"column":18},"end":{"line":9,"column":null}},"7":{"start":{"line":10,"column":21},"end":{"line":10,"column":null}},"8":{"start":{"line":12,"column":4},"end":{"line":18,"column":null}},"9":{"start":{"line":14,"column":39},"end":{"line":17,"column":null}},"10":{"start":{"line":20,"column":4},"end":{"line":20,"column":null}},"11":{"start":{"line":21,"column":4},"end":{"line":21,"column":null}},"12":{"start":{"line":27,"column":2},"end":{"line":49,"column":null}},"13":{"start":{"line":28,"column":17},"end":{"line":28,"column":null}},"14":{"start":{"line":29,"column":27},"end":{"line":29,"column":null}},"15":{"start":{"line":31,"column":4},"end":{"line":43,"column":null}},"16":{"start":{"line":32,"column":20},"end":{"line":32,"column":null}},"17":{"start":{"line":33,"column":21},"end":{"line":33,"column":null}},"18":{"start":{"line":35,"column":6},"end":{"line":42,"column":null}},"19":{"start":{"line":36,"column":8},"end":{"line":36,"column":null}},"20":{"start":{"line":38,"column":8},"end":{"line":40,"column":null}},"21":{"start":{"line":45,"column":4},"end":{"line":45,"column":null}},"22":{"start":{"line":47,"column":4},"end":{"line":47,"column":null}},"23":{"start":{"line":48,"column":4},"end":{"line":48,"column":null}}},"fnMap":{"0":{"name":"GET","decl":{"start":{"line":6,"column":22},"end":{"line":6,"column":26}},"loc":{"start":{"line":6,"column":43},"end":{"line":23,"column":null}}},"1":{"name":"(anonymous_4)","decl":{"start":{"line":14,"column":29},"end":{"line":14,"column":30}},"loc":{"start":{"line":14,"column":39},"end":{"line":17,"column":null}}},"2":{"name":"POST","decl":{"start":{"line":26,"column":22},"end":{"line":26,"column":27}},"loc":{"start":{"line":26,"column":43},"end":{"line":50,"column":null}}}},"branchMap":{"0":{"loc":{"start":{"line":16,"column":49},"end":{"line":16,"column":84}},"type":"cond-expr","locations":[{"start":{"line":16,"column":75},"end":{"line":16,"column":83}},{"start":{"line":16,"column":83},"end":{"line":16,"column":84}}]},"1":{"loc":{"start":{"line":31,"column":4},"end":{"line":43,"column":null}},"type":"if","locations":[{"start":{"line":31,"column":4},"end":{"line":43,"column":null}},{"start":{},"end":{}}]},"2":{"loc":{"start":{"line":31,"column":8},"end":{"line":31,"column":34}},"type":"binary-expr","locations":[{"start":{"line":31,"column":8},"end":{"line":31,"column":30}},{"start":{"line":31,"column":30},"end":{"line":31,"column":34}}]},"3":{"loc":{"start":{"line":35,"column":6},"end":{"line":42,"column":null}},"type":"if","locations":[{"start":{"line":35,"column":6},"end":{"line":42,"column":null}},{"start":{"line":37,"column":13},"end":{"line":42,"column":null}}]}},"s":{"0":0,"1":0,"2":0,"3":0,"4":0,"5":0,"6":0,"7":0,"8":0,"9":0,"10":0,"11":0,"12":0,"13":0,"14":0,"15":0,"16":0,"17":0,"18":0,"19":0,"20":0,"21":0,"22":0,"23":0},"f":{"0":0,"1":0,"2":0},"b":{"0":[0,0],"1":[0,0],"2":[0,0],"3":[0,0]}}
,"/home/marcin/windsurf/Projects/asia/eduhusdawka_pl/app/artykuly/kiedy-dziecko-potrzebuje-terapii-reki/page.tsx": {"path":"/home/marcin/windsurf/Projects/asia/eduhusdawka_pl/app/artykuly/kiedy-dziecko-potrzebuje-terapii-reki/page.tsx","statementMap":{"0":{"start":{"line":15,"column":24},"end":{"line":15,"column":null}},"1":{"start":{"line":9,"column":13},"end":{"line":9,"column":34}},"2":{"start":{"line":2,"column":19},"end":{"line":2,"column":null}},"3":{"start":{"line":3,"column":19},"end":{"line":3,"column":null}},"4":{"start":{"line":4,"column":28},"end":{"line":4,"column":null}},"5":{"start":{"line":5,"column":74},"end":{"line":5,"column":null}},"6":{"start":{"line":6,"column":17},"end":{"line":6,"column":null}},"7":{"start":{"line":7,"column":25},"end":{"line":7,"column":null}},"8":{"start":{"line":9,"column":34},"end":{"line":13,"column":null}},"9":{"start":{"line":93,"column":20},"end":{"line":93,"column":37}},"10":{"start":{"line":146,"column":20},"end":{"line":146,"column":37}}},"fnMap":{"0":{"name":"KiedyDzieckoTerapiaRekiPage","decl":{"start":{"line":15,"column":24},"end":{"line":15,"column":null}},"loc":{"start":{"line":15,"column":24},"end":{"line":185,"column":null}}},"1":{"name":"(anonymous_5)","decl":{"start":{"line":92,"column":24},"end":{"line":92,"column":25}},"loc":{"start":{"line":93,"column":20},"end":{"line":93,"column":37}}},"2":{"name":"(anonymous_6)","decl":{"start":{"line":145,"column":24},"end":{"line":145,"column":25}},"loc":{"start":{"line":146,"column":20},"end":{"line":146,"column":37}}}},"branchMap":{},"s":{"0":0,"1":0,"2":0,"3":0,"4":0,"5":0,"6":0,"7":0,"8":0,"9":0,"10":0},"f":{"0":0,"1":0,"2":0},"b":{}}
,"/home/marcin/windsurf/Projects/asia/eduhusdawka_pl/app/artykuly/problemy-z-koncentracja-u-dzieci/page.tsx": {"path":"/home/marcin/windsurf/Projects/asia/eduhusdawka_pl/app/artykuly/problemy-z-koncentracja-u-dzieci/page.tsx","statementMap":{"0":{"start":{"line":15,"column":24},"end":{"line":15,"column":null}},"1":{"start":{"line":9,"column":13},"end":{"line":9,"column":34}},"2":{"start":{"line":2,"column":19},"end":{"line":2,"column":null}},"3":{"start":{"line":3,"column":19},"end":{"line":3,"column":null}},"4":{"start":{"line":4,"column":28},"end":{"line":4,"column":null}},"5":{"start":{"line":5,"column":83},"end":{"line":5,"column":null}},"6":{"start":{"line":6,"column":17},"end":{"line":6,"column":null}},"7":{"start":{"line":7,"column":25},"end":{"line":7,"column":null}},"8":{"start":{"line":9,"column":34},"end":{"line":13,"column":null}},"9":{"start":{"line":96,"column":24},"end":{"line":96,"column":40}},"10":{"start":{"line":118,"column":24},"end":{"line":118,"column":40}},"11":{"start":{"line":174,"column":20},"end":{"line":174,"column":37}}},"fnMap":{"0":{"name":"ProblemowyKoncentracjaPage","decl":{"start":{"line":15,"column":24},"end":{"line":15,"column":null}},"loc":{"start":{"line":15,"column":24},"end":{"line":239,"column":null}}},"1":{"name":"(anonymous_5)","decl":{"start":{"line":95,"column":28},"end":{"line":95,"column":29}},"loc":{"start":{"line":96,"column":24},"end":{"line":96,"column":40}}},"2":{"name":"(anonymous_6)","decl":{"start":{"line":117,"column":28},"end":{"line":117,"column":29}},"loc":{"start":{"line":118,"column":24},"end":{"line":118,"column":40}}},"3":{"name":"(anonymous_7)","decl":{"start":{"line":173,"column":24},"end":{"line":173,"column":25}},"loc":{"start":{"line":174,"column":20},"end":{"line":174,"column":37}}}},"branchMap":{},"s":{"0":0,"1":0,"2":0,"3":0,"4":0,"5":0,"6":0,"7":0,"8":0,"9":0,"10":0,"11":0},"f":{"0":0,"1":0,"2":0,"3":0},"b":{}}
,"/home/marcin/windsurf/Projects/asia/eduhusdawka_pl/app/artykuly/umiejetnosci-spoleczne-dlaczego-wazne/page.tsx": {"path":"/home/marcin/windsurf/Projects/asia/eduhusdawka_pl/app/artykuly/umiejetnosci-spoleczne-dlaczego-wazne/page.tsx","statementMap":{"0":{"start":{"line":15,"column":24},"end":{"line":15,"column":null}},"1":{"start":{"line":9,"column":13},"end":{"line":9,"column":34}},"2":{"start":{"line":2,"column":19},"end":{"line":2,"column":null}},"3":{"start":{"line":3,"column":19},"end":{"line":3,"column":null}},"4":{"start":{"line":4,"column":28},"end":{"line":4,"column":null}},"5":{"start":{"line":5,"column":82},"end":{"line":5,"column":null}},"6":{"start":{"line":6,"column":17},"end":{"line":6,"column":null}},"7":{"start":{"line":7,"column":25},"end":{"line":7,"column":null}},"8":{"start":{"line":9,"column":34},"end":{"line":13,"column":null}},"9":{"start":{"line":108,"column":20},"end":{"line":108,"column":37}},"10":{"start":{"line":134,"column":20},"end":{"line":134,"column":37}},"11":{"start":{"line":160,"column":20},"end":{"line":160,"column":37}}},"fnMap":{"0":{"name":"UmiejetnosciSpolecznePage","decl":{"start":{"line":15,"column":24},"end":{"line":15,"column":null}},"loc":{"start":{"line":15,"column":24},"end":{"line":270,"column":null}}},"1":{"name":"(anonymous_5)","decl":{"start":{"line":107,"column":24},"end":{"line":107,"column":25}},"loc":{"start":{"line":108,"column":20},"end":{"line":108,"column":37}}},"2":{"name":"(anonymous_6)","decl":{"start":{"line":133,"column":24},"end":{"line":133,"column":25}},"loc":{"start":{"line":134,"column":20},"end":{"line":134,"column":37}}},"3":{"name":"(anonymous_7)","decl":{"start":{"line":159,"column":24},"end":{"line":159,"column":25}},"loc":{"start":{"line":160,"column":20},"end":{"line":160,"column":37}}}},"branchMap":{},"s":{"0":0,"1":0,"2":0,"3":0,"4":0,"5":0,"6":0,"7":0,"8":0,"9":0,"10":0,"11":0},"f":{"0":0,"1":0,"2":0,"3":0},"b":{}}
,"/home/marcin/windsurf/Projects/asia/eduhusdawka_pl/app/blog/[slug]/page.tsx": {"path":"/home/marcin/windsurf/Projects/asia/eduhusdawka_pl/app/blog/[slug]/page.tsx","statementMap":{"0":{"start":{"line":57,"column":30},"end":{"line":57,"column":43}},"1":{"start":{"line":19,"column":22},"end":{"line":19,"column":39}},"2":{"start":{"line":51,"column":22},"end":{"line":51,"column":null}},"3":{"start":{"line":1,"column":25},"end":{"line":1,"column":null}},"4":{"start":{"line":2,"column":25},"end":{"line":2,"column":null}},"5":{"start":{"line":3,"column":26},"end":{"line":3,"column":null}},"6":{"start":{"line":4,"column":18},"end":{"line":4,"column":null}},"7":{"start":{"line":5,"column":36},"end":{"line":5,"column":null}},"8":{"start":{"line":6,"column":19},"end":{"line":6,"column":null}},"9":{"start":{"line":7,"column":19},"end":{"line":7,"column":null}},"10":{"start":{"line":8,"column":17},"end":{"line":8,"column":null}},"11":{"start":{"line":9,"column":23},"end":{"line":9,"column":null}},"12":{"start":{"line":10,"column":31},"end":{"line":10,"column":null}},"13":{"start":{"line":20,"column":19},"end":{"line":20,"column":null}},"14":{"start":{"line":21,"column":15},"end":{"line":21,"column":null}},"15":{"start":{"line":21,"column":40},"end":{"line":21,"column":null}},"16":{"start":{"line":23,"column":2},"end":{"line":28,"column":null}},"17":{"start":{"line":24,"column":4},"end":{"line":27,"column":null}},"18":{"start":{"line":30,"column":2},"end":{"line":48,"column":null}},"19":{"start":{"line":52,"column":2},"end":{"line":54,"column":null}},"20":{"start":{"line":52,"column":34},"end":{"line":54,"column":null}},"21":{"start":{"line":58,"column":19},"end":{"line":58,"column":null}},"22":{"start":{"line":59,"column":15},"end":{"line":59,"column":null}},"23":{"start":{"line":59,"column":40},"end":{"line":59,"column":null}},"24":{"start":{"line":61,"column":2},"end":{"line":63,"column":null}},"25":{"start":{"line":62,"column":4},"end":{"line":62,"column":null}},"26":{"start":{"line":106,"column":22},"end":{"line":107,"column":null}}},"fnMap":{"0":{"name":"generateMetadata","decl":{"start":{"line":19,"column":22},"end":{"line":19,"column":39}},"loc":{"start":{"line":19,"column":68},"end":{"line":49,"column":null}}},"1":{"name":"(anonymous_6)","decl":{"start":{"line":21,"column":30},"end":{"line":21,"column":31}},"loc":{"start":{"line":21,"column":40},"end":{"line":21,"column":null}}},"2":{"name":"generateStaticParams","decl":{"start":{"line":51,"column":22},"end":{"line":51,"column":null}},"loc":{"start":{"line":51,"column":22},"end":{"line":55,"column":null}}},"3":{"name":"(anonymous_8)","decl":{"start":{"line":52,"column":23},"end":{"line":52,"column":24}},"loc":{"start":{"line":52,"column":34},"end":{"line":54,"column":null}}},"4":{"name":"BlogPostPage","decl":{"start":{"line":57,"column":30},"end":{"line":57,"column":43}},"loc":{"start":{"line":57,"column":72},"end":{"line":158,"column":null}}},"5":{"name":"(anonymous_10)","decl":{"start":{"line":59,"column":30},"end":{"line":59,"column":31}},"loc":{"start":{"line":59,"column":40},"end":{"line":59,"column":null}}},"6":{"name":"(anonymous_11)","decl":{"start":{"line":105,"column":35},"end":{"line":105,"column":36}},"loc":{"start":{"line":106,"column":22},"end":{"line":107,"column":null}}}},"branchMap":{"0":{"loc":{"start":{"line":23,"column":2},"end":{"line":28,"column":null}},"type":"if","locations":[{"start":{"line":23,"column":2},"end":{"line":28,"column":null}},{"start":{},"end":{}}]},"1":{"loc":{"start":{"line":61,"column":2},"end":{"line":63,"column":null}},"type":"if","locations":[{"start":{"line":61,"column":2},"end":{"line":63,"column":null}},{"start":{},"end":{}}]},"2":{"loc":{"start":{"line":75,"column":23},"end":{"line":75,"column":null}},"type":"binary-expr","locations":[{"start":{"line":75,"column":23},"end":{"line":75,"column":36}},{"start":{"line":75,"column":40},"end":{"line":75,"column":null}}]}},"s":{"0":0,"1":0,"2":0,"3":0,"4":0,"5":0,"6":0,"7":0,"8":0,"9":0,"10":0,"11":0,"12":0,"13":0,"14":0,"15":0,"16":0,"17":0,"18":0,"19":0,"20":0,"21":0,"22":0,"23":0,"24":0,"25":0,"26":0},"f":{"0":0,"1":0,"2":0,"3":0,"4":0,"5":0,"6":0},"b":{"0":[0,0],"1":[0,0],"2":[0,0]}}
,"/home/marcin/windsurf/Projects/asia/eduhusdawka_pl/app/mapa-strony/page.tsx": {"path":"/home/marcin/windsurf/Projects/asia/eduhusdawka_pl/app/mapa-strony/page.tsx","statementMap":{"0":{"start":{"line":21,"column":24},"end":{"line":21,"column":null}},"1":{"start":{"line":7,"column":13},"end":{"line":7,"column":34}},"2":{"start":{"line":1,"column":17},"end":{"line":1,"column":null}},"3":{"start":{"line":2,"column":19},"end":{"line":2,"column":null}},"4":{"start":{"line":3,"column":19},"end":{"line":3,"column":null}},"5":{"start":{"line":4,"column":26},"end":{"line":4,"column":null}},"6":{"start":{"line":7,"column":34},"end":{"line":10,"column":null}},"7":{"start":{"line":13,"column":17},"end":{"line":19,"column":null}},"8":{"start":{"line":68,"column":22},"end":{"line":68,"column":null}},"9":{"start":{"line":81,"column":22},"end":{"line":81,"column":null}}},"fnMap":{"0":{"name":"SitemapPage","decl":{"start":{"line":21,"column":24},"end":{"line":21,"column":null}},"loc":{"start":{"line":21,"column":24},"end":{"line":135,"column":null}}},"1":{"name":"(anonymous_5)","decl":{"start":{"line":67,"column":34},"end":{"line":67,"column":35}},"loc":{"start":{"line":68,"column":22},"end":{"line":68,"column":null}}},"2":{"name":"(anonymous_6)","decl":{"start":{"line":80,"column":35},"end":{"line":80,"column":36}},"loc":{"start":{"line":81,"column":22},"end":{"line":81,"column":null}}}},"branchMap":{},"s":{"0":0,"1":0,"2":0,"3":0,"4":0,"5":0,"6":0,"7":0,"8":0,"9":0},"f":{"0":0,"1":0,"2":0},"b":{}}
,"/home/marcin/windsurf/Projects/asia/eduhusdawka_pl/app/o-mnie/AboutPageClient.tsx": {"path":"/home/marcin/windsurf/Projects/asia/eduhusdawka_pl/app/o-mnie/AboutPageClient.tsx","statementMap":{"0":{"start":{"line":9,"column":24},"end":{"line":9,"column":null}},"1":{"start":{"line":2,"column":19},"end":{"line":2,"column":null}},"2":{"start":{"line":3,"column":19},"end":{"line":3,"column":null}},"3":{"start":{"line":4,"column":28},"end":{"line":4,"column":null}},"4":{"start":{"line":5,"column":25},"end":{"line":5,"column":null}},"5":{"start":{"line":6,"column":23},"end":{"line":6,"column":null}},"6":{"start":{"line":7,"column":83},"end":{"line":7,"column":null}},"7":{"start":{"line":169,"column":18},"end":{"line":169,"column":35}},"8":{"start":{"line":188,"column":34},"end":{"line":188,"column":null}},"9":{"start":{"line":197,"column":33},"end":{"line":197,"column":null}}},"fnMap":{"0":{"name":"AboutPageClient","decl":{"start":{"line":9,"column":24},"end":{"line":9,"column":null}},"loc":{"start":{"line":9,"column":24},"end":{"line":211,"column":null}}},"1":{"name":"(anonymous_3)","decl":{"start":{"line":168,"column":22},"end":{"line":168,"column":23}},"loc":{"start":{"line":169,"column":18},"end":{"line":169,"column":35}}},"2":{"name":"(anonymous_4)","decl":{"start":{"line":188,"column":27},"end":{"line":188,"column":34}},"loc":{"start":{"line":188,"column":34},"end":{"line":188,"column":null}}},"3":{"name":"(anonymous_5)","decl":{"start":{"line":197,"column":27},"end":{"line":197,"column":33}},"loc":{"start":{"line":197,"column":33},"end":{"line":197,"column":null}}}},"branchMap":{},"s":{"0":0,"1":0,"2":0,"3":0,"4":0,"5":0,"6":0,"7":0,"8":0,"9":0},"f":{"0":0,"1":0,"2":0,"3":0},"b":{}}
,"/home/marcin/windsurf/Projects/asia/eduhusdawka_pl/app/o-mnie/page.tsx": {"path":"/home/marcin/windsurf/Projects/asia/eduhusdawka_pl/app/o-mnie/page.tsx","statementMap":{"0":{"start":{"line":10,"column":24},"end":{"line":10,"column":null}},"1":{"start":{"line":4,"column":13},"end":{"line":4,"column":34}},"2":{"start":{"line":2,"column":28},"end":{"line":2,"column":null}},"3":{"start":{"line":4,"column":34},"end":{"line":8,"column":null}},"4":{"start":{"line":11,"column":2},"end":{"line":11,"column":null}}},"fnMap":{"0":{"name":"AboutPage","decl":{"start":{"line":10,"column":24},"end":{"line":10,"column":null}},"loc":{"start":{"line":10,"column":24},"end":{"line":12,"column":null}}}},"branchMap":{},"s":{"0":0,"1":0,"2":0,"3":0,"4":0},"f":{"0":0},"b":{}}
,"/home/marcin/windsurf/Projects/asia/eduhusdawka_pl/app/polityka-cookies/page.tsx": {"path":"/home/marcin/windsurf/Projects/asia/eduhusdawka_pl/app/polityka-cookies/page.tsx","statementMap":{"0":{"start":{"line":12,"column":24},"end":{"line":12,"column":null}},"1":{"start":{"line":7,"column":13},"end":{"line":7,"column":34}},"2":{"start":{"line":1,"column":19},"end":{"line":1,"column":null}},"3":{"start":{"line":2,"column":19},"end":{"line":2,"column":null}},"4":{"start":{"line":3,"column":17},"end":{"line":3,"column":null}},"5":{"start":{"line":4,"column":23},"end":{"line":4,"column":null}},"6":{"start":{"line":7,"column":34},"end":{"line":10,"column":null}}},"fnMap":{"0":{"name":"CookiePolicyPage","decl":{"start":{"line":12,"column":24},"end":{"line":12,"column":null}},"loc":{"start":{"line":12,"column":24},"end":{"line":198,"column":null}}}},"branchMap":{},"s":{"0":0,"1":0,"2":0,"3":0,"4":0,"5":0,"6":0},"f":{"0":0},"b":{}}
,"/home/marcin/windsurf/Projects/asia/eduhusdawka_pl/app/polityka-prywatnosci/page.tsx": {"path":"/home/marcin/windsurf/Projects/asia/eduhusdawka_pl/app/polityka-prywatnosci/page.tsx","statementMap":{"0":{"start":{"line":10,"column":24},"end":{"line":10,"column":null}},"1":{"start":{"line":5,"column":13},"end":{"line":5,"column":34}},"2":{"start":{"line":1,"column":19},"end":{"line":1,"column":null}},"3":{"start":{"line":2,"column":19},"end":{"line":2,"column":null}},"4":{"start":{"line":5,"column":34},"end":{"line":8,"column":null}}},"fnMap":{"0":{"name":"PrivacyPolicyPage","decl":{"start":{"line":10,"column":24},"end":{"line":10,"column":null}},"loc":{"start":{"line":10,"column":24},"end":{"line":98,"column":null}}}},"branchMap":{},"s":{"0":0,"1":0,"2":0,"3":0,"4":0},"f":{"0":0},"b":{}}
,"/home/marcin/windsurf/Projects/asia/eduhusdawka_pl/app/rezerwacja/page.tsx": {"path":"/home/marcin/windsurf/Projects/asia/eduhusdawka_pl/app/rezerwacja/page.tsx","statementMap":{"0":{"start":{"line":13,"column":24},"end":{"line":13,"column":null}},"1":{"start":{"line":4,"column":19},"end":{"line":4,"column":null}},"2":{"start":{"line":5,"column":19},"end":{"line":5,"column":null}},"3":{"start":{"line":6,"column":28},"end":{"line":6,"column":null}},"4":{"start":{"line":7,"column":73},"end":{"line":7,"column":null}},"5":{"start":{"line":8,"column":23},"end":{"line":8,"column":null}},"6":{"start":{"line":14,"column":19},"end":{"line":75,"column":null}},"7":{"start":{"line":77,"column":26},"end":{"line":79,"column":null}},"8":{"start":{"line":78,"column":4},"end":{"line":78,"column":null}},"9":{"start":{"line":81,"column":25},"end":{"line":84,"column":null}},"10":{"start":{"line":82,"column":20},"end":{"line":82,"column":null}},"11":{"start":{"line":83,"column":4},"end":{"line":83,"column":null}},"12":{"start":{"line":86,"column":22},"end":{"line":110,"column":null}},"13":{"start":{"line":87,"column":20},"end":{"line":87,"column":null}},"14":{"start":{"line":88,"column":17},"end":{"line":107,"column":13}},"15":{"start":{"line":109,"column":4},"end":{"line":109,"column":null}},"16":{"start":{"line":151,"column":16},"end":{"line":151,"column":33}}},"fnMap":{"0":{"name":"RezerwacjaPage","decl":{"start":{"line":13,"column":24},"end":{"line":13,"column":null}},"loc":{"start":{"line":13,"column":24},"end":{"line":270,"column":null}}},"1":{"name":"(anonymous_3)","decl":{"start":{"line":77,"column":26},"end":{"line":77,"column":null}},"loc":{"start":{"line":77,"column":26},"end":{"line":79,"column":null}}},"2":{"name":"(anonymous_4)","decl":{"start":{"line":81,"column":25},"end":{"line":81,"column":null}},"loc":{"start":{"line":81,"column":25},"end":{"line":84,"column":null}}},"3":{"name":"(anonymous_5)","decl":{"start":{"line":86,"column":22},"end":{"line":86,"column":null}},"loc":{"start":{"line":86,"column":22},"end":{"line":110,"column":null}}},"4":{"name":"(anonymous_6)","decl":{"start":{"line":150,"column":28},"end":{"line":150,"column":29}},"loc":{"start":{"line":151,"column":16},"end":{"line":151,"column":33}}}},"branchMap":{},"s":{"0":0,"1":0,"2":0,"3":0,"4":0,"5":0,"6":0,"7":0,"8":0,"9":0,"10":0,"11":0,"12":0,"13":0,"14":0,"15":0,"16":0},"f":{"0":0,"1":0,"2":0,"3":0,"4":0},"b":{}}
,"/home/marcin/windsurf/Projects/asia/eduhusdawka_pl/app/uslugi/loading.tsx": {"path":"/home/marcin/windsurf/Projects/asia/eduhusdawka_pl/app/uslugi/loading.tsx","statementMap":{"0":{"start":{"line":3,"column":24},"end":{"line":3,"column":null}},"1":{"start":{"line":1,"column":31},"end":{"line":1,"column":null}},"2":{"start":{"line":4,"column":2},"end":{"line":5,"column":null}}},"fnMap":{"0":{"name":"Loading","decl":{"start":{"line":3,"column":24},"end":{"line":3,"column":null}},"loc":{"start":{"line":3,"column":24},"end":{"line":7,"column":null}}}},"branchMap":{},"s":{"0":0,"1":0,"2":0},"f":{"0":0},"b":{}}
,"/home/marcin/windsurf/Projects/asia/eduhusdawka_pl/app/uslugi/metadata.ts": {"path":"/home/marcin/windsurf/Projects/asia/eduhusdawka_pl/app/uslugi/metadata.ts","statementMap":{"0":{"start":{"line":3,"column":13},"end":{"line":3,"column":34}},"1":{"start":{"line":3,"column":34},"end":{"line":20,"column":null}}},"fnMap":{},"branchMap":{},"s":{"0":0,"1":0},"f":{},"b":{}}
,"/home/marcin/windsurf/Projects/asia/eduhusdawka_pl/app/uslugi/page.tsx": {"path":"/home/marcin/windsurf/Projects/asia/eduhusdawka_pl/app/uslugi/page.tsx","statementMap":{"0":{"start":{"line":89,"column":24},"end":{"line":89,"column":null}},"1":{"start":{"line":8,"column":13},"end":{"line":8,"column":34}},"2":{"start":{"line":2,"column":19},"end":{"line":2,"column":null}},"3":{"start":{"line":3,"column":19},"end":{"line":3,"column":null}},"4":{"start":{"line":4,"column":28},"end":{"line":4,"column":null}},"5":{"start":{"line":5,"column":77},"end":{"line":5,"column":null}},"6":{"start":{"line":6,"column":17},"end":{"line":6,"column":null}},"7":{"start":{"line":8,"column":34},"end":{"line":12,"column":null}},"8":{"start":{"line":14,"column":17},"end":{"line":87,"column":null}},"9":{"start":{"line":112,"column":38},"end":{"line":112,"column":50}},"10":{"start":{"line":113,"column":16},"end":{"line":115,"column":null}}},"fnMap":{"0":{"name":"UslugiPage","decl":{"start":{"line":89,"column":24},"end":{"line":89,"column":null}},"loc":{"start":{"line":89,"column":24},"end":{"line":170,"column":null}}},"1":{"name":"(anonymous_5)","decl":{"start":{"line":111,"column":28},"end":{"line":111,"column":29}},"loc":{"start":{"line":111,"column":29},"end":{"line":140,"column":null}}}},"branchMap":{},"s":{"0":0,"1":0,"2":0,"3":0,"4":0,"5":0,"6":0,"7":0,"8":0,"9":0,"10":0},"f":{"0":0,"1":0},"b":{}}
,"/home/marcin/windsurf/Projects/asia/eduhusdawka_pl/app/uslugi/forbrain/page.tsx": {"path":"/home/marcin/windsurf/Projects/asia/eduhusdawka_pl/app/uslugi/forbrain/page.tsx","statementMap":{"0":{"start":{"line":14,"column":24},"end":{"line":14,"column":null}},"1":{"start":{"line":8,"column":13},"end":{"line":8,"column":34}},"2":{"start":{"line":2,"column":19},"end":{"line":2,"column":null}},"3":{"start":{"line":3,"column":19},"end":{"line":3,"column":null}},"4":{"start":{"line":4,"column":28},"end":{"line":4,"column":null}},"5":{"start":{"line":5,"column":75},"end":{"line":5,"column":null}},"6":{"start":{"line":6,"column":25},"end":{"line":6,"column":null}},"7":{"start":{"line":8,"column":34},"end":{"line":12,"column":null}}},"fnMap":{"0":{"name":"ForbrainPage","decl":{"start":{"line":14,"column":24},"end":{"line":14,"column":null}},"loc":{"start":{"line":14,"column":24},"end":{"line":186,"column":null}}}},"branchMap":{},"s":{"0":0,"1":0,"2":0,"3":0,"4":0,"5":0,"6":0,"7":0},"f":{"0":0},"b":{}}
,"/home/marcin/windsurf/Projects/asia/eduhusdawka_pl/app/uslugi/indywidualna-stymulacja-sluchu-johansena/page.tsx": {"path":"/home/marcin/windsurf/Projects/asia/eduhusdawka_pl/app/uslugi/indywidualna-stymulacja-sluchu-johansena/page.tsx","statementMap":{"0":{"start":{"line":14,"column":24},"end":{"line":14,"column":null}},"1":{"start":{"line":8,"column":13},"end":{"line":8,"column":34}},"2":{"start":{"line":2,"column":19},"end":{"line":2,"column":null}},"3":{"start":{"line":3,"column":19},"end":{"line":3,"column":null}},"4":{"start":{"line":4,"column":28},"end":{"line":4,"column":null}},"5":{"start":{"line":5,"column":90},"end":{"line":5,"column":null}},"6":{"start":{"line":6,"column":25},"end":{"line":6,"column":null}},"7":{"start":{"line":8,"column":34},"end":{"line":12,"column":null}},"8":{"start":{"line":171,"column":16},"end":{"line":171,"column":33}},"9":{"start":{"line":324,"column":16},"end":{"line":324,"column":33}}},"fnMap":{"0":{"name":"IASJohansenPage","decl":{"start":{"line":14,"column":24},"end":{"line":14,"column":null}},"loc":{"start":{"line":14,"column":24},"end":{"line":425,"column":null}}},"1":{"name":"(anonymous_5)","decl":{"start":{"line":170,"column":20},"end":{"line":170,"column":21}},"loc":{"start":{"line":171,"column":16},"end":{"line":171,"column":33}}},"2":{"name":"(anonymous_6)","decl":{"start":{"line":323,"column":20},"end":{"line":323,"column":21}},"loc":{"start":{"line":324,"column":16},"end":{"line":324,"column":33}}}},"branchMap":{},"s":{"0":0,"1":0,"2":0,"3":0,"4":0,"5":0,"6":0,"7":0,"8":0,"9":0},"f":{"0":0,"1":0,"2":0},"b":{}}
,"/home/marcin/windsurf/Projects/asia/eduhusdawka_pl/app/uslugi/korp/page.tsx": {"path":"/home/marcin/windsurf/Projects/asia/eduhusdawka_pl/app/uslugi/korp/page.tsx","statementMap":{"0":{"start":{"line":15,"column":24},"end":{"line":15,"column":null}},"1":{"start":{"line":9,"column":13},"end":{"line":9,"column":34}},"2":{"start":{"line":2,"column":19},"end":{"line":2,"column":null}},"3":{"start":{"line":3,"column":19},"end":{"line":3,"column":null}},"4":{"start":{"line":4,"column":28},"end":{"line":4,"column":null}},"5":{"start":{"line":5,"column":103},"end":{"line":5,"column":null}},"6":{"start":{"line":6,"column":17},"end":{"line":6,"column":null}},"7":{"start":{"line":7,"column":25},"end":{"line":7,"column":null}},"8":{"start":{"line":9,"column":34},"end":{"line":13,"column":null}}},"fnMap":{"0":{"name":"KORPPage","decl":{"start":{"line":15,"column":24},"end":{"line":15,"column":null}},"loc":{"start":{"line":15,"column":24},"end":{"line":324,"column":null}}}},"branchMap":{},"s":{"0":0,"1":0,"2":0,"3":0,"4":0,"5":0,"6":0,"7":0,"8":0},"f":{"0":0},"b":{}}
,"/home/marcin/windsurf/Projects/asia/eduhusdawka_pl/app/uslugi/terapia-dla-dzieci-z-autyzmem/page.tsx": {"path":"/home/marcin/windsurf/Projects/asia/eduhusdawka_pl/app/uslugi/terapia-dla-dzieci-z-autyzmem/page.tsx","statementMap":{"0":{"start":{"line":16,"column":24},"end":{"line":16,"column":null}},"1":{"start":{"line":9,"column":13},"end":{"line":9,"column":34}},"2":{"start":{"line":1,"column":19},"end":{"line":1,"column":null}},"3":{"start":{"line":2,"column":19},"end":{"line":2,"column":null}},"4":{"start":{"line":3,"column":28},"end":{"line":3,"column":null}},"5":{"start":{"line":5,"column":18},"end":{"line":5,"column":null}},"6":{"start":{"line":6,"column":57},"end":{"line":6,"column":null}},"7":{"start":{"line":9,"column":34},"end":{"line":14,"column":null}}},"fnMap":{"0":{"name":"TerapiaDzieciZAutyzmemPage","decl":{"start":{"line":16,"column":24},"end":{"line":16,"column":null}},"loc":{"start":{"line":16,"column":24},"end":{"line":367,"column":null}}}},"branchMap":{},"s":{"0":0,"1":0,"2":0,"3":0,"4":0,"5":0,"6":0,"7":0},"f":{"0":0},"b":{}}
,"/home/marcin/windsurf/Projects/asia/eduhusdawka_pl/app/uslugi/terapia-pedagogiczna/page.tsx": {"path":"/home/marcin/windsurf/Projects/asia/eduhusdawka_pl/app/uslugi/terapia-pedagogiczna/page.tsx","statementMap":{"0":{"start":{"line":14,"column":24},"end":{"line":14,"column":null}},"1":{"start":{"line":8,"column":13},"end":{"line":8,"column":34}},"2":{"start":{"line":2,"column":19},"end":{"line":2,"column":null}},"3":{"start":{"line":3,"column":19},"end":{"line":3,"column":null}},"4":{"start":{"line":4,"column":28},"end":{"line":4,"column":null}},"5":{"start":{"line":5,"column":99},"end":{"line":5,"column":null}},"6":{"start":{"line":6,"column":25},"end":{"line":6,"column":null}},"7":{"start":{"line":8,"column":34},"end":{"line":12,"column":null}},"8":{"start":{"line":208,"column":16},"end":{"line":208,"column":33}}},"fnMap":{"0":{"name":"TerapiaPedagogicznaPage","decl":{"start":{"line":14,"column":24},"end":{"line":14,"column":null}},"loc":{"start":{"line":14,"column":24},"end":{"line":255,"column":null}}},"1":{"name":"(anonymous_5)","decl":{"start":{"line":207,"column":20},"end":{"line":207,"column":21}},"loc":{"start":{"line":208,"column":16},"end":{"line":208,"column":33}}}},"branchMap":{},"s":{"0":0,"1":0,"2":0,"3":0,"4":0,"5":0,"6":0,"7":0,"8":0},"f":{"0":0,"1":0},"b":{}}
,"/home/marcin/windsurf/Projects/asia/eduhusdawka_pl/app/uslugi/terapia-reki/page.tsx": {"path":"/home/marcin/windsurf/Projects/asia/eduhusdawka_pl/app/uslugi/terapia-reki/page.tsx","statementMap":{"0":{"start":{"line":14,"column":24},"end":{"line":14,"column":null}},"1":{"start":{"line":8,"column":13},"end":{"line":8,"column":34}},"2":{"start":{"line":2,"column":19},"end":{"line":2,"column":null}},"3":{"start":{"line":3,"column":19},"end":{"line":3,"column":null}},"4":{"start":{"line":4,"column":28},"end":{"line":4,"column":null}},"5":{"start":{"line":5,"column":75},"end":{"line":5,"column":null}},"6":{"start":{"line":6,"column":25},"end":{"line":6,"column":null}},"7":{"start":{"line":8,"column":34},"end":{"line":12,"column":null}}},"fnMap":{"0":{"name":"TerapiaRekiPage","decl":{"start":{"line":14,"column":24},"end":{"line":14,"column":null}},"loc":{"start":{"line":14,"column":24},"end":{"line":201,"column":null}}}},"branchMap":{},"s":{"0":0,"1":0,"2":0,"3":0,"4":0,"5":0,"6":0,"7":0},"f":{"0":0},"b":{}}
,"/home/marcin/windsurf/Projects/asia/eduhusdawka_pl/app/uslugi/trening-sluchowy-johansena/page.tsx": {"path":"/home/marcin/windsurf/Projects/asia/eduhusdawka_pl/app/uslugi/trening-sluchowy-johansena/page.tsx","statementMap":{"0":{"start":{"line":14,"column":24},"end":{"line":14,"column":null}},"1":{"start":{"line":8,"column":13},"end":{"line":8,"column":34}},"2":{"start":{"line":2,"column":19},"end":{"line":2,"column":null}},"3":{"start":{"line":3,"column":19},"end":{"line":3,"column":null}},"4":{"start":{"line":4,"column":28},"end":{"line":4,"column":null}},"5":{"start":{"line":5,"column":77},"end":{"line":5,"column":null}},"6":{"start":{"line":6,"column":25},"end":{"line":6,"column":null}},"7":{"start":{"line":8,"column":34},"end":{"line":12,"column":null}}},"fnMap":{"0":{"name":"TreningSluchowyJohansenaPage","decl":{"start":{"line":14,"column":24},"end":{"line":14,"column":null}},"loc":{"start":{"line":14,"column":24},"end":{"line":217,"column":null}}}},"branchMap":{},"s":{"0":0,"1":0,"2":0,"3":0,"4":0,"5":0,"6":0,"7":0},"f":{"0":0},"b":{}}
,"/home/marcin/windsurf/Projects/asia/eduhusdawka_pl/app/uslugi/trening-umiejetnosci-spolecznych/TreningUmiejetnosciSpolecznychClientPage.tsx": {"path":"/home/marcin/windsurf/Projects/asia/eduhusdawka_pl/app/uslugi/trening-umiejetnosci-spolecznych/TreningUmiejetnosciSpolecznychClientPage.tsx","statementMap":{"0":{"start":{"line":11,"column":24},"end":{"line":11,"column":null}},"1":{"start":{"line":3,"column":19},"end":{"line":3,"column":null}},"2":{"start":{"line":4,"column":19},"end":{"line":4,"column":null}},"3":{"start":{"line":5,"column":28},"end":{"line":5,"column":null}},"4":{"start":{"line":6,"column":25},"end":{"line":6,"column":null}},"5":{"start":{"line":7,"column":23},"end":{"line":7,"column":null}},"6":{"start":{"line":8,"column":57},"end":{"line":8,"column":null}},"7":{"start":{"line":9,"column":77},"end":{"line":9,"column":null}},"8":{"start":{"line":40,"column":36},"end":{"line":40,"column":null}},"9":{"start":{"line":49,"column":35},"end":{"line":49,"column":null}},"10":{"start":{"line":406,"column":38},"end":{"line":406,"column":null}},"11":{"start":{"line":425,"column":38},"end":{"line":425,"column":null}}},"fnMap":{"0":{"name":"TreningUmiejetnosciSpolecznychClientPage","decl":{"start":{"line":11,"column":24},"end":{"line":11,"column":null}},"loc":{"start":{"line":11,"column":24},"end":{"line":440,"column":null}}},"1":{"name":"(anonymous_3)","decl":{"start":{"line":40,"column":29},"end":{"line":40,"column":36}},"loc":{"start":{"line":40,"column":36},"end":{"line":40,"column":null}}},"2":{"name":"(anonymous_4)","decl":{"start":{"line":49,"column":29},"end":{"line":49,"column":35}},"loc":{"start":{"line":49,"column":35},"end":{"line":49,"column":null}}},"3":{"name":"(anonymous_5)","decl":{"start":{"line":406,"column":31},"end":{"line":406,"column":38}},"loc":{"start":{"line":406,"column":38},"end":{"line":406,"column":null}}},"4":{"name":"(anonymous_6)","decl":{"start":{"line":425,"column":31},"end":{"line":425,"column":38}},"loc":{"start":{"line":425,"column":38},"end":{"line":425,"column":null}}}},"branchMap":{},"s":{"0":0,"1":0,"2":0,"3":0,"4":0,"5":0,"6":0,"7":0,"8":0,"9":0,"10":0,"11":0},"f":{"0":0,"1":0,"2":0,"3":0,"4":0},"b":{}}
,"/home/marcin/windsurf/Projects/asia/eduhusdawka_pl/app/uslugi/trening-umiejetnosci-spolecznych/page.tsx": {"path":"/home/marcin/windsurf/Projects/asia/eduhusdawka_pl/app/uslugi/trening-umiejetnosci-spolecznych/page.tsx","statementMap":{"0":{"start":{"line":11,"column":24},"end":{"line":11,"column":null}},"1":{"start":{"line":4,"column":13},"end":{"line":4,"column":34}},"2":{"start":{"line":2,"column":53},"end":{"line":2,"column":null}},"3":{"start":{"line":4,"column":34},"end":{"line":9,"column":null}},"4":{"start":{"line":12,"column":2},"end":{"line":12,"column":null}}},"fnMap":{"0":{"name":"TreningUmiejetnosciSpolecznychPage","decl":{"start":{"line":11,"column":24},"end":{"line":11,"column":null}},"loc":{"start":{"line":11,"column":24},"end":{"line":13,"column":null}}}},"branchMap":{},"s":{"0":0,"1":0,"2":0,"3":0,"4":0},"f":{"0":0},"b":{}}
,"/home/marcin/windsurf/Projects/asia/eduhusdawka_pl/app/uslugi/wczesna-nauka-czytania/page.tsx": {"path":"/home/marcin/windsurf/Projects/asia/eduhusdawka_pl/app/uslugi/wczesna-nauka-czytania/page.tsx","statementMap":{"0":{"start":{"line":14,"column":24},"end":{"line":14,"column":null}},"1":{"start":{"line":8,"column":13},"end":{"line":8,"column":34}},"2":{"start":{"line":2,"column":19},"end":{"line":2,"column":null}},"3":{"start":{"line":3,"column":19},"end":{"line":3,"column":null}},"4":{"start":{"line":4,"column":28},"end":{"line":4,"column":null}},"5":{"start":{"line":5,"column":75},"end":{"line":5,"column":null}},"6":{"start":{"line":6,"column":25},"end":{"line":6,"column":null}},"7":{"start":{"line":8,"column":34},"end":{"line":12,"column":null}}},"fnMap":{"0":{"name":"WczesnaNaukaCzytaniaPage","decl":{"start":{"line":14,"column":24},"end":{"line":14,"column":null}},"loc":{"start":{"line":14,"column":24},"end":{"line":227,"column":null}}}},"branchMap":{},"s":{"0":0,"1":0,"2":0,"3":0,"4":0,"5":0,"6":0,"7":0},"f":{"0":0},"b":{}}
,"/home/marcin/windsurf/Projects/asia/eduhusdawka_pl/components/admin/printable-directions.tsx": {"path":"/home/marcin/windsurf/Projects/asia/eduhusdawka_pl/components/admin/printable-directions.tsx","statementMap":{"0":{"start":{"line":9,"column":24},"end":{"line":9,"column":null}},"1":{"start":{"line":3,"column":25},"end":{"line":3,"column":null}},"2":{"start":{"line":4,"column":18},"end":{"line":4,"column":null}},"3":{"start":{"line":5,"column":23},"end":{"line":5,"column":null}},"4":{"start":{"line":6,"column":84},"end":{"line":6,"column":null}},"5":{"start":{"line":7,"column":66},"end":{"line":7,"column":null}},"6":{"start":{"line":10,"column":26},"end":{"line":10,"column":null}},"7":{"start":{"line":13,"column":19},"end":{"line":13,"column":null}},"8":{"start":{"line":14,"column":20},"end":{"line":14,"column":null}},"9":{"start":{"line":19,"column":23},"end":{"line":19,"column":null}},"10":{"start":{"line":147,"column":53},"end":{"line":147,"column":69}},"11":{"start":{"line":151,"column":55},"end":{"line":151,"column":null}},"12":{"start":{"line":158,"column":18},"end":{"line":158,"column":null}}},"fnMap":{"0":{"name":"PrintableDirections","decl":{"start":{"line":9,"column":24},"end":{"line":9,"column":null}},"loc":{"start":{"line":9,"column":24},"end":{"line":170,"column":null}}},"1":{"name":"(anonymous_3)","decl":{"start":{"line":19,"column":17},"end":{"line":19,"column":23}},"loc":{"start":{"line":19,"column":23},"end":{"line":19,"column":null}}},"2":{"name":"(anonymous_4)","decl":{"start":{"line":147,"column":47},"end":{"line":147,"column":53}},"loc":{"start":{"line":147,"column":53},"end":{"line":147,"column":69}}},"3":{"name":"(anonymous_5)","decl":{"start":{"line":151,"column":49},"end":{"line":151,"column":55}},"loc":{"start":{"line":151,"column":55},"end":{"line":151,"column":null}}},"4":{"name":"(anonymous_6)","decl":{"start":{"line":156,"column":25},"end":{"line":156,"column":null}},"loc":{"start":{"line":156,"column":25},"end":{"line":159,"column":null}}}},"branchMap":{},"s":{"0":0,"1":0,"2":0,"3":0,"4":0,"5":0,"6":0,"7":0,"8":0,"9":0,"10":0,"11":0,"12":0},"f":{"0":0,"1":0,"2":0,"3":0,"4":0},"b":{}}
,"/home/marcin/windsurf/Projects/asia/eduhusdawka_pl/components/admin/sms-queue-stats.tsx": {"path":"/home/marcin/windsurf/Projects/asia/eduhusdawka_pl/components/admin/sms-queue-stats.tsx","statementMap":{"0":{"start":{"line":29,"column":24},"end":{"line":29,"column":null}},"1":{"start":{"line":3,"column":36},"end":{"line":3,"column":null}},"2":{"start":{"line":4,"column":57},"end":{"line":4,"column":null}},"3":{"start":{"line":5,"column":23},"end":{"line":5,"column":null}},"4":{"start":{"line":6,"column":22},"end":{"line":6,"column":null}},"5":{"start":{"line":7,"column":46},"end":{"line":7,"column":null}},"6":{"start":{"line":30,"column":28},"end":{"line":30,"column":null}},"7":{"start":{"line":31,"column":34},"end":{"line":31,"column":null}},"8":{"start":{"line":32,"column":32},"end":{"line":32,"column":null}},"9":{"start":{"line":33,"column":28},"end":{"line":33,"column":null}},"10":{"start":{"line":35,"column":21},"end":{"line":53,"column":null}},"11":{"start":{"line":36,"column":4},"end":{"line":52,"column":null}},"12":{"start":{"line":37,"column":6},"end":{"line":37,"column":null}},"13":{"start":{"line":38,"column":23},"end":{"line":38,"column":null}},"14":{"start":{"line":40,"column":6},"end":{"line":42,"column":null}},"15":{"start":{"line":41,"column":8},"end":{"line":41,"column":null}},"16":{"start":{"line":44,"column":19},"end":{"line":44,"column":null}},"17":{"start":{"line":45,"column":6},"end":{"line":45,"column":null}},"18":{"start":{"line":46,"column":6},"end":{"line":46,"column":null}},"19":{"start":{"line":47,"column":6},"end":{"line":47,"column":null}},"20":{"start":{"line":49,"column":6},"end":{"line":49,"column":null}},"21":{"start":{"line":51,"column":6},"end":{"line":51,"column":null}},"22":{"start":{"line":55,"column":23},"end":{"line":74,"column":null}},"23":{"start":{"line":56,"column":4},"end":{"line":73,"column":null}},"24":{"start":{"line":57,"column":23},"end":{"line":63,"column":null}},"25":{"start":{"line":65,"column":6},"end":{"line":67,"column":null}},"26":{"start":{"line":66,"column":8},"end":{"line":66,"column":null}},"27":{"start":{"line":70,"column":6},"end":{"line":70,"column":null}},"28":{"start":{"line":72,"column":6},"end":{"line":72,"column":null}},"29":{"start":{"line":76,"column":2},"end":{"line":82,"column":null}},"30":{"start":{"line":77,"column":4},"end":{"line":77,"column":null}},"31":{"start":{"line":80,"column":21},"end":{"line":80,"column":null}},"32":{"start":{"line":81,"column":4},"end":{"line":81,"column":null}},"33":{"start":{"line":81,"column":17},"end":{"line":81,"column":null}},"34":{"start":{"line":84,"column":25},"end":{"line":113,"column":null}},"35":{"start":{"line":85,"column":4},"end":{"line":112,"column":null}},"36":{"start":{"line":164,"column":14},"end":{"line":164,"column":32}},"37":{"start":{"line":181,"column":71},"end":{"line":181,"column":93}}},"fnMap":{"0":{"name":"SMSQueueStats","decl":{"start":{"line":29,"column":24},"end":{"line":29,"column":null}},"loc":{"start":{"line":29,"column":24},"end":{"line":194,"column":null}}},"1":{"name":"(anonymous_2)","decl":{"start":{"line":35,"column":21},"end":{"line":35,"column":null}},"loc":{"start":{"line":35,"column":21},"end":{"line":53,"column":null}}},"2":{"name":"(anonymous_3)","decl":{"start":{"line":55,"column":23},"end":{"line":55,"column":30}},"loc":{"start":{"line":55,"column":30},"end":{"line":74,"column":null}}},"3":{"name":"(anonymous_4)","decl":{"start":{"line":76,"column":12},"end":{"line":76,"column":null}},"loc":{"start":{"line":76,"column":12},"end":{"line":82,"column":5}}},"4":{"name":"(anonymous_5)","decl":{"start":{"line":81,"column":11},"end":{"line":81,"column":17}},"loc":{"start":{"line":81,"column":17},"end":{"line":81,"column":null}}},"5":{"name":"(anonymous_6)","decl":{"start":{"line":84,"column":25},"end":{"line":84,"column":26}},"loc":{"start":{"line":84,"column":26},"end":{"line":113,"column":null}}},"6":{"name":"(anonymous_7)","decl":{"start":{"line":163,"column":26},"end":{"line":163,"column":27}},"loc":{"start":{"line":164,"column":14},"end":{"line":164,"column":32}}},"7":{"name":"(anonymous_8)","decl":{"start":{"line":181,"column":65},"end":{"line":181,"column":71}},"loc":{"start":{"line":181,"column":71},"end":{"line":181,"column":93}}}},"branchMap":{"0":{"loc":{"start":{"line":40,"column":6},"end":{"line":42,"column":null}},"type":"if","locations":[{"start":{"line":40,"column":6},"end":{"line":42,"column":null}},{"start":{},"end":{}}]},"1":{"loc":{"start":{"line":49,"column":15},"end":{"line":49,"column":null}},"type":"cond-expr","locations":[{"start":{"line":49,"column":38},"end":{"line":49,"column":49}},{"start":{"line":49,"column":52},"end":{"line":49,"column":null}}]},"2":{"loc":{"start":{"line":65,"column":6},"end":{"line":67,"column":null}},"type":"if","locations":[{"start":{"line":65,"column":6},"end":{"line":67,"column":null}},{"start":{},"end":{}}]},"3":{"loc":{"start":{"line":72,"column":15},"end":{"line":72,"column":null}},"type":"cond-expr","locations":[{"start":{"line":72,"column":38},"end":{"line":72,"column":49}},{"start":{"line":72,"column":52},"end":{"line":72,"column":null}}]},"4":{"loc":{"start":{"line":121,"column":50},"end":{"line":121,"column":81}},"type":"cond-expr","locations":[{"start":{"line":121,"column":60},"end":{"line":121,"column":77}},{"start":{"line":121,"column":77},"end":{"line":121,"column":81}}]},"5":{"loc":{"start":{"line":127,"column":9},"end":{"line":127,"column":null}},"type":"binary-expr","locations":[{"start":{"line":127,"column":9},"end":{"line":127,"column":null}}]},"6":{"loc":{"start":{"line":134,"column":9},"end":{"line":134,"column":null}},"type":"binary-expr","locations":[{"start":{"line":134,"column":9},"end":{"line":134,"column":null}}]},"7":{"loc":{"start":{"line":158,"column":10},"end":{"line":159,"column":21}},"type":"cond-expr","locations":[{"start":{"line":158,"column":10},"end":{"line":159,"column":21}}]},"8":{"loc":{"start":{"line":157,"column":9},"end":{"line":157,"column":36}},"type":"binary-expr","locations":[{"start":{"line":157,"column":9},"end":{"line":157,"column":20}},{"start":{"line":157,"column":20},"end":{"line":157,"column":36}}]},"9":{"loc":{"start":{"line":160,"column":10},"end":{"line":162,"column":11}},"type":"cond-expr","locations":[{"start":{"line":160,"column":10},"end":{"line":162,"column":11}}]},"10":{"loc":{"start":{"line":179,"column":17},"end":{"line":179,"column":null}},"type":"binary-expr","locations":[{"start":{"line":179,"column":17},"end":{"line":179,"column":null}}]}},"s":{"0":0,"1":0,"2":0,"3":0,"4":0,"5":0,"6":0,"7":0,"8":0,"9":0,"10":0,"11":0,"12":0,"13":0,"14":0,"15":0,"16":0,"17":0,"18":0,"19":0,"20":0,"21":0,"22":0,"23":0,"24":0,"25":0,"26":0,"27":0,"28":0,"29":0,"30":0,"31":0,"32":0,"33":0,"34":0,"35":0,"36":0,"37":0},"f":{"0":0,"1":0,"2":0,"3":0,"4":0,"5":0,"6":0,"7":0},"b":{"0":[0,0],"1":[0,0],"2":[0,0],"3":[0,0],"4":[0,0],"5":[0],"6":[0],"7":[0],"8":[0,0],"9":[0],"10":[0]}}
,"/home/marcin/windsurf/Projects/asia/eduhusdawka_pl/components/analytics/analytics-test.tsx": {"path":"/home/marcin/windsurf/Projects/asia/eduhusdawka_pl/components/analytics/analytics-test.tsx","statementMap":{"0":{"start":{"line":8,"column":24},"end":{"line":8,"column":null}},"1":{"start":{"line":3,"column":25},"end":{"line":3,"column":null}},"2":{"start":{"line":4,"column":23},"end":{"line":4,"column":null}},"3":{"start":{"line":5,"column":29},"end":{"line":5,"column":null}},"4":{"start":{"line":6,"column":27},"end":{"line":6,"column":null}},"5":{"start":{"line":9,"column":25},"end":{"line":9,"column":null}},"6":{"start":{"line":10,"column":23},"end":{"line":10,"column":null}},"7":{"start":{"line":11,"column":38},"end":{"line":11,"column":null}},"8":{"start":{"line":13,"column":20},"end":{"line":17,"column":null}},"9":{"start":{"line":14,"column":4},"end":{"line":14,"column":null}},"10":{"start":{"line":15,"column":4},"end":{"line":15,"column":null}},"11":{"start":{"line":15,"column":26},"end":{"line":15,"column":null}},"12":{"start":{"line":16,"column":4},"end":{"line":16,"column":null}}},"fnMap":{"0":{"name":"AnalyticsTest","decl":{"start":{"line":8,"column":24},"end":{"line":8,"column":null}},"loc":{"start":{"line":8,"column":24},"end":{"line":39,"column":null}}},"1":{"name":"(anonymous_2)","decl":{"start":{"line":13,"column":20},"end":{"line":13,"column":null}},"loc":{"start":{"line":13,"column":20},"end":{"line":17,"column":null}}},"2":{"name":"(anonymous_3)","decl":{"start":{"line":15,"column":18},"end":{"line":15,"column":26}},"loc":{"start":{"line":15,"column":26},"end":{"line":15,"column":null}}}},"branchMap":{"0":{"loc":{"start":{"line":23,"column":31},"end":{"line":23,"column":null}},"type":"cond-expr","locations":[{"start":{"line":23,"column":52},"end":{"line":23,"column":66}},{"start":{"line":23,"column":66},"end":{"line":23,"column":null}}]}},"s":{"0":0,"1":1,"2":1,"3":1,"4":1,"5":0,"6":0,"7":0,"8":0,"9":0,"10":0,"11":0,"12":0},"f":{"0":0,"1":0,"2":0},"b":{"0":[0,0]}}
,"/home/marcin/windsurf/Projects/asia/eduhusdawka_pl/components/analytics/google-analytics.tsx": {"path":"/home/marcin/windsurf/Projects/asia/eduhusdawka_pl/components/analytics/google-analytics.tsx","statementMap":{"0":{"start":{"line":9,"column":24},"end":{"line":9,"column":null}},"1":{"start":{"line":3,"column":36},"end":{"line":3,"column":null}},"2":{"start":{"line":4,"column":45},"end":{"line":4,"column":null}},"3":{"start":{"line":5,"column":19},"end":{"line":5,"column":null}},"4":{"start":{"line":6,"column":44},"end":{"line":6,"column":null}},"5":{"start":{"line":7,"column":27},"end":{"line":7,"column":null}},"6":{"start":{"line":10,"column":19},"end":{"line":10,"column":null}},"7":{"start":{"line":11,"column":23},"end":{"line":11,"column":null}},"8":{"start":{"line":12,"column":32},"end":{"line":12,"column":null}},"9":{"start":{"line":13,"column":23},"end":{"line":13,"column":null}},"10":{"start":{"line":15,"column":2},"end":{"line":17,"column":null}},"11":{"start":{"line":16,"column":4},"end":{"line":16,"column":null}},"12":{"start":{"line":19,"column":2},"end":{"line":24,"column":null}},"13":{"start":{"line":20,"column":4},"end":{"line":20,"column":null}},"14":{"start":{"line":20,"column":63},"end":{"line":20,"column":null}},"15":{"start":{"line":22,"column":16},"end":{"line":22,"column":null}},"16":{"start":{"line":23,"column":4},"end":{"line":23,"column":null}},"17":{"start":{"line":27,"column":2},"end":{"line":27,"column":null}},"18":{"start":{"line":27,"column":49},"end":{"line":27,"column":null}}},"fnMap":{"0":{"name":"GoogleAnalytics","decl":{"start":{"line":9,"column":24},"end":{"line":9,"column":null}},"loc":{"start":{"line":9,"column":24},"end":{"line":48,"column":null}}},"1":{"name":"(anonymous_3)","decl":{"start":{"line":15,"column":12},"end":{"line":15,"column":null}},"loc":{"start":{"line":15,"column":12},"end":{"line":17,"column":5}}},"2":{"name":"(anonymous_4)","decl":{"start":{"line":19,"column":12},"end":{"line":19,"column":null}},"loc":{"start":{"line":19,"column":12},"end":{"line":24,"column":5}}}},"branchMap":{"0":{"loc":{"start":{"line":20,"column":4},"end":{"line":20,"column":null}},"type":"if","locations":[{"start":{"line":20,"column":4},"end":{"line":20,"column":null}},{"start":{},"end":{}}]},"1":{"loc":{"start":{"line":20,"column":8},"end":{"line":20,"column":61}},"type":"binary-expr","locations":[{"start":{"line":20,"column":8},"end":{"line":20,"column":20}},{"start":{"line":20,"column":20},"end":{"line":20,"column":38}},{"start":{"line":20,"column":42},"end":{"line":20,"column":61}}]},"2":{"loc":{"start":{"line":22,"column":28},"end":{"line":22,"column":88}},"type":"cond-expr","locations":[{"start":{"line":22,"column":55},"end":{"line":22,"column":84}},{"start":{"line":22,"column":87},"end":{"line":22,"column":88}}]},"3":{"loc":{"start":{"line":27,"column":2},"end":{"line":27,"column":null}},"type":"if","locations":[{"start":{"line":27,"column":2},"end":{"line":27,"column":null}},{"start":{},"end":{}}]},"4":{"loc":{"start":{"line":27,"column":6},"end":{"line":27,"column":47}},"type":"binary-expr","locations":[{"start":{"line":27,"column":6},"end":{"line":27,"column":24}},{"start":{"line":27,"column":28},"end":{"line":27,"column":47}}]}},"s":{"0":0,"1":0,"2":0,"3":0,"4":0,"5":0,"6":0,"7":0,"8":0,"9":0,"10":0,"11":0,"12":0,"13":0,"14":0,"15":0,"16":0,"17":0,"18":0},"f":{"0":0,"1":0,"2":0},"b":{"0":[0,0],"1":[0,0,0],"2":[0,0],"3":[0,0],"4":[0,0]}}
,"/home/marcin/windsurf/Projects/asia/eduhusdawka_pl/components/analytics/google-tag-manager.tsx": {"path":"/home/marcin/windsurf/Projects/asia/eduhusdawka_pl/components/analytics/google-tag-manager.tsx","statementMap":{"0":{"start":{"line":9,"column":24},"end":{"line":9,"column":null}},"1":{"start":{"line":3,"column":36},"end":{"line":3,"column":null}},"2":{"start":{"line":4,"column":19},"end":{"line":4,"column":null}},"3":{"start":{"line":5,"column":27},"end":{"line":5,"column":null}},"4":{"start":{"line":7,"column":15},"end":{"line":7,"column":null}},"5":{"start":{"line":10,"column":23},"end":{"line":10,"column":null}},"6":{"start":{"line":11,"column":32},"end":{"line":11,"column":null}},"7":{"start":{"line":13,"column":2},"end":{"line":15,"column":null}},"8":{"start":{"line":14,"column":4},"end":{"line":14,"column":null}},"9":{"start":{"line":18,"column":2},"end":{"line":18,"column":null}},"10":{"start":{"line":18,"column":50},"end":{"line":18,"column":null}}},"fnMap":{"0":{"name":"GoogleTagManager","decl":{"start":{"line":9,"column":24},"end":{"line":9,"column":null}},"loc":{"start":{"line":9,"column":24},"end":{"line":48,"column":null}}},"1":{"name":"(anonymous_3)","decl":{"start":{"line":13,"column":12},"end":{"line":13,"column":null}},"loc":{"start":{"line":13,"column":12},"end":{"line":15,"column":5}}}},"branchMap":{"0":{"loc":{"start":{"line":7,"column":15},"end":{"line":7,"column":null}},"type":"binary-expr","locations":[{"start":{"line":7,"column":15},"end":{"line":7,"column":45}},{"start":{"line":7,"column":49},"end":{"line":7,"column":null}}]},"1":{"loc":{"start":{"line":18,"column":2},"end":{"line":18,"column":null}},"type":"if","locations":[{"start":{"line":18,"column":2},"end":{"line":18,"column":null}},{"start":{},"end":{}}]},"2":{"loc":{"start":{"line":18,"column":6},"end":{"line":18,"column":48}},"type":"binary-expr","locations":[{"start":{"line":18,"column":6},"end":{"line":18,"column":18}},{"start":{"line":18,"column":18},"end":{"line":18,"column":29}},{"start":{"line":18,"column":29},"end":{"line":18,"column":48}}]}},"s":{"0":13,"1":1,"2":1,"3":1,"4":1,"5":26,"6":26,"7":26,"8":13,"9":26,"10":26},"f":{"0":26,"1":13},"b":{"0":[1,1],"1":[26,0],"2":[26,13,0]}}
[...]
,"/home/marcin/windsurf/Projects/asia/eduhusdawka_pl/lib/sms-queue.ts": {"path":"/home/marcin/windsurf/Projects/asia/eduhusdawka_pl/lib/sms-queue.ts","statementMap":{"0":{"start":{"line":148,"column":22},"end":{"line":148,"column":36}},"1":{"start":{"line":141,"column":16},"end":{"line":141,"column":null}},"2":{"start":{"line":6,"column":65},"end":{"line":6,"column":null}},"3":{"start":{"line":29,"column":10},"end":{"line":29,"column":null}},"4":{"start":{"line":30,"column":10},"end":{"line":30,"column":null}},"5":{"start":{"line":31,"column":19},"end":{"line":31,"column":null}},"6":{"start":{"line":32,"column":19},"end":{"line":32,"column":46}},"7":{"start":{"line":36,"column":4},"end":{"line":36,"column":null}},"8":{"start":{"line":40,"column":15},"end":{"line":40,"column":51}},"9":{"start":{"line":41,"column":34},"end":{"line":49,"column":null}},"10":{"start":{"line":51,"column":4},"end":{"line":51,"column":null}},"11":{"start":{"line":52,"column":4},"end":{"line":52,"column":21}},"12":{"start":{"line":53,"column":4},"end":{"line":53,"column":24}},"13":{"start":{"line":54,"column":4},"end":{"line":54,"column":null}},"14":{"start":{"line":59,"column":4},"end":{"line":62,"column":null}},"15":{"start":{"line":61,"column":6},"end":{"line":61,"column":null}},"16":{"start":{"line":67,"column":4},"end":{"line":67,"column":null}},"17":{"start":{"line":67,"column":25},"end":{"line":67,"column":null}},"18":{"start":{"line":68,"column":4},"end":{"line":68,"column":null}},"19":{"start":{"line":68,"column":33},"end":{"line":68,"column":null}},"20":{"start":{"line":70,"column":4},"end":{"line":70,"column":null}},"21":{"start":{"line":71,"column":4},"end":{"line":104,"column":null}},"22":{"start":{"line":72,"column":22},"end":{"line":72,"column":null}},"23":{"start":{"line":73,"column":6},"end":{"line":73,"column":null}},"24":{"start":{"line":73,"column":20},"end":{"line":73,"column":null}},"25":{"start":{"line":75,"column":6},"end":{"line":75,"column":null}},"26":{"start":{"line":76,"column":6},"end":{"line":76,"column":null}},"27":{"start":{"line":78,"column":6},"end":{"line":103,"column":null}},"28":{"start":{"line":79,"column":34},"end":{"line":79,"column":null}},"29":{"start":{"line":81,"column":8},"end":{"line":92,"column":null}},"30":{"start":{"line":82,"column":10},"end":{"line":82,"column":null}},"31":{"start":{"line":84,"column":10},"end":{"line":84,"column":null}},"32":{"start":{"line":85,"column":10},"end":{"line":85,"column":null}},"33":{"start":{"line":86,"column":10},"end":{"line":86,"column":null}},"34":{"start":{"line":88,"column":10},"end":{"line":91,"column":null}},"35":{"start":{"line":89,"column":12},"end":{"line":89,"column":37}},"36":{"start":{"line":90,"column":12},"end":{"line":90,"column":null}},"37":{"start":{"line":94,"column":8},"end":{"line":94,"column":null}},"38":{"start":{"line":95,"column":8},"end":{"line":95,"column":null}},"39":{"start":{"line":96,"column":8},"end":{"line":96,"column":null}},"40":{"start":{"line":97,"column":8},"end":{"line":97,"column":null}},"41":{"start":{"line":99,"column":8},"end":{"line":102,"column":null}},"42":{"start":{"line":100,"column":10},"end":{"line":100,"column":35}},"43":{"start":{"line":101,"column":10},"end":{"line":101,"column":null}},"44":{"start":{"line":105,"column":4},"end":{"line":105,"column":null}},"45":{"start":{"line":109,"column":18},"end":{"line":109,"column":35}},"46":{"start":{"line":110,"column":20},"end":{"line":110,"column":79}},"47":{"start":{"line":110,"column":47},"end":{"line":110,"column":73}},"48":{"start":{"line":111,"column":23},"end":{"line":111,"column":85}},"49":{"start":{"line":111,"column":50},"end":{"line":111,"column":79}},"50":{"start":{"line":112,"column":22},"end":{"line":112,"column":83}},"51":{"start":{"line":112,"column":49},"end":{"line":112,"column":77}},"52":{"start":{"line":113,"column":19},"end":{"line":113,"column":77}},"53":{"start":{"line":113,"column":46},"end":{"line":113,"column":71}},"54":{"start":{"line":115,"column":4},"end":{"line":115,"column":null}},"55":{"start":{"line":119,"column":4},"end":{"line":119,"column":null}},"56":{"start":{"line":123,"column":20},"end":{"line":123,"column":null}},"57":{"start":{"line":123,"column":45},"end":{"line":123,"column":null}},"58":{"start":{"line":124,"column":4},"end":{"line":126,"column":null}},"59":{"start":{"line":125,"column":6},"end":{"line":125,"column":null}},"60":{"start":{"line":128,"column":4},"end":{"line":128,"column":null}},"61":{"start":{"line":129,"column":4},"end":{"line":129,"column":null}},"62":{"start":{"line":130,"column":4},"end":{"line":130,"column":null}},"63":{"start":{"line":131,"column":4},"end":{"line":131,"column":null}},"64":{"start":{"line":132,"column":4},"end":{"line":132,"column":null}},"65":{"start":{"line":133,"column":4},"end":{"line":133,"column":null}},"66":{"start":{"line":138,"column":32},"end":{"line":138,"column":null}},"67":{"start":{"line":142,"column":2},"end":{"line":144,"column":null}},"68":{"start":{"line":143,"column":4},"end":{"line":143,"column":null}},"69":{"start":{"line":145,"column":2},"end":{"line":145,"column":null}},"70":{"start":{"line":149,"column":16},"end":{"line":149,"column":null}},"71":{"start":{"line":150,"column":2},"end":{"line":150,"column":null}}},"fnMap":{"0":{"name":"(anonymous_3)","decl":{"start":{"line":35,"column":2},"end":{"line":35,"column":16}},"loc":{"start":{"line":35,"column":16},"end":{"line":37,"column":null}}},"1":{"name":"(anonymous_4)","decl":{"start":{"line":39,"column":2},"end":{"line":39,"column":10}},"loc":{"start":{"line":39,"column":56},"end":{"line":55,"column":null}}},"2":{"name":"(anonymous_5)","decl":{"start":{"line":57,"column":10},"end":{"line":57,"column":28}},"loc":{"start":{"line":57,"column":28},"end":{"line":63,"column":null}}},"3":{"name":"(anonymous_6)","decl":{"start":{"line":59,"column":20},"end":{"line":59,"column":null}},"loc":{"start":{"line":59,"column":20},"end":{"line":62,"column":null}}},"4":{"name":"(anonymous_7)","decl":{"start":{"line":66,"column":2},"end":{"line":66,"column":8}},"loc":{"start":{"line":66,"column":38},"end":{"line":106,"column":null}}},"5":{"name":"(anonymous_8)","decl":{"start":{"line":108,"column":2},"end":{"line":108,"column":25}},"loc":{"start":{"line":108,"column":25},"end":{"line":116,"column":null}}},"6":{"name":"(anonymous_9)","decl":{"start":{"line":110,"column":38},"end":{"line":110,"column":39}},"loc":{"start":{"line":110,"column":47},"end":{"line":110,"column":73}}},"7":{"name":"(anonymous_10)","decl":{"start":{"line":111,"column":41},"end":{"line":111,"column":42}},"loc":{"start":{"line":111,"column":50},"end":{"line":111,"column":79}}},"8":{"name":"(anonymous_11)","decl":{"start":{"line":112,"column":40},"end":{"line":112,"column":41}},"loc":{"start":{"line":112,"column":49},"end":{"line":112,"column":77}}},"9":{"name":"(anonymous_12)","decl":{"start":{"line":113,"column":37},"end":{"line":113,"column":38}},"loc":{"start":{"line":113,"column":46},"end":{"line":113,"column":71}}},"10":{"name":"(anonymous_13)","decl":{"start":{"line":118,"column":2},"end":{"line":118,"column":32}},"loc":{"start":{"line":118,"column":32},"end":{"line":120,"column":null}}},"11":{"name":"(anonymous_14)","decl":{"start":{"line":122,"column":2},"end":{"line":122,"column":11}},"loc":{"start":{"line":122,"column":32},"end":{"line":134,"column":null}}},"12":{"name":"(anonymous_15)","decl":{"start":{"line":123,"column":36},"end":{"line":123,"column":37}},"loc":{"start":{"line":123,"column":45},"end":{"line":123,"column":null}}},"13":{"name":"getSMSQueue","decl":{"start":{"line":141,"column":16},"end":{"line":141,"column":null}},"loc":{"start":{"line":141,"column":16},"end":{"line":146,"column":null}}},"14":{"name":"addToSmsQueue","decl":{"start":{"line":148,"column":22},"end":{"line":148,"column":36}},"loc":{"start":{"line":148,"column":93},"end":{"line":151,"column":null}}}},"branchMap":{"0":{"loc":{"start":{"line":67,"column":4},"end":{"line":67,"column":null}},"type":"if","locations":[{"start":{"line":67,"column":4},"end":{"line":67,"column":null}},{"start":{},"end":{}}]},"1":{"loc":{"start":{"line":68,"column":4},"end":{"line":68,"column":null}},"type":"if","locations":[{"start":{"line":68,"column":4},"end":{"line":68,"column":null}},{"start":{},"end":{}}]},"2":{"loc":{"start":{"line":73,"column":6},"end":{"line":73,"column":null}},"type":"if","locations":[{"start":{"line":73,"column":6},"end":{"line":73,"column":null}},{"start":{},"end":{}}]},"3":{"loc":{"start":{"line":81,"column":8},"end":{"line":92,"column":null}},"type":"if","locations":[{"start":{"line":81,"column":8},"end":{"line":92,"column":null}},{"start":{"line":83,"column":15},"end":{"line":92,"column":null}}]},"4":{"loc":{"start":{"line":88,"column":10},"end":{"line":91,"column":null}},"type":"if","locations":[{"start":{"line":88,"column":10},"end":{"line":91,"column":null}},{"start":{},"end":{}}]},"5":{"loc":{"start":{"line":99,"column":8},"end":{"line":102,"column":null}},"type":"if","locations":[{"start":{"line":99,"column":8},"end":{"line":102,"column":null}},{"start":{},"end":{}}]},"6":{"loc":{"start":{"line":123,"column":45},"end":{"line":123,"column":null}},"type":"binary-expr","locations":[{"start":{"line":123,"column":45},"end":{"line":123,"column":62}},{"start":{"line":123,"column":62},"end":{"line":123,"column":null}}]},"7":{"loc":{"start":{"line":124,"column":4},"end":{"line":126,"column":null}},"type":"if","locations":[{"start":{"line":124,"column":4},"end":{"line":126,"column":null}},{"start":{},"end":{}}]},"8":{"loc":{"start":{"line":124,"column":8},"end":{"line":124,"column":59}},"type":"binary-expr","locations":[{"start":{"line":124,"column":8},"end":{"line":124,"column":20}},{"start":{"line":124,"column":20},"end":{"line":124,"column":59}}]},"9":{"loc":{"start":{"line":142,"column":2},"end":{"line":144,"column":null}},"type":"if","locations":[{"start":{"line":142,"column":2},"end":{"line":144,"column":null}},{"start":{},"end":{}}]}},"s":{"0":0,"1":0,"2":1,"3":0,"4":0,"5":0,"6":0,"7":0,"8":0,"9":0,"10":0,"11":0,"12":0,"13":0,"14":0,"15":0,"16":0,"17":0,"18":0,"19":0,"20":0,"21":0,"22":0,"23":0,"24":0,"25":0,"26":0,"27":0,"28":0,"29":0,"30":0,"31":0,"32":0,"33":0,"34":0,"35":0,"36":0,"37":0,"38":0,"39":0,"40":0,"41":0,"42":0,"43":0,"44":0,"45":0,"46":0,"47":0,"48":0,"49":0,"50":0,"51":0,"52":0,"53":0,"54":0,"55":0,"56":0,"57":0,"58":0,"59":0,"60":0,"61":0,"62":0,"63":0,"64":0,"65":0,"66":1,"67":0,"68":0,"69":0,"70":0,"71":0},"f":{"0":0,"1":0,"2":0,"3":0,"4":0,"5":0,"6":0,"7":0,"8":0,"9":0,"10":0,"11":0,"12":0,"13":0,"14":0},"b":{"0":[0,0],"1":[0,0],"2":[0,0],"3":[0,0],"4":[0,0],"5":[0,0],"6":[0,0],"7":[0,0],"8":[0,0],"9":[0,0]}}
,"/home/marcin/windsurf/Projects/asia/eduhusdawka_pl/lib/sms-service.ts": {"path":"/home/marcin/windsurf/Projects/asia/eduhusdawka_pl/lib/sms-service.ts","statementMap":{"0":{"start":{"line":17,"column":13},"end":{"line":17,"column":null}},"1":{"start":{"line":96,"column":16},"end":{"line":96,"column":null}},"2":{"start":{"line":140,"column":22},"end":{"line":140,"column":49}},"3":{"start":{"line":104,"column":22},"end":{"line":104,"column":49}},"4":{"start":{"line":122,"column":22},"end":{"line":122,"column":45}},"5":{"start":{"line":2,"column":28},"end":{"line":2,"column":null}},"6":{"start":{"line":24,"column":4},"end":{"line":24,"column":null}},"7":{"start":{"line":25,"column":4},"end":{"line":25,"column":null}},"8":{"start":{"line":26,"column":4},"end":{"line":26,"column":null}},"9":{"start":{"line":30,"column":4},"end":{"line":76,"column":null}},"10":{"start":{"line":32,"column":6},"end":{"line":39,"column":null}},"11":{"start":{"line":33,"column":8},"end":{"line":33,"column":null}},"12":{"start":{"line":34,"column":8},"end":{"line":34,"column":null}},"13":{"start":{"line":35,"column":8},"end":{"line":38,"column":null}},"14":{"start":{"line":42,"column":29},"end":{"line":42,"column":null}},"15":{"start":{"line":45,"column":6},"end":{"line":69,"column":null}},"16":{"start":{"line":48,"column":23},"end":{"line":48,"column":null}},"17":{"start":{"line":48,"column":29},"end":{"line":48,"column":null}},"18":{"start":{"line":49,"column":23},"end":{"line":49,"column":null}},"19":{"start":{"line":51,"column":23},"end":{"line":55,"column":null}},"20":{"start":{"line":57,"column":8},"end":{"line":60,"column":null}},"21":{"start":{"line":62,"column":8},"end":{"line":62,"column":null}},"22":{"start":{"line":64,"column":8},"end":{"line":64,"column":null}},"23":{"start":{"line":65,"column":8},"end":{"line":68,"column":null}},"24":{"start":{"line":71,"column":6},"end":{"line":71,"column":null}},"25":{"start":{"line":72,"column":6},"end":{"line":75,"column":null}},"26":{"start":{"line":81,"column":23},"end":{"line":81,"column":null}},"27":{"start":{"line":84,"column":4},"end":{"line":86,"column":null}},"28":{"start":{"line":85,"column":6},"end":{"line":85,"column":null}},"29":{"start":{"line":88,"column":4},"end":{"line":88,"column":null}},"30":{"start":{"line":93,"column":38},"end":{"line":93,"column":null}},"31":{"start":{"line":97,"column":2},"end":{"line":99,"column":null}},"32":{"start":{"line":98,"column":4},"end":{"line":98,"column":null}},"33":{"start":{"line":100,"column":2},"end":{"line":100,"column":null}},"34":{"start":{"line":105,"column":16},"end":{"line":105,"column":null}},"35":{"start":{"line":107,"column":18},"end":{"line":109,"column":69}},"36":{"start":{"line":112,"column":2},"end":{"line":112,"column":null}},"37":{"start":{"line":115,"column":2},"end":{"line":118,"column":null}},"38":{"start":{"line":123,"column":16},"end":{"line":123,"column":null}},"39":{"start":{"line":125,"column":18},"end":{"line":127,"column":38}},"40":{"start":{"line":130,"column":2},"end":{"line":130,"column":null}},"41":{"start":{"line":133,"column":2},"end":{"line":136,"column":null}},"42":{"start":{"line":141,"column":16},"end":{"line":141,"column":null}},"43":{"start":{"line":143,"column":18},"end":{"line":143,"column":126}},"44":{"start":{"line":146,"column":2},"end":{"line":146,"column":null}},"45":{"start":{"line":149,"column":2},"end":{"line":152,"column":null}}},"fnMap":{"0":{"name":"(anonymous_9)","decl":{"start":{"line":22,"column":2},"end":{"line":22,"column":16}},"loc":{"start":{"line":22,"column":16},"end":{"line":27,"column":null}}},"1":{"name":"(anonymous_10)","decl":{"start":{"line":29,"column":2},"end":{"line":29,"column":8}},"loc":{"start":{"line":29,"column":74},"end":{"line":77,"column":null}}},"2":{"name":"(anonymous_11)","decl":{"start":{"line":48,"column":29},"end":{"line":48,"column":36}},"loc":{"start":{"line":48,"column":29},"end":{"line":48,"column":null}}},"3":{"name":"(anonymous_12)","decl":{"start":{"line":79,"column":10},"end":{"line":79,"column":28}},"loc":{"start":{"line":79,"column":57},"end":{"line":89,"column":null}}},"4":{"name":"getSMSProvider","decl":{"start":{"line":96,"column":16},"end":{"line":96,"column":null}},"loc":{"start":{"line":96,"column":16},"end":{"line":101,"column":null}}},"5":{"name":"sendBookingConfirmationSMS","decl":{"start":{"line":104,"column":22},"end":{"line":104,"column":49}},"loc":{"start":{"line":104,"column":65},"end":{"line":119,"column":null}}},"6":{"name":"sendBookingReminderSMS","decl":{"start":{"line":122,"column":22},"end":{"line":122,"column":45}},"loc":{"start":{"line":122,"column":61},"end":{"line":137,"column":null}}},"7":{"name":"sendBookingCancellationSMS","decl":{"start":{"line":140,"column":22},"end":{"line":140,"column":49}},"loc":{"start":{"line":140,"column":65},"end":{"line":153,"column":null}}}},"branchMap":{"0":{"loc":{"start":{"line":24,"column":22},"end":{"line":24,"column":null}},"type":"binary-expr","locations":[{"start":{"line":24,"column":22},"end":{"line":24,"column":52}},{"start":{"line":24,"column":56},"end":{"line":24,"column":null}}]},"1":{"loc":{"start":{"line":25,"column":21},"end":{"line":25,"column":null}},"type":"binary-expr","locations":[{"start":{"line":25,"column":21},"end":{"line":25,"column":50}},{"start":{"line":25,"column":54},"end":{"line":25,"column":null}}]},"2":{"loc":{"start":{"line":26,"column":22},"end":{"line":26,"column":null}},"type":"binary-expr","locations":[{"start":{"line":26,"column":22},"end":{"line":26,"column":53}},{"start":{"line":26,"column":57},"end":{"line":26,"column":null}}]},"3":{"loc":{"start":{"line":32,"column":6},"end":{"line":39,"column":null}},"type":"if","locations":[{"start":{"line":32,"column":6},"end":{"line":39,"column":null}},{"start":{},"end":{}}]},"4":{"loc":{"start":{"line":32,"column":10},"end":{"line":32,"column":65}},"type":"binary-expr","locations":[{"start":{"line":32,"column":10},"end":{"line":32,"column":26}},{"start":{"line":32,"column":30},"end":{"line":32,"column":45}},{"start":{"line":32,"column":49},"end":{"line":32,"column":65}}]},"5":{"loc":{"start":{"line":74,"column":15},"end":{"line":74,"column":null}},"type":"cond-expr","locations":[{"start":{"line":74,"column":40},"end":{"line":74,"column":53}},{"start":{"line":74,"column":56},"end":{"line":74,"column":null}}]},"6":{"loc":{"start":{"line":84,"column":4},"end":{"line":86,"column":null}},"type":"if","locations":[{"start":{"line":84,"column":4},"end":{"line":86,"column":null}},{"start":{},"end":{}}]},"7":{"loc":{"start":{"line":97,"column":2},"end":{"line":99,"column":null}},"type":"if","locations":[{"start":{"line":97,"column":2},"end":{"line":99,"column":null}},{"start":{},"end":{}}]}},"s":{"0":0,"1":0,"2":0,"3":0,"4":0,"5":1,"6":0,"7":0,"8":0,"9":0,"10":0,"11":0,"12":0,"13":0,"14":0,"15":0,"16":0,"17":0,"18":0,"19":0,"20":0,"21":0,"22":0,"23":0,"24":0,"25":0,"26":0,"27":0,"28":0,"29":0,"30":1,"31":0,"32":0,"33":0,"34":0,"35":0,"36":0,"37":0,"38":0,"39":0,"40":0,"41":0,"42":0,"43":0,"44":0,"45":0},"f":{"0":0,"1":0,"2":0,"3":0,"4":0,"5":0,"6":0,"7":0},"b":{"0":[0,0],"1":[0,0],"2":[0,0],"3":[0,0],"4":[0,0,0],"5":[0,0],"6":[0,0],"7":[0,0]}}
,"/home/marcin/windsurf/Projects/asia/eduhusdawka_pl/lib/spam-protection.ts": {"path":"/home/marcin/windsurf/Projects/asia/eduhusdawka_pl/lib/spam-protection.ts","statementMap":{"0":{"start":{"line":5,"column":16},"end":{"line":5,"column":29}},"1":{"start":{"line":6,"column":25},"end":{"line":6,"column":null}},"2":{"start":{"line":7,"column":26},"end":{"line":7,"column":null}},"3":{"start":{"line":10,"column":2},"end":{"line":10,"column":null}}},"fnMap":{"0":{"name":"isLikelySpam","decl":{"start":{"line":5,"column":16},"end":{"line":5,"column":29}},"loc":{"start":{"line":5,"column":50},"end":{"line":11,"column":null}}}},"branchMap":{},"s":{"0":0,"1":0,"2":0,"3":0},"f":{"0":0},"b":{}}
,"/home/marcin/windsurf/Projects/asia/eduhusdawka_pl/lib/utils.ts": {"path":"/home/marcin/windsurf/Projects/asia/eduhusdawka_pl/lib/utils.ts","statementMap":{"0":{"start":{"line":4,"column":16},"end":{"line":4,"column":19}},"1":{"start":{"line":1,"column":38},"end":{"line":1,"column":null}},"2":{"start":{"line":2,"column":24},"end":{"line":2,"column":null}},"3":{"start":{"line":5,"column":2},"end":{"line":5,"column":null}}},"fnMap":{"0":{"name":"cn","decl":{"start":{"line":4,"column":16},"end":{"line":4,"column":19}},"loc":{"start":{"line":4,"column":42},"end":{"line":6,"column":null}}}},"branchMap":{},"s":{"0":3855,"1":5,"2":5,"3":3855},"f":{"0":3855},"b":{}}
}
