TN:
SF:app/HomeClient.tsx
FN:35,HomeClient
FN:75,(anonymous_3)
FN:88,(anonymous_4)
FN:416,(anonymous_5)
FN:427,(anonymous_6)
FN:613,(anonymous_7)
FNF:6
FNH:0
FNDA:0,HomeClient
FNDA:0,(anonymous_3)
FNDA:0,(anonymous_4)
FNDA:0,(anonymous_5)
FNDA:0,(anonymous_6)
FNDA:0,(anonymous_7)
DA:3,0
DA:4,0
DA:11,0
DA:12,0
DA:13,0
DA:15,0
DA:30,0
DA:31,0
DA:32,0
DA:35,0
DA:36,0
DA:75,0
DA:88,0
DA:416,0
DA:427,0
DA:613,0
LF:16
LH:0
BRF:0
BRH:0
end_of_record
TN:
SF:app/apple-icon.tsx
FN:14,Icon
FNF:1
FNH:0
FNDA:0,Icon
DA:1,0
DA:4,0
DA:7,0
DA:11,0
DA:14,0
DA:15,0
LF:6
LH:0
BRF:0
BRH:0
end_of_record
TN:
SF:app/client-layout.tsx
FN:19,BodyClassManager
FN:22,(anonymous_3)
FN:30,(anonymous_4)
FN:45,ClientLayout
FNF:4
FNH:4
FNDA:13,BodyClassManager
FNDA:13,(anonymous_3)
FNDA:13,(anonymous_4)
FNDA:13,ClientLayout
DA:5,1
DA:6,1
DA:7,1
DA:8,1
DA:9,1
DA:10,1
DA:11,1
DA:12,1
DA:13,1
DA:14,1
DA:15,1
DA:16,1
DA:17,1
DA:20,13
DA:22,13
DA:23,13
DA:24,13
DA:25,13
DA:26,13
DA:27,13
DA:28,13
DA:30,13
DA:31,13
DA:42,13
DA:45,13
LF:25
LH:25
BRDA:66,0,0,13
BRDA:66,0,1,0
BRF:2
BRH:1
end_of_record
TN:
SF:app/favicon.tsx
FN:14,Icon
FNF:1
FNH:0
FNDA:0,Icon
DA:1,0
DA:4,0
DA:7,0
DA:11,0
DA:14,0
DA:15,0
LF:6
LH:0
BRF:0
BRH:0
end_of_record
TN:
SF:app/icon.tsx
FN:14,Icon
FNF:1
FNH:0
FNDA:0,Icon
DA:1,0
DA:4,0
DA:7,0
DA:11,0
DA:14,0
DA:15,0
LF:6
LH:0
BRF:0
BRH:0
end_of_record
TN:
SF:app/layout.tsx
FN:59,RootLayout
FNF:1
FNH:1
FNDA:13,RootLayout
DA:2,1
DA:3,1
DA:4,1
DA:6,1
DA:59,13
LF:5
LH:5
BRF:0
BRH:0
end_of_record
TN:
SF:app/not-found.tsx
FN:15,NotFound
FNF:1
FNH:0
FNDA:0,NotFound
DA:1,0
DA:2,0
DA:3,0
DA:4,0
DA:5,0
DA:6,0
DA:7,0
DA:10,0
DA:15,0
LF:9
LH:0
BRF:0
BRH:0
end_of_record
TN:
SF:app/opengraph-image.tsx
FN:15,Image
FNF:1
FNH:0
FNDA:0,Image
DA:1,0
DA:4,0
DA:7,0
DA:8,0
DA:12,0
DA:15,0
DA:16,0
LF:7
LH:0
BRF:0
BRH:0
end_of_record
TN:
SF:app/page.tsx
FN:5,HomePage
FNF:1
FNH:0
FNDA:0,HomePage
DA:1,0
DA:2,0
DA:3,0
DA:5,0
LF:4
LH:0
BRF:0
BRH:0
end_of_record
TN:
SF:app/robots.ts
FN:3,robots
FNF:1
FNH:0
FNDA:0,robots
DA:3,0
DA:4,0
DA:6,0
LF:3
LH:0
BRDA:4,0,0,0
BRDA:4,0,1,0
BRF:2
BRH:0
end_of_record
TN:
SF:app/sitemap.ts
FN:4,sitemap
FN:49,(anonymous_2)
FN:66,(anonymous_3)
FNF:3
FNH:0
FNDA:0,sitemap
FNDA:0,(anonymous_2)
FNDA:0,(anonymous_3)
DA:2,0
DA:4,0
DA:5,0
DA:6,0
DA:9,0
DA:49,0
DA:57,0
DA:66,0
DA:73,0
LF:9
LH:0
BRDA:5,0,0,0
BRDA:5,0,1,0
BRF:2
BRH:0
end_of_record
TN:
SF:app/actions/booking-actions.ts
FN:15,createBooking
FN:19,(anonymous_4)
FN:62,checkAvailability
FN:66,(anonymous_6)
FNF:4
FNH:0
FNDA:0,createBooking
FNDA:0,(anonymous_4)
FNDA:0,checkAvailability
FNDA:0,(anonymous_6)
DA:3,4
DA:4,0
DA:15,0
DA:16,0
DA:19,0
DA:22,0
DA:25,0
DA:26,0
DA:31,0
DA:37,0
DA:40,0
DA:46,0
DA:52,0
DA:53,0
DA:62,0
DA:63,0
DA:66,0
DA:69,0
DA:71,0
DA:76,0
DA:77,0
LF:21
LH:1
BRF:0
BRH:0
end_of_record
TN:
SF:app/actions/contact-form.ts
FN:15,(anonymous_1)
FN:35,submitContactForm
FN:81,(anonymous_3)
FNF:3
FNH:0
FNDA:0,(anonymous_1)
FNDA:0,submitContactForm
FNDA:0,(anonymous_3)
DA:3,1
DA:4,1
DA:5,1
DA:6,1
DA:9,1
DA:15,0
DA:35,6
DA:37,0
DA:38,0
DA:40,0
DA:41,0
DA:48,0
DA:49,0
DA:50,0
DA:51,0
DA:52,0
DA:58,0
DA:68,0
DA:69,0
DA:76,0
DA:78,0
DA:81,0
DA:84,0
DA:87,0
DA:88,0
DA:89,0
DA:90,0
DA:91,0
DA:92,0
DA:93,0
DA:96,0
DA:100,0
DA:101,0
DA:102,0
DA:103,0
DA:105,0
DA:106,0
DA:107,0
DA:118,0
DA:122,0
DA:128,0
DA:129,0
LF:42
LH:6
BRDA:38,0,0,0
BRDA:38,0,1,0
BRDA:38,1,0,0
BRDA:38,1,1,0
BRDA:49,2,0,0
BRDA:49,2,1,0
BRDA:51,3,0,0
BRDA:51,3,1,0
BRDA:61,4,0,0
BRDA:61,4,1,0
BRDA:64,5,0,0
BRDA:64,5,1,0
BRDA:68,6,0,0
BRDA:68,6,1,0
BRDA:88,7,0,0
BRDA:88,7,1,0
BRDA:89,8,0,0
BRDA:89,8,1,0
BRDA:91,9,0,0
BRDA:91,9,1,0
BRDA:92,10,0,0
BRDA:92,10,1,0
BRDA:102,11,0,0
BRDA:102,11,1,0
BRDA:103,12,0,0
BRDA:103,12,1,0
BRDA:105,13,0,0
BRDA:105,13,1,0
BRDA:105,14,0,0
BRDA:105,14,1,0
BRDA:113,15,0,0
BRDA:113,15,1,0
BRF:32
BRH:0
end_of_record
TN:
SF:app/admin/sms/page.tsx
FN:9,SMSAdminPage
FNF:1
FNH:0
FNDA:0,SMSAdminPage
DA:2,0
DA:4,0
DA:9,0
LF:3
LH:0
BRF:0
BRH:0
end_of_record
TN:
SF:app/api/sms-queue/route.ts
FN:6,GET
FN:14,(anonymous_4)
FN:26,POST
FNF:3
FNH:0
FNDA:0,GET
FNDA:0,(anonymous_4)
FNDA:0,POST
DA:1,0
DA:2,0
DA:6,0
DA:7,0
DA:8,0
DA:9,0
DA:10,0
DA:12,0
DA:14,0
DA:20,0
DA:21,0
DA:26,0
DA:27,0
DA:28,0
DA:29,0
DA:31,0
DA:32,0
DA:33,0
DA:35,0
DA:36,0
DA:38,0
DA:45,0
DA:47,0
DA:48,0
LF:24
LH:0
BRDA:16,0,0,0
BRDA:16,0,1,0
BRDA:31,1,0,0
BRDA:31,1,1,0
BRDA:31,2,0,0
BRDA:31,2,1,0
BRDA:35,3,0,0
BRDA:35,3,1,0
BRF:8
BRH:0
end_of_record
TN:
SF:app/artykuly/kiedy-dziecko-potrzebuje-terapii-reki/page.tsx
FN:15,KiedyDzieckoTerapiaRekiPage
FN:92,(anonymous_5)
FN:145,(anonymous_6)
FNF:3
FNH:0
FNDA:0,KiedyDzieckoTerapiaRekiPage
FNDA:0,(anonymous_5)
FNDA:0,(anonymous_6)
DA:2,0
DA:3,0
DA:4,0
DA:5,0
DA:6,0
DA:7,0
DA:9,0
DA:15,0
DA:93,0
DA:146,0
LF:10
LH:0
BRF:0
BRH:0
end_of_record
TN:
SF:app/artykuly/problemy-z-koncentracja-u-dzieci/page.tsx
FN:15,ProblemowyKoncentracjaPage
FN:95,(anonymous_5)
FN:117,(anonymous_6)
FN:173,(anonymous_7)
FNF:4
FNH:0
FNDA:0,ProblemowyKoncentracjaPage
FNDA:0,(anonymous_5)
FNDA:0,(anonymous_6)
FNDA:0,(anonymous_7)
DA:2,0
DA:3,0
DA:4,0
DA:5,0
DA:6,0
DA:7,0
DA:9,0
DA:15,0
DA:96,0
DA:118,0
DA:174,0
LF:11
LH:0
BRF:0
BRH:0
end_of_record
TN:
SF:app/artykuly/umiejetnosci-spoleczne-dlaczego-wazne/page.tsx
FN:15,UmiejetnosciSpolecznePage
FN:107,(anonymous_5)
FN:133,(anonymous_6)
FN:159,(anonymous_7)
FNF:4
FNH:0
FNDA:0,UmiejetnosciSpolecznePage
FNDA:0,(anonymous_5)
FNDA:0,(anonymous_6)
FNDA:0,(anonymous_7)
DA:2,0
DA:3,0
DA:4,0
DA:5,0
DA:6,0
DA:7,0
DA:9,0
DA:15,0
DA:108,0
DA:134,0
DA:160,0
LF:11
LH:0
BRF:0
BRH:0
end_of_record
TN:
SF:app/blog/[slug]/page.tsx
FN:19,generateMetadata
FN:21,(anonymous_6)
FN:51,generateStaticParams
FN:52,(anonymous_8)
FN:57,BlogPostPage
FN:59,(anonymous_10)
FN:105,(anonymous_11)
FNF:7
FNH:0
FNDA:0,generateMetadata
FNDA:0,(anonymous_6)
FNDA:0,generateStaticParams
FNDA:0,(anonymous_8)
FNDA:0,BlogPostPage
FNDA:0,(anonymous_10)
FNDA:0,(anonymous_11)
DA:1,0
DA:2,0
DA:3,0
DA:4,0
DA:5,0
DA:6,0
DA:7,0
DA:8,0
DA:9,0
DA:10,0
DA:19,0
DA:20,0
DA:21,0
DA:23,0
DA:24,0
DA:30,0
DA:51,0
DA:52,0
DA:57,0
DA:58,0
DA:59,0
DA:61,0
DA:62,0
DA:106,0
LF:24
LH:0
BRDA:23,0,0,0
BRDA:23,0,1,0
BRDA:61,1,0,0
BRDA:61,1,1,0
BRDA:75,2,0,0
BRDA:75,2,1,0
BRF:6
BRH:0
end_of_record
TN:
SF:app/mapa-strony/page.tsx
FN:21,SitemapPage
FN:67,(anonymous_5)
FN:80,(anonymous_6)
FNF:3
FNH:0
FNDA:0,SitemapPage
FNDA:0,(anonymous_5)
FNDA:0,(anonymous_6)
DA:1,0
DA:2,0
DA:3,0
DA:4,0
DA:7,0
DA:13,0
DA:21,0
DA:68,0
DA:81,0
LF:9
LH:0
BRF:0
BRH:0
end_of_record
TN:
SF:app/o-mnie/AboutPageClient.tsx
FN:9,AboutPageClient
FN:168,(anonymous_3)
FN:188,(anonymous_4)
FN:197,(anonymous_5)
FNF:4
FNH:0
FNDA:0,AboutPageClient
FNDA:0,(anonymous_3)
FNDA:0,(anonymous_4)
FNDA:0,(anonymous_5)
DA:2,0
DA:3,0
DA:4,0
DA:5,0
DA:6,0
DA:7,0
DA:9,0
DA:169,0
DA:188,0
DA:197,0
LF:10
LH:0
BRF:0
BRH:0
end_of_record
TN:
SF:app/o-mnie/page.tsx
FN:10,AboutPage
FNF:1
FNH:0
FNDA:0,AboutPage
DA:2,0
DA:4,0
DA:10,0
DA:11,0
LF:4
LH:0
BRF:0
BRH:0
end_of_record
TN:
SF:app/polityka-cookies/page.tsx
FN:12,CookiePolicyPage
FNF:1
FNH:0
FNDA:0,CookiePolicyPage
DA:1,0
DA:2,0
DA:3,0
DA:4,0
DA:7,0
DA:12,0
LF:6
LH:0
BRF:0
BRH:0
end_of_record
TN:
SF:app/polityka-prywatnosci/page.tsx
FN:10,PrivacyPolicyPage
FNF:1
FNH:0
FNDA:0,PrivacyPolicyPage
DA:1,0
DA:2,0
DA:5,0
DA:10,0
LF:4
LH:0
BRF:0
BRH:0
end_of_record
TN:
SF:app/rezerwacja/page.tsx
FN:13,RezerwacjaPage
FN:77,(anonymous_3)
FN:81,(anonymous_4)
FN:86,(anonymous_5)
FN:150,(anonymous_6)
FNF:5
FNH:0
FNDA:0,RezerwacjaPage
FNDA:0,(anonymous_3)
FNDA:0,(anonymous_4)
FNDA:0,(anonymous_5)
FNDA:0,(anonymous_6)
DA:4,0
DA:5,0
DA:6,0
DA:7,0
DA:8,0
DA:13,0
DA:14,0
DA:77,0
DA:78,0
DA:81,0
DA:82,0
DA:83,0
DA:86,0
DA:87,0
DA:88,0
DA:109,0
DA:151,0
LF:17
LH:0
BRF:0
BRH:0
end_of_record
TN:
SF:app/uslugi/loading.tsx
FN:3,Loading
FNF:1
FNH:0
FNDA:0,Loading
DA:1,0
DA:3,0
DA:4,0
LF:3
LH:0
BRF:0
BRH:0
end_of_record
TN:
SF:app/uslugi/metadata.ts
FNF:0
FNH:0
DA:3,0
LF:1
LH:0
BRF:0
BRH:0
end_of_record
TN:
SF:app/uslugi/page.tsx
FN:89,UslugiPage
FN:111,(anonymous_5)
FNF:2
FNH:0
FNDA:0,UslugiPage
FNDA:0,(anonymous_5)
DA:2,0
DA:3,0
DA:4,0
DA:5,0
DA:6,0
DA:8,0
DA:14,0
DA:89,0
DA:112,0
DA:113,0
LF:10
LH:0
BRF:0
BRH:0
end_of_record
TN:
SF:app/uslugi/forbrain/page.tsx
FN:14,ForbrainPage
FNF:1
FNH:0
FNDA:0,ForbrainPage
DA:2,0
DA:3,0
DA:4,0
DA:5,0
DA:6,0
DA:8,0
DA:14,0
LF:7
LH:0
BRF:0
BRH:0
end_of_record
TN:
SF:app/uslugi/indywidualna-stymulacja-sluchu-johansena/page.tsx
FN:14,IASJohansenPage
FN:170,(anonymous_5)
FN:323,(anonymous_6)
FNF:3
FNH:0
FNDA:0,IASJohansenPage
FNDA:0,(anonymous_5)
FNDA:0,(anonymous_6)
DA:2,0
DA:3,0
DA:4,0
DA:5,0
DA:6,0
DA:8,0
DA:14,0
DA:171,0
DA:324,0
LF:9
LH:0
BRF:0
BRH:0
end_of_record
TN:
SF:app/uslugi/korp/page.tsx
FN:15,KORPPage
FNF:1
FNH:0
FNDA:0,KORPPage
DA:2,0
DA:3,0
DA:4,0
DA:5,0
DA:6,0
DA:7,0
DA:9,0
DA:15,0
LF:8
LH:0
BRF:0
BRH:0
end_of_record
TN:
SF:app/uslugi/terapia-dla-dzieci-z-autyzmem/page.tsx
FN:16,TerapiaDzieciZAutyzmemPage
FNF:1
FNH:0
FNDA:0,TerapiaDzieciZAutyzmemPage
DA:1,0
DA:2,0
DA:3,0
DA:5,0
DA:6,0
DA:9,0
DA:16,0
LF:7
LH:0
BRF:0
BRH:0
end_of_record
TN:
SF:app/uslugi/terapia-pedagogiczna/page.tsx
FN:14,TerapiaPedagogicznaPage
FN:207,(anonymous_5)
FNF:2
FNH:0
FNDA:0,TerapiaPedagogicznaPage
FNDA:0,(anonymous_5)
DA:2,0
DA:3,0
DA:4,0
DA:5,0
DA:6,0
DA:8,0
DA:14,0
DA:208,0
LF:8
LH:0
BRF:0
BRH:0
end_of_record
TN:
SF:app/uslugi/terapia-reki/page.tsx
FN:14,TerapiaRekiPage
FNF:1
FNH:0
FNDA:0,TerapiaRekiPage
DA:2,0
DA:3,0
DA:4,0
DA:5,0
DA:6,0
DA:8,0
DA:14,0
LF:7
LH:0
BRF:0
BRH:0
end_of_record
TN:
SF:app/uslugi/trening-sluchowy-johansena/page.tsx
FN:14,TreningSluchowyJohansenaPage
FNF:1
FNH:0
FNDA:0,TreningSluchowyJohansenaPage
DA:2,0
DA:3,0
DA:4,0
DA:5,0
DA:6,0
DA:8,0
DA:14,0
LF:7
LH:0
BRF:0
BRH:0
end_of_record
TN:
SF:app/uslugi/trening-umiejetnosci-spolecznych/TreningUmiejetnosciSpolecznychClientPage.tsx
FN:11,TreningUmiejetnosciSpolecznychClientPage
FN:40,(anonymous_3)
FN:49,(anonymous_4)
FN:406,(anonymous_5)
FN:425,(anonymous_6)
FNF:5
FNH:0
FNDA:0,TreningUmiejetnosciSpolecznychClientPage
FNDA:0,(anonymous_3)
FNDA:0,(anonymous_4)
FNDA:0,(anonymous_5)
FNDA:0,(anonymous_6)
DA:3,0
DA:4,0
DA:5,0
DA:6,0
DA:7,0
DA:8,0
DA:9,0
DA:11,0
DA:40,0
DA:49,0
DA:406,0
DA:425,0
LF:12
LH:0
BRF:0
BRH:0
end_of_record
TN:
SF:app/uslugi/trening-umiejetnosci-spolecznych/page.tsx
FN:11,TreningUmiejetnosciSpolecznychPage
FNF:1
FNH:0
FNDA:0,TreningUmiejetnosciSpolecznychPage
DA:2,0
DA:4,0
DA:11,0
DA:12,0
LF:4
LH:0
BRF:0
BRH:0
end_of_record
TN:
SF:app/uslugi/wczesna-nauka-czytania/page.tsx
FN:14,WczesnaNaukaCzytaniaPage
FNF:1
FNH:0
FNDA:0,WczesnaNaukaCzytaniaPage
DA:2,0
DA:3,0
DA:4,0
DA:5,0
DA:6,0
DA:8,0
DA:14,0
LF:7
LH:0
BRF:0
BRH:0
end_of_record
TN:
SF:components/admin/printable-directions.tsx
FN:9,PrintableDirections
FN:19,(anonymous_3)
FN:147,(anonymous_4)
FN:151,(anonymous_5)
FN:156,(anonymous_6)
FNF:5
FNH:0
FNDA:0,PrintableDirections
FNDA:0,(anonymous_3)
FNDA:0,(anonymous_4)
FNDA:0,(anonymous_5)
FNDA:0,(anonymous_6)
DA:3,0
DA:4,0
DA:5,0
DA:6,0
DA:7,0
DA:9,0
DA:10,0
DA:13,0
DA:14,0
DA:19,0
DA:147,0
DA:151,0
DA:158,0
LF:13
LH:0
BRF:0
BRH:0
end_of_record
TN:
SF:components/admin/sms-queue-stats.tsx
FN:29,SMSQueueStats
FN:35,(anonymous_2)
FN:55,(anonymous_3)
FN:76,(anonymous_4)
FN:81,(anonymous_5)
FN:84,(anonymous_6)
FN:163,(anonymous_7)
FN:181,(anonymous_8)
FNF:8
FNH:0
FNDA:0,SMSQueueStats
FNDA:0,(anonymous_2)
FNDA:0,(anonymous_3)
FNDA:0,(anonymous_4)
FNDA:0,(anonymous_5)
FNDA:0,(anonymous_6)
FNDA:0,(anonymous_7)
FNDA:0,(anonymous_8)
DA:3,0
DA:4,0
DA:5,0
DA:6,0
DA:7,0
DA:29,0
DA:30,0
DA:31,0
DA:32,0
DA:33,0
DA:35,0
DA:36,0
DA:37,0
DA:38,0
DA:40,0
DA:41,0
DA:44,0
DA:45,0
DA:46,0
DA:47,0
DA:49,0
DA:51,0
DA:55,0
DA:56,0
DA:57,0
DA:65,0
DA:66,0
DA:70,0
DA:72,0
DA:76,0
DA:77,0
DA:80,0
DA:81,0
DA:84,0
DA:85,0
DA:164,0
DA:181,0
LF:37
LH:0
BRDA:40,0,0,0
BRDA:40,0,1,0
BRDA:49,1,0,0
BRDA:49,1,1,0
BRDA:65,2,0,0
BRDA:65,2,1,0
BRDA:72,3,0,0
BRDA:72,3,1,0
BRDA:121,4,0,0
BRDA:121,4,1,0
BRDA:127,5,0,0
BRDA:134,6,0,0
BRDA:158,7,0,0
BRDA:157,8,0,0
BRDA:157,8,1,0
BRDA:160,9,0,0
BRDA:179,10,0,0
BRF:17
BRH:0
end_of_record
TN:
SF:components/analytics/analytics-test.tsx
FN:8,AnalyticsTest
FN:13,(anonymous_2)
FN:15,(anonymous_3)
FNF:3
FNH:0
FNDA:0,AnalyticsTest
FNDA:0,(anonymous_2)
FNDA:0,(anonymous_3)
DA:3,1
DA:4,1
DA:5,1
DA:6,1
DA:8,0
DA:9,0
DA:10,0
DA:11,0
DA:13,0
DA:14,0
DA:15,0
DA:16,0
LF:12
LH:4
BRDA:23,0,0,0
BRDA:23,0,1,0
BRF:2
BRH:0
end_of_record
TN:
SF:components/analytics/google-analytics.tsx
FN:9,GoogleAnalytics
FN:15,(anonymous_3)
FN:19,(anonymous_4)
FNF:3
FNH:0
FNDA:0,GoogleAnalytics
FNDA:0,(anonymous_3)
FNDA:0,(anonymous_4)
DA:3,0
DA:4,0
DA:5,0
DA:6,0
DA:7,0
DA:9,0
DA:10,0
DA:11,0
DA:12,0
DA:13,0
DA:15,0
DA:16,0
DA:19,0
DA:20,0
DA:22,0
DA:23,0
DA:27,0
LF:17
LH:0
BRDA:20,0,0,0
BRDA:20,0,1,0
BRDA:20,1,0,0
BRDA:20,1,1,0
BRDA:20,1,2,0
BRDA:22,2,0,0
BRDA:22,2,1,0
BRDA:27,3,0,0
BRDA:27,3,1,0
BRDA:27,4,0,0
BRDA:27,4,1,0
BRF:11
BRH:0
end_of_record
TN:
SF:components/analytics/google-tag-manager.tsx
FN:9,GoogleTagManager
FN:13,(anonymous_3)
FNF:2
FNH:2
FNDA:26,GoogleTagManager
FNDA:13,(anonymous_3)
DA:3,1
DA:4,1
DA:5,1
DA:7,1
DA:9,13
DA:10,26
DA:11,26
DA:13,26
DA:14,13
DA:18,26
LF:10
LH:10
BRDA:7,0,0,1
BRDA:7,0,1,1
BRDA:18,1,0,26
BRDA:18,1,1,0
BRDA:18,2,0,26
BRDA:18,2,1,13
BRDA:18,2,2,0
BRF:7
BRH:5
end_of_record
TN:
SF:components/analytics/service-view-tracker.tsx
FN:10,ServiceViewTracker
FN:13,(anonymous_2)
FNF:2
FNH:0
FNDA:0,ServiceViewTracker
FNDA:0,(anonymous_2)
DA:3,0
DA:4,0
DA:10,0
DA:11,0
DA:13,0
DA:14,0
DA:15,0
DA:20,0
LF:8
LH:0
BRDA:14,0,0,0
BRDA:14,0,1,0
BRF:2
BRH:0
end_of_record
TN:
SF:components/animations/animated-page-section.tsx
FN:19,AnimatedPageSection
FNF:1
FNH:0
FNDA:0,AnimatedPageSection
DA:3,0
DA:5,0
DA:19,0
DA:26,0
DA:29,0
DA:72,0
LF:6
LH:0
BRDA:21,0,0,0
BRDA:22,1,0,0
BRDA:23,2,0,0
BRDA:34,3,0,0
BRDA:34,3,1,0
BRDA:40,4,0,0
BRDA:40,4,1,0
BRDA:43,5,0,0
BRDA:43,5,1,0
BRDA:49,6,0,0
BRDA:49,6,1,0
BRDA:52,7,0,0
BRDA:52,7,1,0
BRDA:60,8,0,0
BRDA:60,8,1,0
BRDA:61,9,0,0
BRDA:61,9,1,0
BRDA:65,10,0,0
BRDA:65,10,1,0
BRDA:72,11,0,0
BRDA:72,11,1,0
BRF:21
BRH:0
end_of_record
TN:
SF:components/animations/animated-section.tsx
FN:19,(anonymous_1)
FN:33,(anonymous_2)
FN:37,(anonymous_3)
FN:42,(anonymous_4)
FN:47,(anonymous_5)
FN:62,(anonymous_6)
FN:70,(anonymous_7)
FNF:7
FNH:4
FNDA:264,(anonymous_1)
FNDA:34,(anonymous_2)
FNDA:0,(anonymous_3)
FNDA:0,(anonymous_4)
FNDA:0,(anonymous_5)
FNDA:34,(anonymous_6)
FNDA:264,(anonymous_7)
DA:5,1
DA:6,1
DA:7,1
DA:19,1
DA:28,264
DA:29,264
DA:30,264
DA:31,264
DA:33,264
DA:34,34
DA:36,34
DA:38,0
DA:40,0
DA:42,0
DA:43,0
DA:44,0
DA:47,0
DA:48,0
DA:49,0
DA:58,34
DA:59,34
DA:62,34
DA:63,34
DA:64,34
DA:66,34
DA:70,264
DA:72,264
DA:76,264
DA:77,264
DA:78,0
DA:81,264
DA:83,0
DA:85,264
DA:87,0
DA:89,0
DA:91,132
DA:93,132
DA:95,0
DA:98,0
DA:100,0
DA:102,0
DA:106,0
DA:107,0
DA:110,0
DA:112,0
DA:114,0
DA:116,0
DA:118,0
DA:120,0
DA:131,1
DA:133,258
LF:51
LH:27
BRDA:22,0,0,132
BRDA:23,1,0,0
BRDA:24,2,0,0
BRDA:25,3,0,264
BRDA:26,4,0,264
BRDA:38,5,0,0
BRDA:38,5,1,0
BRDA:38,6,0,0
BRDA:38,6,1,0
BRDA:38,6,2,0
BRDA:40,7,0,0
BRDA:40,7,1,0
BRDA:44,8,0,0
BRDA:44,8,1,0
BRDA:48,9,0,0
BRDA:48,9,1,0
BRDA:48,10,0,0
BRDA:48,10,1,0
BRDA:54,11,0,0
BRDA:54,11,1,34
BRDA:58,12,0,34
BRDA:58,12,1,0
BRDA:63,13,0,34
BRDA:63,13,1,0
BRDA:72,14,0,0
BRDA:72,14,1,264
BRDA:76,15,0,264
BRDA:76,15,1,0
BRDA:77,16,0,0
BRDA:77,16,1,264
BRDA:81,17,0,0
BRDA:81,17,1,264
BRDA:81,17,2,0
BRDA:81,17,3,0
BRDA:81,17,4,0
BRDA:85,18,0,0
BRDA:85,18,1,0
BRDA:85,18,2,132
BRDA:85,18,3,132
BRDA:85,18,4,0
BRDA:106,19,0,0
BRDA:106,19,1,0
BRDA:110,20,0,0
BRDA:110,20,1,0
BRDA:110,20,2,0
BRDA:110,20,3,0
BRDA:110,20,4,0
BRF:47
BRH:12
end_of_record
TN:
SF:components/animations/animated-stats.tsx
FN:14,(anonymous_4)
FN:19,(anonymous_5)
FN:21,(anonymous_6)
FN:33,(anonymous_7)
FN:36,(anonymous_8)
FN:43,(anonymous_9)
FN:79,(anonymous_10)
FN:80,(anonymous_11)
FN:119,(anonymous_12)
FNF:9
FNH:0
FNDA:0,(anonymous_4)
FNDA:0,(anonymous_5)
FNDA:0,(anonymous_6)
FNDA:0,(anonymous_7)
FNDA:0,(anonymous_8)
FNDA:0,(anonymous_9)
FNDA:0,(anonymous_10)
FNDA:0,(anonymous_11)
FNDA:0,(anonymous_12)
DA:3,0
DA:4,0
DA:14,0
DA:15,0
DA:16,0
DA:17,0
DA:19,0
DA:20,0
DA:22,0
DA:23,0
DA:29,0
DA:30,0
DA:33,0
DA:36,0
DA:37,0
DA:40,0
DA:41,0
DA:43,0
DA:44,0
DA:45,0
DA:47,0
DA:48,0
DA:50,0
DA:52,0
DA:53,0
DA:57,0
DA:77,0
DA:79,0
DA:80,0
DA:120,0
DA:135,0
DA:137,0
LF:32
LH:0
BRDA:14,0,0,0
BRDA:14,1,0,0
BRDA:22,2,0,0
BRDA:22,2,1,0
BRDA:29,3,0,0
BRDA:29,3,1,0
BRDA:37,4,0,0
BRDA:37,4,1,0
BRDA:44,5,0,0
BRDA:44,5,1,0
BRDA:52,6,0,0
BRDA:52,6,1,0
BRF:12
BRH:0
end_of_record
TN:
SF:components/animations/development-timeline.tsx
FN:67,DevelopmentTimeline
FN:105,(anonymous_3)
FN:131,(anonymous_4)
FN:159,(anonymous_5)
FNF:4
FNH:0
FNDA:0,DevelopmentTimeline
FNDA:0,(anonymous_3)
FNDA:0,(anonymous_4)
FNDA:0,(anonymous_5)
DA:3,0
DA:4,0
DA:5,0
DA:6,0
DA:20,0
DA:67,0
DA:68,0
DA:106,0
DA:131,0
DA:160,0
LF:10
LH:0
BRDA:115,0,0,0
BRDA:115,0,1,0
BRDA:123,1,0,0
BRDA:123,1,1,0
BRDA:129,2,0,0
BRDA:129,2,1,0
BRDA:131,3,0,0
BRDA:131,3,1,0
BRDA:171,4,0,0
BRF:9
BRH:0
end_of_record
TN:
SF:components/blog/blog-card.tsx
FN:14,BlogCard
FN:40,(anonymous_3)
FNF:2
FNH:0
FNDA:0,BlogCard
FNDA:0,(anonymous_3)
DA:3,0
DA:4,0
DA:5,0
DA:6,0
DA:14,0
DA:40,0
LF:6
LH:0
BRDA:19,0,0,0
BRDA:19,0,1,0
BRF:2
BRH:0
end_of_record
TN:
SF:components/blog/blog-post-modal.tsx
FN:15,BlogPostModal
FN:19,(anonymous_3)
FN:57,(anonymous_4)
FNF:3
FNH:0
FNDA:0,BlogPostModal
FNDA:0,(anonymous_3)
FNDA:0,(anonymous_4)
DA:3,0
DA:4,0
DA:5,0
DA:7,0
DA:15,0
DA:16,0
DA:19,0
DA:58,0
LF:8
LH:0
BRDA:16,0,0,0
BRDA:16,0,1,0
BRDA:19,1,0,0
BRDA:19,1,1,0
BRDA:34,2,0,0
BRDA:34,2,1,0
BRF:6
BRH:0
end_of_record
TN:
SF:components/common/service-recommendation-section.tsx
FN:3,ServiceRecommendationSection
FNF:1
FNH:0
FNDA:0,ServiceRecommendationSection
DA:3,0
LF:1
LH:0
BRF:0
BRH:0
end_of_record
TN:
SF:components/common/social-icons.tsx
FN:14,SocialIcons
FN:40,(anonymous_2)
FN:45,(anonymous_3)
FNF:3
FNH:0
FNDA:0,SocialIcons
FNDA:0,(anonymous_2)
FNDA:0,(anonymous_3)
DA:3,0
DA:4,0
DA:5,0
DA:14,0
DA:15,0
DA:17,0
DA:39,0
DA:40,0
DA:46,0
LF:9
LH:0
BRDA:14,0,0,0
BRDA:14,1,0,0
BRDA:39,2,0,0
BRDA:39,2,1,0
BRDA:53,3,0,0
BRDA:53,3,1,0
BRDA:59,4,0,0
BRF:7
BRH:0
end_of_record
TN:
SF:components/common/structured-data.tsx
FN:6,StructuredData
FN:144,(anonymous_3)
FNF:2
FNH:2
FNDA:13,StructuredData
FNDA:130,(anonymous_3)
DA:3,1
DA:4,1
DA:6,13
DA:7,13
DA:120,13
DA:141,13
DA:144,130
LF:7
LH:7
BRF:0
BRH:0
end_of_record
TN:
SF:components/error/enhanced-error-boundary.tsx
FN:39,(anonymous_8)
FN:76,(anonymous_9)
FN:85,(anonymous_10)
FN:90,(anonymous_11)
FN:44,(anonymous_12)
FN:53,(anonymous_13)
FN:95,(anonymous_14)
FN:101,(anonymous_15)
FN:122,(anonymous_16)
FN:232,withErrorBoundary
FN:248,useErrorHandler
FN:249,(anonymous_20)
FNF:12
FNH:0
FNDA:0,(anonymous_8)
FNDA:0,(anonymous_9)
FNDA:0,(anonymous_10)
FNDA:0,(anonymous_11)
FNDA:0,(anonymous_12)
FNDA:0,(anonymous_13)
FNDA:0,(anonymous_14)
FNDA:0,(anonymous_15)
FNDA:0,(anonymous_16)
FNDA:0,withErrorBoundary
FNDA:0,useErrorHandler
FNDA:0,(anonymous_20)
DA:3,0
DA:4,0
DA:5,0
DA:6,0
DA:40,0
DA:41,0
DA:45,0
DA:46,0
DA:54,0
DA:59,0
DA:62,0
DA:71,0
DA:72,0
DA:77,0
DA:86,0
DA:87,0
DA:90,0
DA:91,0
DA:96,0
DA:97,0
DA:102,0
DA:103,0
DA:104,0
DA:116,0
DA:119,0
DA:123,0
DA:124,0
DA:126,0
DA:232,0
DA:242,0
DA:244,0
DA:248,0
DA:249,0
DA:250,0
DA:256,0
DA:259,0
LF:36
LH:0
BRDA:86,0,0,0
BRDA:86,0,1,0
BRDA:55,1,0,0
BRDA:55,1,1,0
BRDA:56,2,0,0
BRDA:56,2,1,0
BRDA:65,3,0,0
BRDA:65,3,1,0
BRDA:71,4,0,0
BRDA:71,4,1,0
BRDA:71,5,0,0
BRDA:71,5,1,0
BRDA:96,6,0,0
BRDA:96,6,1,0
BRDA:102,7,0,0
BRDA:102,7,1,0
BRDA:103,8,0,0
BRDA:103,8,1,0
BRDA:123,9,0,0
BRDA:156,10,0,0
BRDA:179,11,0,0
BRDA:179,11,1,0
BRDA:215,12,0,0
BRDA:215,12,1,0
BRDA:242,13,0,0
BRDA:242,13,1,0
BRF:26
BRH:0
end_of_record
TN:
SF:components/error/error-boundary.tsx
FN:18,(anonymous_2)
FN:23,(anonymous_3)
FN:27,(anonymous_4)
FN:31,(anonymous_5)
FN:37,(anonymous_6)
FN:46,DefaultErrorFallback
FN:66,(anonymous_8)
FNF:7
FNH:0
FNDA:0,(anonymous_2)
FNDA:0,(anonymous_3)
FNDA:0,(anonymous_4)
FNDA:0,(anonymous_5)
FNDA:0,(anonymous_6)
FNDA:0,DefaultErrorFallback
FNDA:0,(anonymous_8)
DA:3,0
DA:4,0
DA:5,0
DA:19,0
DA:20,0
DA:24,0
DA:28,0
DA:32,0
DA:33,0
DA:37,0
DA:42,0
DA:66,0
DA:75,0
LF:13
LH:0
BRDA:32,0,0,0
BRDA:32,0,1,0
BRDA:33,1,0,0
BRDA:33,1,1,0
BRDA:54,2,0,0
BRF:5
BRH:0
end_of_record
TN:
SF:components/error/error-fallbacks.tsx
FN:11,ContactFormError
FN:44,BookingFormError
FN:72,ServicesError
FN:100,MapError
FNF:4
FNH:0
FNDA:0,ContactFormError
FNDA:0,BookingFormError
FNDA:0,ServicesError
FNDA:0,MapError
DA:3,0
DA:4,0
DA:5,0
DA:11,0
DA:44,0
DA:72,0
DA:100,0
LF:7
LH:0
BRDA:21,0,0,0
BRDA:54,1,0,0
BRDA:82,2,0,0
BRDA:110,3,0,0
BRF:4
BRH:0
end_of_record
TN:
SF:components/feedback/recommended-services.tsx
FN:15,RecommendedServices
FN:22,(anonymous_3)
FN:57,(anonymous_4)
FN:65,(anonymous_5)
FNF:4
FNH:0
FNDA:0,RecommendedServices
FNDA:0,(anonymous_3)
FNDA:0,(anonymous_4)
FNDA:0,(anonymous_5)
DA:3,0
DA:4,0
DA:5,0
DA:6,0
DA:7,0
DA:8,0
DA:15,0
DA:16,0
DA:17,0
DA:23,0
DA:57,0
DA:65,0
LF:12
LH:0
BRDA:15,0,0,0
BRDA:15,1,0,0
BRDA:26,2,0,0
BRDA:26,2,1,0
BRDA:53,3,0,0
BRDA:65,4,0,0
BRF:6
BRH:0
end_of_record
TN:
SF:components/feedback/testimonials.tsx
FN:13,Testimonials
FN:18,(anonymous_2)
FN:22,(anonymous_3)
FN:25,(anonymous_4)
FN:29,(anonymous_5)
FN:32,(anonymous_6)
FN:34,(anonymous_7)
FN:38,(anonymous_8)
FN:43,(anonymous_9)
FN:44,(anonymous_10)
FN:47,(anonymous_11)
FN:58,(anonymous_12)
FN:87,(anonymous_13)
FN:90,(anonymous_14)
FNF:14
FNH:0
FNDA:0,Testimonials
FNDA:0,(anonymous_2)
FNDA:0,(anonymous_3)
FNDA:0,(anonymous_4)
FNDA:0,(anonymous_5)
FNDA:0,(anonymous_6)
FNDA:0,(anonymous_7)
FNDA:0,(anonymous_8)
FNDA:0,(anonymous_9)
FNDA:0,(anonymous_10)
FNDA:0,(anonymous_11)
FNDA:0,(anonymous_12)
FNDA:0,(anonymous_13)
FNDA:0,(anonymous_14)
DA:3,0
DA:4,0
DA:5,0
DA:13,0
DA:14,0
DA:15,0
DA:16,0
DA:18,0
DA:19,0
DA:20,0
DA:21,0
DA:22,0
DA:25,0
DA:26,0
DA:27,0
DA:28,0
DA:29,0
DA:32,0
DA:33,0
DA:34,0
DA:35,0
DA:36,0
DA:38,0
DA:43,0
DA:44,0
DA:45,0
DA:47,0
DA:59,0
DA:88,0
DA:91,0
DA:92,0
DA:93,0
DA:94,0
DA:96,0
DA:97,0
LF:35
LH:0
BRDA:19,0,0,0
BRDA:19,0,1,0
BRDA:22,1,0,0
BRDA:22,1,1,0
BRDA:26,2,0,0
BRDA:26,2,1,0
BRDA:29,3,0,0
BRDA:29,3,1,0
BRDA:33,4,0,0
BRDA:33,4,1,0
BRDA:63,5,0,0
BRDA:63,5,1,0
BRDA:64,6,0,0
BRDA:64,6,1,0
BRDA:64,7,0,0
BRDA:64,7,1,0
BRDA:64,7,2,0
BRDA:65,8,0,0
BRDA:65,8,1,0
BRDA:65,9,0,0
BRDA:65,9,1,0
BRDA:65,9,2,0
BRDA:66,10,0,0
BRDA:66,10,1,0
BRDA:66,11,0,0
BRDA:66,11,1,0
BRDA:66,11,2,0
BRDA:66,11,3,0
BRDA:66,11,4,0
BRDA:68,12,0,0
BRDA:68,12,1,0
BRDA:70,13,0,0
BRDA:70,13,1,0
BRDA:91,14,0,0
BRDA:91,14,1,0
BRDA:93,15,0,0
BRDA:93,15,1,0
BRDA:101,16,0,0
BRDA:101,16,1,0
BRF:39
BRH:0
end_of_record
TN:
SF:components/forms/appointment-form.tsx
FN:7,(anonymous_4)
FN:9,(anonymous_5)
FNF:2
FNH:2
FNDA:13,(anonymous_4)
FNDA:3,(anonymous_5)
DA:3,1
DA:4,1
DA:5,1
DA:7,1
DA:9,13
DA:10,3
DA:30,1
DA:32,14
LF:8
LH:8
BRF:0
BRH:0
end_of_record
TN:
SF:components/forms/contact-form.tsx
FN:15,(anonymous_2)
FN:28,(anonymous_3)
FN:38,(anonymous_4)
FN:46,(anonymous_5)
FN:56,(anonymous_6)
FN:57,(anonymous_7)
FN:61,(anonymous_8)
FN:74,(anonymous_9)
FN:110,(anonymous_10)
FN:133,(anonymous_11)
FN:158,(anonymous_12)
FN:169,(anonymous_13)
FN:182,(anonymous_14)
FN:191,(anonymous_15)
FN:196,(anonymous_16)
FN:210,(anonymous_17)
FN:222,(anonymous_18)
FNF:17
FNH:15
FNDA:129,(anonymous_2)
FNDA:17,(anonymous_3)
FNDA:2,(anonymous_4)
FNDA:2,(anonymous_5)
FNDA:108,(anonymous_6)
FNDA:108,(anonymous_7)
FNDA:17,(anonymous_8)
FNDA:17,(anonymous_9)
FNDA:516,(anonymous_10)
FNDA:1,(anonymous_11)
FNDA:36,(anonymous_12)
FNDA:18,(anonymous_13)
FNDA:30,(anonymous_14)
FNDA:0,(anonymous_15)
FNDA:1161,(anonymous_16)
FNDA:0,(anonymous_17)
FNDA:24,(anonymous_18)
DA:5,1
DA:6,1
DA:7,1
DA:8,1
DA:9,1
DA:10,1
DA:11,1
DA:12,1
DA:13,1
DA:15,1
DA:16,129
DA:17,129
DA:25,129
DA:28,129
DA:38,129
DA:39,2
DA:40,2
DA:43,2
DA:46,2
DA:49,2
DA:50,2
DA:52,2
DA:56,129
DA:57,108
DA:61,129
DA:74,129
DA:111,516
DA:134,1
DA:135,1
DA:158,36
DA:169,18
DA:182,30
DA:191,0
DA:197,1161
DA:210,0
DA:222,24
DA:255,1
DA:257,18
LF:38
LH:36
BRDA:117,0,0,129
BRDA:117,0,1,387
BRDA:120,1,0,516
BRDA:236,2,0,2
BRF:4
BRH:4
end_of_record
TN:
SF:components/forms/mobile-form-enhancements.tsx
FN:5,MobileFormEnhancements
FN:6,(anonymous_2)
FN:8,(anonymous_3)
FN:68,(anonymous_4)
FNF:4
FNH:3
FNDA:13,MobileFormEnhancements
FNDA:13,(anonymous_2)
FNDA:0,(anonymous_3)
FNDA:13,(anonymous_4)
DA:3,1
DA:5,13
DA:6,13
DA:8,13
DA:9,0
DA:10,0
DA:11,0
DA:12,0
DA:13,0
DA:14,0
DA:15,0
DA:17,0
DA:19,0
DA:24,13
DA:27,13
DA:29,13
DA:30,0
DA:34,13
DA:35,13
DA:66,13
DA:68,13
DA:69,13
DA:73,13
LF:23
LH:13
BRDA:10,0,0,0
BRDA:10,0,1,0
BRDA:12,1,0,0
BRDA:12,1,1,0
BRDA:14,2,0,0
BRDA:14,2,1,0
BRDA:29,3,0,0
BRDA:29,3,1,13
BRF:8
BRH:1
end_of_record
TN:
SF:components/layout/footer.tsx
FN:8,(anonymous_2)
FNF:1
FNH:0
FNDA:0,(anonymous_2)
DA:3,0
DA:4,0
DA:5,0
DA:6,0
DA:8,0
DA:135,0
DA:137,0
LF:7
LH:0
BRF:0
BRH:0
end_of_record
TN:
SF:components/layout/header.tsx
FN:10,Header
FN:17,(anonymous_6)
FN:17,(anonymous_7)
FN:23,(anonymous_8)
FN:25,(anonymous_9)
FN:29,(anonymous_10)
FN:77,(anonymous_11)
FN:78,(anonymous_12)
FN:94,(anonymous_13)
FN:137,(anonymous_14)
FN:146,(anonymous_15)
FN:164,(anonymous_16)
FN:173,(anonymous_17)
FN:184,(anonymous_18)
FN:189,(anonymous_19)
FN:200,(anonymous_20)
FN:208,(anonymous_21)
FN:216,(anonymous_22)
FN:226,(anonymous_23)
FNF:19
FNH:0
FNDA:0,Header
FNDA:0,(anonymous_6)
FNDA:0,(anonymous_7)
FNDA:0,(anonymous_8)
FNDA:0,(anonymous_9)
FNDA:0,(anonymous_10)
FNDA:0,(anonymous_11)
FNDA:0,(anonymous_12)
FNDA:0,(anonymous_13)
FNDA:0,(anonymous_14)
FNDA:0,(anonymous_15)
FNDA:0,(anonymous_16)
FNDA:0,(anonymous_17)
FNDA:0,(anonymous_18)
FNDA:0,(anonymous_19)
FNDA:0,(anonymous_20)
FNDA:0,(anonymous_21)
FNDA:0,(anonymous_22)
FNDA:0,(anonymous_23)
DA:3,0
DA:4,0
DA:5,0
DA:6,0
DA:7,0
DA:8,0
DA:11,0
DA:12,0
DA:13,0
DA:16,0
DA:17,0
DA:18,0
DA:23,0
DA:24,0
DA:25,0
DA:29,0
DA:77,0
DA:78,0
DA:95,0
DA:137,0
DA:146,0
DA:164,0
DA:173,0
DA:185,0
DA:189,0
DA:200,0
DA:208,0
DA:216,0
DA:227,0
DA:228,0
DA:243,0
LF:31
LH:0
BRDA:40,0,0,0
BRDA:40,0,1,0
BRDA:83,1,0,0
BRDA:83,1,1,0
BRDA:91,2,0,0
BRDA:91,2,1,0
BRDA:149,3,0,0
BRDA:157,4,0,0
BRDA:157,4,1,0
BRDA:177,5,0,0
BRDA:177,5,1,0
BRDA:182,6,0,0
BRDA:182,6,1,0
BRF:13
BRH:0
end_of_record
TN:
SF:components/layout/layout-primitives.tsx
FN:4,cn
FNF:1
FNH:0
FNDA:0,cn
DA:1,0
DA:5,0
DA:117,0
DA:131,0
DA:132,0
DA:133,0
DA:134,0
DA:135,0
DA:136,0
DA:137,0
DA:138,0
DA:139,0
DA:140,0
DA:141,0
DA:142,0
DA:143,0
LF:16
LH:0
BRF:0
BRH:0
end_of_record
TN:
SF:components/layout/page-transition.tsx
FN:17,(anonymous_4)
FN:104,PageTransition
FN:111,(anonymous_6)
FN:116,(anonymous_7)
FN:119,(anonymous_8)
FN:121,(anonymous_9)
FN:140,(anonymous_10)
FNF:7
FNH:7
FNDA:3,(anonymous_4)
FNDA:29,PageTransition
FNDA:13,(anonymous_6)
FNDA:13,(anonymous_7)
FNDA:13,(anonymous_8)
FNDA:13,(anonymous_9)
FNDA:13,(anonymous_10)
DA:3,1
DA:4,1
DA:5,1
DA:17,1
DA:28,3
DA:29,3
DA:38,0
DA:39,0
DA:48,0
DA:49,0
DA:58,0
DA:59,0
DA:72,0
DA:73,0
DA:82,0
DA:83,0
DA:96,0
DA:104,13
DA:105,29
DA:106,29
DA:107,29
DA:108,29
DA:111,29
DA:112,13
DA:116,29
DA:117,13
DA:119,13
DA:120,13
DA:121,13
DA:122,13
DA:130,0
DA:132,0
DA:136,13
DA:140,29
DA:141,13
DA:142,13
DA:144,0
DA:149,29
DA:154,29
DA:158,3
DA:160,3
LF:41
LH:27
BRDA:28,0,0,3
BRDA:28,0,1,0
BRDA:30,1,0,0
BRDA:30,1,1,3
BRDA:32,2,0,0
BRDA:32,2,1,3
BRDA:38,3,0,0
BRDA:38,3,1,0
BRDA:40,4,0,0
BRDA:40,4,1,0
BRDA:42,5,0,0
BRDA:42,5,1,0
BRDA:48,6,0,0
BRDA:48,6,1,0
BRDA:58,7,0,0
BRDA:58,7,1,0
BRDA:72,8,0,0
BRDA:72,8,1,0
BRDA:82,9,0,0
BRDA:82,9,1,0
BRDA:117,10,0,0
BRDA:117,10,1,13
BRDA:141,11,0,13
BRDA:141,11,1,0
BRDA:149,12,0,0
BRDA:149,12,1,29
BRDA:154,13,0,26
BRDA:154,13,1,3
BRDA:166,14,0,0
BRDA:166,14,1,3
BRF:30
BRH:9
end_of_record
TN:
SF:components/loading/lazy-components.tsx
FN:11,(anonymous_27)
FN:11,(anonymous_28)
FN:12,(anonymous_30)
FN:16,(anonymous_31)
FN:16,(anonymous_32)
FN:21,(anonymous_35)
FN:21,(anonymous_36)
FN:26,(anonymous_39)
FN:26,(anonymous_40)
FN:31,(anonymous_43)
FN:31,(anonymous_44)
FN:35,(anonymous_47)
FN:35,(anonymous_48)
FN:36,(anonymous_50)
FN:40,(anonymous_51)
FN:40,(anonymous_52)
FN:44,(anonymous_54)
FN:44,(anonymous_55)
FN:49,(anonymous_57)
FN:49,(anonymous_58)
FN:50,(anonymous_60)
FN:53,(anonymous_61)
FN:53,(anonymous_62)
FN:57,(anonymous_65)
FN:57,(anonymous_66)
FN:61,(anonymous_69)
FN:61,(anonymous_70)
FN:62,(anonymous_72)
FN:66,(anonymous_73)
FN:66,(anonymous_74)
FN:71,(anonymous_77)
FN:71,(anonymous_78)
FN:79,(anonymous_81)
FN:79,(anonymous_82)
FN:83,(anonymous_84)
FN:83,(anonymous_85)
FN:88,(anonymous_87)
FN:88,(anonymous_88)
FN:94,(anonymous_91)
FN:94,(anonymous_92)
FN:99,(anonymous_95)
FN:99,(anonymous_96)
FN:105,(anonymous_99)
FN:105,(anonymous_100)
FN:109,(anonymous_103)
FN:109,(anonymous_104)
FN:115,(anonymous_107)
FN:115,(anonymous_108)
FNF:48
FNH:0
FNDA:0,(anonymous_27)
FNDA:0,(anonymous_28)
FNDA:0,(anonymous_30)
FNDA:0,(anonymous_31)
FNDA:0,(anonymous_32)
FNDA:0,(anonymous_35)
FNDA:0,(anonymous_36)
FNDA:0,(anonymous_39)
FNDA:0,(anonymous_40)
FNDA:0,(anonymous_43)
FNDA:0,(anonymous_44)
FNDA:0,(anonymous_47)
FNDA:0,(anonymous_48)
FNDA:0,(anonymous_50)
FNDA:0,(anonymous_51)
FNDA:0,(anonymous_52)
FNDA:0,(anonymous_54)
FNDA:0,(anonymous_55)
FNDA:0,(anonymous_57)
FNDA:0,(anonymous_58)
FNDA:0,(anonymous_60)
FNDA:0,(anonymous_61)
FNDA:0,(anonymous_62)
FNDA:0,(anonymous_65)
FNDA:0,(anonymous_66)
FNDA:0,(anonymous_69)
FNDA:0,(anonymous_70)
FNDA:0,(anonymous_72)
FNDA:0,(anonymous_73)
FNDA:0,(anonymous_74)
FNDA:0,(anonymous_77)
FNDA:0,(anonymous_78)
FNDA:0,(anonymous_81)
FNDA:0,(anonymous_82)
FNDA:0,(anonymous_84)
FNDA:0,(anonymous_85)
FNDA:0,(anonymous_87)
FNDA:0,(anonymous_88)
FNDA:0,(anonymous_91)
FNDA:0,(anonymous_92)
FNDA:0,(anonymous_95)
FNDA:0,(anonymous_96)
FNDA:0,(anonymous_99)
FNDA:0,(anonymous_100)
FNDA:0,(anonymous_103)
FNDA:0,(anonymous_104)
FNDA:0,(anonymous_107)
FNDA:0,(anonymous_108)
DA:1,0
DA:8,0
DA:11,0
DA:12,0
DA:16,0
DA:21,0
DA:26,0
DA:31,0
DA:35,0
DA:36,0
DA:40,0
DA:44,0
DA:49,0
DA:50,0
DA:53,0
DA:57,0
DA:61,0
DA:62,0
DA:66,0
DA:71,0
DA:79,0
DA:83,0
DA:88,0
DA:94,0
DA:99,0
DA:105,0
DA:109,0
DA:115,0
LF:28
LH:0
BRF:0
BRH:0
end_of_record
TN:
SF:components/loading/loading-spinner.tsx
FN:8,LoadingSpinner
FN:23,MapLoading
FN:26,(anonymous_6)
FN:27,(anonymous_7)
FN:28,(anonymous_8)
FN:31,(anonymous_9)
FNF:6
FNH:0
FNDA:0,LoadingSpinner
FNDA:0,MapLoading
FNDA:0,(anonymous_6)
FNDA:0,(anonymous_7)
FNDA:0,(anonymous_8)
FNDA:0,(anonymous_9)
DA:3,0
DA:4,0
DA:5,0
DA:6,0
DA:8,0
DA:23,0
DA:24,0
DA:26,0
DA:27,0
DA:28,0
DA:31,0
DA:48,0
LF:12
LH:0
BRDA:28,0,0,0
BRDA:28,0,1,0
BRF:2
BRH:0
end_of_record
TN:
SF:components/loading/loading-states.tsx
FN:12,LoadingSpinner
FN:27,TherapyLoadingAnimation
FN:48,PageLoadingSkeleton
FN:106,FormLoadingState
FNF:4
FNH:0
FNDA:0,LoadingSpinner
FNDA:0,TherapyLoadingAnimation
FNDA:0,PageLoadingSkeleton
FNDA:0,FormLoadingState
DA:3,0
DA:4,0
DA:12,0
DA:13,0
DA:27,0
DA:48,0
DA:106,0
LF:7
LH:0
BRDA:12,0,0,0
BRDA:22,1,0,0
BRF:2
BRH:0
end_of_record
TN:
SF:components/loading/optimized-loading-states.tsx
FN:14,(anonymous_13)
FN:26,(anonymous_14)
FN:95,(anonymous_19)
FN:114,(anonymous_21)
FN:131,(anonymous_23)
FN:150,(anonymous_24)
FNF:6
FNH:0
FNDA:0,(anonymous_13)
FNDA:0,(anonymous_14)
FNDA:0,(anonymous_19)
FNDA:0,(anonymous_21)
FNDA:0,(anonymous_23)
FNDA:0,(anonymous_24)
DA:3,0
DA:4,0
DA:14,0
DA:21,0
DA:23,0
DA:27,0
DA:39,0
DA:58,0
DA:61,0
DA:73,0
DA:75,0
DA:83,0
DA:85,0
DA:91,0
DA:93,0
DA:96,0
DA:110,0
DA:112,0
DA:115,0
DA:127,0
DA:129,0
DA:132,0
DA:144,0
DA:147,0
DA:151,0
DA:170,0
DA:173,0
DA:187,0
DA:189,0
LF:29
LH:0
BRDA:16,0,0,0
BRDA:17,1,0,0
BRDA:18,2,0,0
BRDA:19,3,0,0
BRDA:23,4,0,0
BRDA:23,4,1,0
BRDA:23,5,0,0
BRDA:23,5,1,0
BRDA:31,6,0,0
BRDA:31,6,1,0
BRDA:86,7,0,0
BRDA:150,8,0,0
BRDA:176,9,0,0
BRDA:180,10,0,0
BRF:14
BRH:0
end_of_record
TN:
SF:components/media/google-map.tsx
FN:26,(anonymous_4)
FN:45,(anonymous_5)
FN:55,(anonymous_6)
FN:60,(anonymous_7)
FN:67,(anonymous_8)
FN:74,(anonymous_9)
FN:181,(anonymous_10)
FN:208,(anonymous_11)
FNF:8
FNH:0
FNDA:0,(anonymous_4)
FNDA:0,(anonymous_5)
FNDA:0,(anonymous_6)
FNDA:0,(anonymous_7)
FNDA:0,(anonymous_8)
FNDA:0,(anonymous_9)
FNDA:0,(anonymous_10)
FNDA:0,(anonymous_11)
DA:3,0
DA:4,0
DA:5,0
DA:6,0
DA:7,0
DA:26,0
DA:39,0
DA:40,0
DA:41,0
DA:42,0
DA:45,0
DA:50,0
DA:55,0
DA:56,0
DA:60,0
DA:61,0
DA:62,0
DA:63,0
DA:67,0
DA:68,0
DA:70,0
DA:74,0
DA:75,0
DA:81,0
DA:181,0
DA:208,0
DA:221,0
DA:223,0
LF:28
LH:0
BRDA:27,0,0,0
BRDA:29,1,0,0
BRDA:30,2,0,0
BRDA:31,3,0,0
BRDA:32,4,0,0
BRDA:62,5,0,0
BRDA:62,5,1,0
BRDA:68,6,0,0
BRDA:68,6,1,0
BRDA:121,7,0,0
BRDA:142,8,0,0
BRDA:159,9,0,0
BRDA:164,10,0,0
BRDA:165,11,0,0
BRDA:166,12,0,0
BRF:15
BRH:0
end_of_record
TN:
SF:components/media/unified-image.tsx
FN:27,(anonymous_5)
FN:49,(anonymous_6)
FN:54,(anonymous_7)
FNF:3
FNH:3
FNDA:27,(anonymous_5)
FNDA:2,(anonymous_6)
FNDA:3,(anonymous_7)
DA:3,1
DA:4,1
DA:5,1
DA:27,1
DA:46,27
DA:47,27
DA:49,27
DA:50,2
DA:51,2
DA:54,27
DA:55,3
DA:56,3
DA:57,3
DA:61,27
DA:62,3
DA:142,1
DA:144,23
LF:17
LH:17
BRDA:32,0,0,25
BRDA:34,1,0,26
BRDA:35,2,0,26
BRDA:36,3,0,26
BRDA:37,4,0,26
BRDA:38,5,0,26
BRDA:39,6,0,25
BRDA:61,7,0,3
BRDA:61,7,1,24
BRDA:62,8,0,1
BRDA:62,8,1,2
BRDA:73,9,0,0
BRDA:73,9,1,2
BRDA:74,10,0,0
BRDA:74,10,1,2
BRDA:100,11,0,24
BRDA:104,12,0,2
BRDA:104,12,1,20
BRDA:105,13,0,2
BRDA:105,13,1,20
BRDA:108,14,0,22
BRDA:116,15,0,24
BRDA:116,15,1,1
BRDA:118,16,0,2
BRDA:118,16,1,22
BRDA:119,17,0,2
BRDA:119,17,1,22
BRDA:128,18,0,22
BRDA:128,18,1,2
BRDA:129,19,0,2
BRDA:129,19,1,22
BRDA:132,20,0,2
BRDA:132,20,1,22
BRDA:133,21,0,2
BRDA:133,21,1,22
BRF:35
BRH:33
end_of_record
TN:
SF:components/media/youtube-embed.tsx
FN:15,YouTubeEmbed
FN:26,(anonymous_3)
FN:43,(anonymous_4)
FNF:3
FNH:0
FNDA:0,YouTubeEmbed
FNDA:0,(anonymous_3)
FNDA:0,(anonymous_4)
DA:3,0
DA:4,0
DA:5,0
DA:6,0
DA:15,0
DA:21,0
DA:22,0
DA:24,0
DA:26,0
DA:27,0
DA:28,0
DA:31,0
DA:43,0
LF:13
LH:0
BRDA:19,0,0,0
BRDA:31,1,0,0
BRDA:31,1,1,0
BRDA:45,2,0,0
BRF:4
BRH:0
end_of_record
TN:
SF:components/mobile/mobile-cta-buttons.tsx
FN:8,MobileCTAButtons
FN:12,(anonymous_2)
FN:13,(anonymous_3)
FN:25,(anonymous_4)
FN:41,(anonymous_5)
FN:63,(anonymous_6)
FN:77,(anonymous_7)
FN:91,(anonymous_8)
FNF:8
FNH:0
FNDA:0,MobileCTAButtons
FNDA:0,(anonymous_2)
FNDA:0,(anonymous_3)
FNDA:0,(anonymous_4)
FNDA:0,(anonymous_5)
FNDA:0,(anonymous_6)
FNDA:0,(anonymous_7)
FNDA:0,(anonymous_8)
DA:3,0
DA:4,0
DA:5,0
DA:6,0
DA:8,0
DA:9,0
DA:10,0
DA:12,0
DA:13,0
DA:14,0
DA:15,0
DA:19,0
DA:22,0
DA:25,0
DA:26,0
DA:30,0
DA:42,0
DA:43,0
DA:64,0
DA:65,0
DA:78,0
DA:79,0
DA:92,0
DA:93,0
LF:24
LH:0
BRDA:30,0,0,0
BRDA:30,0,1,0
BRF:2
BRH:0
end_of_record
TN:
SF:components/mobile/mobile-optimizations.tsx
FN:6,MobileOptimizations
FN:9,(anonymous_2)
FN:10,(anonymous_3)
FN:15,(anonymous_4)
FN:18,(anonymous_5)
FNF:5
FNH:4
FNDA:14,MobileOptimizations
FNDA:13,(anonymous_2)
FNDA:1,(anonymous_3)
FNDA:13,(anonymous_4)
FNDA:0,(anonymous_5)
DA:3,1
DA:4,1
DA:6,13
DA:7,14
DA:9,14
DA:10,13
DA:11,1
DA:14,13
DA:15,13
DA:18,14
DA:19,0
LF:11
LH:10
BRDA:39,0,0,14
BRF:1
BRH:1
end_of_record
TN:
SF:components/mobile/welcome-notification.tsx
FN:7,WelcomeNotification
FN:11,(anonymous_2)
FN:17,(anonymous_3)
FN:21,(anonymous_4)
FN:25,(anonymous_5)
FN:27,(anonymous_6)
FN:33,(anonymous_7)
FNF:7
FNH:3
FNDA:13,WelcomeNotification
FNDA:13,(anonymous_2)
FNDA:0,(anonymous_3)
FNDA:13,(anonymous_4)
FNDA:0,(anonymous_5)
FNDA:0,(anonymous_6)
FNDA:0,(anonymous_7)
DA:3,1
DA:4,1
DA:5,1
DA:7,13
DA:8,13
DA:9,13
DA:11,13
DA:13,13
DA:15,13
DA:17,13
DA:18,0
DA:21,13
DA:25,13
DA:26,0
DA:27,0
DA:28,0
DA:29,0
DA:33,13
DA:34,0
DA:35,0
DA:38,13
LF:21
LH:14
BRDA:15,0,0,13
BRDA:15,0,1,0
BRDA:38,1,0,13
BRDA:38,1,1,0
BRDA:43,2,0,0
BRDA:43,2,1,0
BRF:6
BRH:2
end_of_record
TN:
SF:components/navigation/directions-info.tsx
FN:5,DirectionsInfo
FN:81,(anonymous_2)
FNF:2
FNH:0
FNDA:0,DirectionsInfo
FNDA:0,(anonymous_2)
DA:3,0
DA:5,0
DA:7,0
DA:8,0
DA:82,0
LF:5
LH:0
BRF:0
BRH:0
end_of_record
TN:
SF:components/navigation/enhanced-breadcrumb.tsx
FN:21,(anonymous_7)
FN:30,(anonymous_8)
FN:54,(anonymous_9)
FN:94,generateBreadcrumbs
FN:118,(anonymous_11)
FNF:5
FNH:0
FNDA:0,(anonymous_7)
FNDA:0,(anonymous_8)
FNDA:0,(anonymous_9)
FNDA:0,generateBreadcrumbs
FNDA:0,(anonymous_11)
DA:1,0
DA:2,0
DA:3,0
DA:4,0
DA:5,0
DA:20,0
DA:22,0
DA:27,0
DA:30,0
DA:55,0
DA:91,0
DA:94,0
DA:95,0
DA:96,0
DA:99,0
DA:116,0
DA:118,0
DA:119,0
DA:120,0
DA:123,0
DA:125,0
DA:131,0
DA:134,0
LF:23
LH:0
BRDA:21,0,0,0
BRDA:22,1,0,0
BRDA:22,1,1,0
BRDA:34,2,0,0
BRDA:34,2,1,0
BRDA:56,3,0,0
BRDA:58,4,0,0
BRDA:63,5,0,0
BRDA:68,6,0,0
BRDA:68,6,1,0
BRDA:120,7,0,0
BRDA:120,7,1,0
BRDA:127,8,0,0
BRDA:127,8,1,0
BRF:14
BRH:0
end_of_record
TN:
SF:components/navigation/interactive-services-map.tsx
FN:83,InteractiveServicesMap
FN:99,(anonymous_3)
FN:108,(anonymous_4)
FN:109,(anonymous_5)
FNF:4
FNH:0
FNDA:0,InteractiveServicesMap
FNDA:0,(anonymous_3)
FNDA:0,(anonymous_4)
FNDA:0,(anonymous_5)
DA:3,0
DA:4,0
DA:5,0
DA:6,0
DA:19,0
DA:83,0
DA:84,0
DA:100,0
DA:108,0
DA:109,0
LF:10
LH:0
BRDA:106,0,0,0
BRDA:106,0,1,0
BRDA:113,1,0,0
BRDA:113,1,1,0
BRDA:132,2,0,0
BRF:5
BRH:0
end_of_record
TN:
SF:components/preferences/cookie-banner.tsx
FN:9,CookieBanner
FN:24,(anonymous_3)
FN:67,(anonymous_4)
FN:84,(anonymous_5)
FN:110,(anonymous_6)
FN:121,(anonymous_7)
FN:132,(anonymous_8)
FNF:7
FNH:1
FNDA:13,CookieBanner
FNDA:0,(anonymous_3)
FNDA:0,(anonymous_4)
FNDA:0,(anonymous_5)
FNDA:0,(anonymous_6)
FNDA:0,(anonymous_7)
FNDA:0,(anonymous_8)
DA:3,1
DA:4,1
DA:5,1
DA:6,1
DA:7,1
DA:9,13
DA:10,13
DA:11,13
DA:13,13
DA:14,0
DA:24,0
DA:67,0
DA:84,0
DA:111,0
DA:112,0
DA:122,0
DA:123,0
DA:124,0
DA:133,0
DA:134,0
LF:20
LH:9
BRDA:13,0,0,0
BRDA:13,0,1,13
BRDA:26,1,0,0
BRDA:26,1,1,13
BRDA:28,2,0,0
BRDA:37,3,0,13
BRF:6
BRH:3
end_of_record
TN:
SF:components/preferences/first-visit-preferences.tsx
FN:7,FirstVisitPreferences
FN:11,(anonymous_3)
FN:15,(anonymous_4)
FN:20,(anonymous_5)
FN:26,(anonymous_6)
FNF:5
FNH:0
FNDA:0,FirstVisitPreferences
FNDA:0,(anonymous_3)
FNDA:0,(anonymous_4)
FNDA:0,(anonymous_5)
FNDA:0,(anonymous_6)
DA:3,0
DA:4,0
DA:5,0
DA:7,0
DA:8,0
DA:9,0
DA:11,0
DA:14,0
DA:15,0
DA:16,0
DA:17,0
DA:20,0
DA:24,0
DA:26,0
LF:14
LH:0
BRDA:14,0,0,0
BRDA:14,0,1,0
BRDA:24,1,0,0
BRDA:24,1,1,0
BRF:4
BRH:0
end_of_record
TN:
SF:components/preferences/preferences-collector.tsx
FN:24,PreferencesCollector
FN:28,(anonymous_2)
FN:29,(anonymous_3)
FN:31,(anonymous_4)
FN:38,(anonymous_5)
FN:56,(anonymous_6)
FN:61,(anonymous_7)
FNF:7
FNH:0
FNDA:0,PreferencesCollector
FNDA:0,(anonymous_2)
FNDA:0,(anonymous_3)
FNDA:0,(anonymous_4)
FNDA:0,(anonymous_5)
FNDA:0,(anonymous_6)
FNDA:0,(anonymous_7)
DA:3,0
DA:4,0
DA:5,0
DA:6,0
DA:7,0
DA:8,0
DA:14,0
DA:24,0
DA:25,0
DA:26,0
DA:28,0
DA:29,0
DA:30,0
DA:31,0
DA:33,0
DA:38,0
DA:39,0
DA:40,0
DA:57,0
DA:61,0
LF:20
LH:0
BRDA:26,0,0,0
BRDA:26,0,1,0
BRDA:30,1,0,0
BRDA:30,1,1,0
BRF:4
BRH:0
end_of_record
TN:
SF:components/preferences/theme-provider.tsx
FN:23,(anonymous_3)
FN:29,ThemeProvider
FN:38,(anonymous_5)
FN:55,(anonymous_6)
FN:69,(anonymous_7)
FNF:5
FNH:0
FNDA:0,(anonymous_3)
FNDA:0,ThemeProvider
FNDA:0,(anonymous_5)
FNDA:0,(anonymous_6)
FNDA:0,(anonymous_7)
DA:5,0
DA:21,0
DA:23,0
DA:27,0
DA:29,0
DA:35,0
DA:36,0
DA:38,0
DA:39,0
DA:40,0
DA:42,0
DA:43,0
DA:44,0
DA:45,0
DA:46,0
DA:49,0
DA:50,0
DA:53,0
DA:56,0
DA:57,0
DA:69,0
DA:70,0
DA:72,0
DA:74,0
LF:24
LH:0
BRDA:31,0,0,0
BRDA:32,1,0,0
BRDA:42,2,0,0
BRDA:42,2,1,0
BRDA:43,3,0,0
BRDA:43,3,1,0
BRDA:72,4,0,0
BRDA:72,4,1,0
BRF:8
BRH:0
end_of_record
TN:
SF:components/preferences/theme-toggle.tsx
FN:7,ThemeToggle
FN:14,(anonymous_2)
FNF:2
FNH:0
FNDA:0,ThemeToggle
FNDA:0,(anonymous_2)
DA:3,0
DA:4,0
DA:5,0
DA:7,0
DA:8,0
DA:14,0
LF:6
LH:0
BRDA:14,0,0,0
BRDA:14,0,1,0
BRDA:16,1,0,0
BRDA:16,1,1,0
BRDA:18,2,0,0
BRF:5
BRH:0
end_of_record
TN:
SF:components/sections/about-section.tsx
FN:9,(anonymous_5)
FN:99,(anonymous_6)
FN:107,(anonymous_7)
FNF:3
FNH:0
FNDA:0,(anonymous_5)
FNDA:0,(anonymous_6)
FNDA:0,(anonymous_7)
DA:3,0
DA:4,0
DA:5,0
DA:6,0
DA:7,0
DA:9,0
DA:99,0
DA:107,0
DA:120,0
DA:122,0
LF:10
LH:0
BRF:0
BRH:0
end_of_record
TN:
SF:components/sections/blog-section.tsx
FN:43,BlogSection
FN:59,(anonymous_3)
FNF:2
FNH:0
FNDA:0,BlogSection
FNDA:0,(anonymous_3)
DA:4,0
DA:5,0
DA:6,0
DA:7,0
DA:8,0
DA:10,0
DA:43,0
DA:60,0
LF:8
LH:0
BRF:0
BRH:0
end_of_record
TN:
SF:components/sections/faq-section.tsx
FN:46,(anonymous_5)
FN:50,(anonymous_6)
FN:52,(anonymous_7)
FN:53,(anonymous_8)
FN:53,(anonymous_9)
FN:69,(anonymous_10)
FN:73,(anonymous_11)
FN:105,(anonymous_12)
FN:111,(anonymous_13)
FNF:9
FNH:0
FNDA:0,(anonymous_5)
FNDA:0,(anonymous_6)
FNDA:0,(anonymous_7)
FNDA:0,(anonymous_8)
FNDA:0,(anonymous_9)
FNDA:0,(anonymous_10)
FNDA:0,(anonymous_11)
FNDA:0,(anonymous_12)
FNDA:0,(anonymous_13)
DA:3,0
DA:4,0
DA:5,0
DA:7,0
DA:46,0
DA:47,0
DA:50,0
DA:52,0
DA:53,0
DA:70,0
DA:73,0
DA:105,0
DA:111,0
DA:125,0
DA:127,0
LF:15
LH:0
BRDA:53,0,0,0
BRDA:53,0,1,0
BRDA:79,1,0,0
BRDA:85,2,0,0
BRF:4
BRH:0
end_of_record
TN:
SF:components/sections/pricing-section.tsx
FN:211,PricingSection
FN:217,(anonymous_3)
FN:229,(anonymous_4)
FN:234,(anonymous_5)
FN:264,(anonymous_6)
FN:268,(anonymous_7)
FN:291,(anonymous_8)
FN:335,(anonymous_9)
FN:379,(anonymous_10)
FN:385,(anonymous_11)
FNF:10
FNH:0
FNDA:0,PricingSection
FNDA:0,(anonymous_3)
FNDA:0,(anonymous_4)
FNDA:0,(anonymous_5)
FNDA:0,(anonymous_6)
FNDA:0,(anonymous_7)
FNDA:0,(anonymous_8)
FNDA:0,(anonymous_9)
FNDA:0,(anonymous_10)
FNDA:0,(anonymous_11)
DA:2,0
DA:3,0
DA:4,0
DA:5,0
DA:6,0
DA:7,0
DA:8,0
DA:9,0
DA:23,0
DA:203,0
DA:211,0
DA:212,0
DA:213,0
DA:214,0
DA:217,0
DA:218,0
DA:219,0
DA:220,0
DA:221,0
DA:222,0
DA:223,0
DA:224,0
DA:225,0
DA:226,0
DA:229,0
DA:230,0
DA:231,0
DA:234,0
DA:235,0
DA:246,0
DA:265,0
DA:268,0
DA:292,0
DA:335,0
DA:379,0
DA:385,0
LF:36
LH:0
BRDA:218,0,0,0
BRDA:218,0,1,0
BRDA:219,1,0,0
BRDA:219,1,1,0
BRDA:219,2,0,0
BRDA:219,2,1,0
BRDA:220,3,0,0
BRDA:220,3,1,0
BRDA:220,4,0,0
BRDA:220,4,1,0
BRDA:220,4,2,0
BRDA:222,5,0,0
BRDA:222,5,1,0
BRDA:222,6,0,0
BRDA:222,6,1,0
BRDA:222,6,2,0
BRDA:222,6,3,0
BRDA:222,6,4,0
BRDA:222,6,5,0
BRDA:224,7,0,0
BRDA:224,7,1,0
BRDA:224,8,0,0
BRDA:224,8,1,0
BRDA:224,8,2,0
BRDA:224,8,3,0
BRDA:224,8,4,0
BRDA:224,8,5,0
BRDA:246,9,0,0
BRDA:246,9,1,0
BRDA:267,10,0,0
BRDA:267,10,1,0
BRDA:269,11,0,0
BRDA:269,11,1,0
BRDA:296,12,0,0
BRDA:296,12,1,0
BRDA:305,13,0,0
BRDA:310,14,0,0
BRF:37
BRH:0
end_of_record
TN:
SF:components/sections/service-articles-section.tsx
FN:52,ServiceArticlesSection
FN:69,(anonymous_3)
FNF:2
FNH:0
FNDA:0,ServiceArticlesSection
FNDA:0,(anonymous_3)
DA:3,0
DA:4,0
DA:5,0
DA:6,0
DA:19,0
DA:52,0
DA:70,0
LF:7
LH:0
BRF:0
BRH:0
end_of_record
TN:
SF:components/sections/simple-contact-section.tsx
FN:7,SimpleContactSection
FN:27,(anonymous_3)
FN:42,(anonymous_4)
FNF:3
FNH:0
FNDA:0,SimpleContactSection
FNDA:0,(anonymous_3)
FNDA:0,(anonymous_4)
DA:3,0
DA:4,0
DA:5,0
DA:7,0
DA:27,0
DA:42,0
LF:6
LH:0
BRF:0
BRH:0
end_of_record
TN:
SF:components/sections/testimonials-section.tsx
FN:48,(anonymous_2)
FN:52,(anonymous_3)
FN:55,(anonymous_4)
FN:56,(anonymous_5)
FN:59,(anonymous_6)
FN:60,(anonymous_7)
FN:64,(anonymous_8)
FN:85,(anonymous_9)
FN:116,(anonymous_10)
FN:119,(anonymous_11)
FNF:10
FNH:0
FNDA:0,(anonymous_2)
FNDA:0,(anonymous_3)
FNDA:0,(anonymous_4)
FNDA:0,(anonymous_5)
FNDA:0,(anonymous_6)
FNDA:0,(anonymous_7)
FNDA:0,(anonymous_8)
FNDA:0,(anonymous_9)
FNDA:0,(anonymous_10)
FNDA:0,(anonymous_11)
DA:3,0
DA:4,0
DA:5,0
DA:6,0
DA:9,0
DA:48,0
DA:49,0
DA:52,0
DA:55,0
DA:56,0
DA:59,0
DA:60,0
DA:64,0
DA:86,0
DA:117,0
DA:119,0
DA:165,0
DA:167,0
LF:18
LH:0
BRDA:121,0,0,0
BRDA:121,0,1,0
BRDA:124,1,0,0
BRDA:124,1,1,0
BRF:4
BRH:0
end_of_record
TN:
SF:components/ui/accordion.tsx
FNF:0
FNH:0
DA:3,0
DA:4,0
DA:5,0
DA:7,0
DA:9,0
DA:17,0
DA:37,0
DA:54,0
DA:56,0
LF:9
LH:0
BRF:0
BRH:0
end_of_record
TN:
SF:components/ui/alert-dialog.tsx
FNF:0
FNH:0
DA:3,0
DA:4,0
DA:6,0
DA:7,0
DA:9,0
DA:11,0
DA:13,0
DA:28,0
DA:46,0
DA:60,0
DA:74,0
DA:86,0
DA:98,0
DA:111,0
DA:127,0
DA:130,0
DA:131,0
DA:132,0
DA:133,0
DA:134,0
DA:135,0
DA:136,0
DA:137,0
DA:138,0
DA:139,0
DA:140,0
LF:26
LH:0
BRF:0
BRH:0
end_of_record
TN:
SF:components/ui/alert.tsx
FNF:0
FNH:0
DA:1,0
DA:2,0
DA:4,0
DA:6,0
DA:27,0
DA:34,0
DA:41,0
DA:43,0
LF:8
LH:0
BRF:0
BRH:0
end_of_record
TN:
SF:components/ui/aspect-ratio.tsx
FNF:0
FNH:0
DA:3,0
DA:5,0
DA:7,0
LF:3
LH:0
BRF:0
BRH:0
end_of_record
TN:
SF:components/ui/avatar.tsx
FNF:0
FNH:0
DA:3,0
DA:4,0
DA:6,0
DA:21,0
DA:33,0
DA:48,0
DA:50,0
LF:7
LH:0
BRF:0
BRH:0
end_of_record
TN:
SF:components/ui/badge.tsx
FN:24,Badge
FNF:1
FNH:0
FNDA:0,Badge
DA:2,0
DA:3,0
DA:5,0
DA:28,0
LF:4
LH:0
BRF:0
BRH:0
end_of_record
TN:
SF:components/ui/breadcrumb.tsx
FN:47,(anonymous_14)
FNF:1
FNH:0
FNDA:0,(anonymous_14)
DA:1,0
DA:2,0
DA:3,0
DA:5,0
DA:13,0
DA:28,0
DA:40,0
DA:42,0
DA:48,0
DA:58,0
DA:73,0
DA:89,0
DA:105,0
DA:108,0
DA:109,0
DA:110,0
DA:111,0
DA:112,0
DA:113,0
DA:114,0
LF:20
LH:0
BRDA:48,0,0,0
BRDA:48,0,1,0
BRDA:86,1,0,0
BRDA:86,1,1,0
BRF:4
BRH:0
end_of_record
TN:
SF:components/ui/button.tsx
FN:43,(anonymous_6)
FNF:1
FNH:1
FNDA:310,(anonymous_6)
DA:1,3
DA:2,3
DA:3,3
DA:5,3
DA:7,3
DA:42,3
DA:44,310
DA:54,3
DA:56,310
LF:9
LH:9
BRDA:43,0,0,310
BRDA:44,1,0,0
BRDA:44,1,1,310
BRF:3
BRH:2
end_of_record
TN:
SF:components/ui/calendar.tsx
FN:13,Calendar
FNF:1
FNH:0
FNDA:0,Calendar
DA:4,0
DA:5,0
DA:6,0
DA:8,0
DA:9,0
DA:61,0
DA:63,0
LF:7
LH:0
BRDA:13,0,0,0
BRDA:54,1,0,0
BRF:2
BRH:0
end_of_record
TN:
SF:components/ui/card.tsx
FNF:0
FNH:0
DA:1,0
DA:3,0
DA:18,0
DA:30,0
DA:45,0
DA:57,0
DA:65,0
DA:77,0
DA:79,0
LF:9
LH:0
BRF:0
BRH:0
end_of_record
TN:
SF:components/ui/carousel.tsx
FN:35,useCarousel
FN:49,(anonymous_11)
FN:71,(anonymous_12)
FN:80,(anonymous_13)
FN:84,(anonymous_14)
FN:89,(anonymous_15)
FN:101,(anonymous_16)
FN:109,(anonymous_17)
FN:118,(anonymous_18)
FN:156,(anonymous_19)
FN:178,(anonymous_20)
FN:200,(anonymous_21)
FN:229,(anonymous_22)
FNF:13
FNH:0
FNDA:0,useCarousel
FNDA:0,(anonymous_11)
FNDA:0,(anonymous_12)
FNDA:0,(anonymous_13)
FNDA:0,(anonymous_14)
FNDA:0,(anonymous_15)
FNDA:0,(anonymous_16)
FNDA:0,(anonymous_17)
FNDA:0,(anonymous_18)
FNDA:0,(anonymous_19)
FNDA:0,(anonymous_20)
FNDA:0,(anonymous_21)
FNDA:0,(anonymous_22)
DA:3,0
DA:6,0
DA:7,0
DA:9,0
DA:10,0
DA:33,0
DA:36,0
DA:38,0
DA:39,0
DA:42,0
DA:45,0
DA:61,0
DA:68,0
DA:69,0
DA:71,0
DA:72,0
DA:73,0
DA:76,0
DA:77,0
DA:80,0
DA:81,0
DA:84,0
DA:85,0
DA:88,0
DA:90,0
DA:91,0
DA:92,0
DA:93,0
DA:94,0
DA:95,0
DA:101,0
DA:102,0
DA:103,0
DA:106,0
DA:109,0
DA:110,0
DA:111,0
DA:114,0
DA:115,0
DA:116,0
DA:118,0
DA:119,0
DA:151,0
DA:153,0
DA:157,0
DA:173,0
DA:175,0
DA:179,0
DA:195,0
DA:197,0
DA:201,0
DA:224,0
DA:226,0
DA:230,0
DA:253,0
DA:257,0
DA:258,0
DA:259,0
DA:260,0
DA:261,0
LF:60
LH:0
BRDA:38,0,0,0
BRDA:38,0,1,0
BRDA:51,1,0,0
BRDA:64,2,0,0
BRDA:64,2,1,0
BRDA:72,3,0,0
BRDA:72,3,1,0
BRDA:90,4,0,0
BRDA:90,4,1,0
BRDA:93,5,0,0
BRDA:93,5,1,0
BRDA:102,6,0,0
BRDA:102,6,1,0
BRDA:102,7,0,0
BRDA:102,7,1,0
BRDA:110,8,0,0
BRDA:110,8,1,0
BRDA:130,9,0,0
BRDA:130,9,1,0
BRDA:130,10,0,0
BRDA:130,10,1,0
BRDA:165,11,0,0
BRDA:165,11,1,0
BRDA:188,12,0,0
BRDA:188,12,1,0
BRDA:200,13,0,0
BRDA:200,14,0,0
BRDA:210,15,0,0
BRDA:210,15,1,0
BRDA:229,16,0,0
BRDA:229,17,0,0
BRDA:239,18,0,0
BRDA:239,18,1,0
BRF:33
BRH:0
end_of_record
TN:
SF:components/ui/chart.tsx
FN:27,useChart
FN:45,(anonymous_11)
FN:70,(anonymous_12)
FN:72,(anonymous_13)
FN:84,(anonymous_14)
FN:87,(anonymous_15)
FN:116,(anonymous_16)
FN:136,(anonymous_17)
FN:188,(anonymous_18)
FN:269,(anonymous_19)
FN:288,(anonymous_20)
FN:320,getPayloadConfigFromPayload
FNF:12
FNH:0
FNDA:0,useChart
FNDA:0,(anonymous_11)
FNDA:0,(anonymous_12)
FNDA:0,(anonymous_13)
FNDA:0,(anonymous_14)
FNDA:0,(anonymous_15)
FNDA:0,(anonymous_16)
FNDA:0,(anonymous_17)
FNDA:0,(anonymous_18)
FNDA:0,(anonymous_19)
FNDA:0,(anonymous_20)
FNDA:0,getPayloadConfigFromPayload
DA:3,0
DA:4,0
DA:6,0
DA:9,0
DA:25,0
DA:28,0
DA:30,0
DA:31,0
DA:34,0
DA:37,0
DA:46,0
DA:47,0
DA:68,0
DA:70,0
DA:71,0
DA:72,0
DA:75,0
DA:76,0
DA:84,0
DA:89,0
DA:91,0
DA:103,0
DA:105,0
DA:134,0
DA:136,0
DA:137,0
DA:138,0
DA:141,0
DA:142,0
DA:143,0
DA:145,0
DA:149,0
DA:157,0
DA:158,0
DA:172,0
DA:173,0
DA:176,0
DA:189,0
DA:190,0
DA:191,0
DA:193,0
DA:257,0
DA:259,0
DA:261,0
DA:273,0
DA:275,0
DA:276,0
DA:289,0
DA:290,0
DA:292,0
DA:317,0
DA:325,0
DA:326,0
DA:330,0
DA:336,0
DA:338,0
DA:342,0
DA:343,0
DA:348,0
DA:353,0
DA:359,0
DA:360,0
DA:361,0
DA:362,0
DA:363,0
DA:364,0
LF:66
LH:0
BRDA:30,0,0,0
BRDA:30,0,1,0
BRDA:47,1,0,0
BRDA:47,1,1,0
BRDA:72,2,0,0
BRDA:72,2,1,0
BRDA:75,3,0,0
BRDA:75,3,1,0
BRDA:89,4,0,0
BRDA:89,4,1,0
BRDA:91,5,0,0
BRDA:91,5,1,0
BRDA:121,6,0,0
BRDA:122,7,0,0
BRDA:123,8,0,0
BRDA:137,9,0,0
BRDA:137,9,1,0
BRDA:137,10,0,0
BRDA:137,10,1,0
BRDA:142,11,0,0
BRDA:142,11,1,0
BRDA:142,11,2,0
BRDA:142,11,3,0
BRDA:145,12,0,0
BRDA:145,12,1,0
BRDA:145,13,0,0
BRDA:145,13,1,0
BRDA:146,14,0,0
BRDA:146,14,1,0
BRDA:149,15,0,0
BRDA:149,15,1,0
BRDA:157,16,0,0
BRDA:157,16,1,0
BRDA:172,17,0,0
BRDA:172,17,1,0
BRDA:172,18,0,0
BRDA:172,18,1,0
BRDA:176,19,0,0
BRDA:176,19,1,0
BRDA:186,20,0,0
BRDA:186,20,1,0
BRDA:189,21,0,0
BRDA:189,21,1,0
BRDA:189,21,2,0
BRDA:189,21,3,0
BRDA:191,22,0,0
BRDA:191,22,1,0
BRDA:191,22,2,0
BRDA:198,23,0,0
BRDA:198,23,1,0
BRDA:202,24,0,0
BRDA:201,25,0,0
BRDA:201,25,1,0
BRDA:201,25,2,0
BRDA:206,26,0,0
BRDA:208,27,0,0
BRDA:217,28,0,0
BRDA:217,28,1,0
BRDA:232,29,0,0
BRDA:232,29,1,0
BRDA:236,30,0,0
BRDA:236,30,1,0
BRDA:238,31,0,0
BRDA:238,31,1,0
BRDA:241,32,0,0
BRDA:270,33,0,0
BRDA:270,34,0,0
BRDA:275,35,0,0
BRDA:275,35,1,0
BRDA:284,36,0,0
BRDA:284,36,1,0
BRDA:289,37,0,0
BRDA:289,37,1,0
BRDA:289,37,2,0
BRDA:300,38,0,0
BRDA:299,39,0,0
BRDA:299,39,1,0
BRDA:325,40,0,0
BRDA:325,40,1,0
BRDA:325,41,0,0
BRDA:325,41,1,0
BRDA:330,42,0,0
BRDA:330,42,1,0
BRDA:330,43,0,0
BRDA:330,43,1,0
BRDA:330,43,2,0
BRDA:338,44,0,0
BRDA:338,44,1,0
BRDA:339,45,0,0
BRDA:339,45,1,0
BRDA:343,46,0,0
BRDA:343,46,1,0
BRDA:344,47,0,0
BRDA:344,47,1,0
BRDA:344,47,2,0
BRDA:353,48,0,0
BRDA:353,48,1,0
BRF:97
BRH:0
end_of_record
TN:
SF:components/ui/checkbox.tsx
FNF:0
FNH:0
DA:3,0
DA:4,0
DA:5,0
DA:7,0
DA:26,0
DA:28,0
LF:6
LH:0
BRF:0
BRH:0
end_of_record
TN:
SF:components/ui/collapsible.tsx
FNF:0
FNH:0
DA:3,0
DA:5,0
DA:7,0
DA:9,0
DA:11,0
LF:5
LH:0
BRF:0
BRH:0
end_of_record
TN:
SF:components/ui/command.tsx
FN:26,(anonymous_14)
FN:127,(anonymous_21)
FNF:2
FNH:0
FNDA:0,(anonymous_14)
FNDA:0,(anonymous_21)
DA:3,0
DA:5,0
DA:6,0
DA:8,0
DA:9,0
DA:24,0
DA:26,0
DA:55,0
DA:68,0
DA:81,0
DA:97,0
DA:109,0
DA:125,0
DA:127,0
DA:141,0
DA:144,0
DA:145,0
DA:146,0
DA:147,0
DA:148,0
DA:149,0
DA:150,0
DA:151,0
DA:152,0
LF:24
LH:0
BRF:0
BRH:0
end_of_record
TN:
SF:components/ui/context-menu.tsx
FN:168,(anonymous_27)
FNF:1
FNH:0
FNDA:0,(anonymous_27)
DA:3,0
DA:4,0
DA:5,0
DA:7,0
DA:9,0
DA:11,0
DA:13,0
DA:15,0
DA:17,0
DA:19,0
DA:40,0
DA:55,0
DA:72,0
DA:90,0
DA:113,0
DA:136,0
DA:154,0
DA:166,0
DA:168,0
DA:182,0
DA:185,0
DA:186,0
DA:187,0
DA:188,0
DA:189,0
DA:190,0
DA:191,0
DA:192,0
DA:193,0
DA:194,0
DA:195,0
DA:196,0
DA:197,0
DA:198,0
DA:199,0
LF:35
LH:0
BRDA:31,0,0,0
BRDA:31,0,1,0
BRDA:84,1,0,0
BRDA:84,1,1,0
BRDA:148,2,0,0
BRDA:148,2,1,0
BRF:6
BRH:0
end_of_record
TN:
SF:components/ui/dialog.tsx
FNF:0
FNH:0
DA:3,0
DA:4,0
DA:6,0
DA:8,0
DA:10,0
DA:12,0
DA:14,0
DA:29,0
DA:49,0
DA:54,0
DA:59,0
DA:71,0
DA:79,0
DA:82,0
DA:83,0
DA:84,0
DA:85,0
DA:86,0
DA:87,0
DA:88,0
DA:89,0
DA:90,0
DA:91,0
LF:23
LH:0
BRF:0
BRH:0
end_of_record
TN:
SF:components/ui/drawer.tsx
FNF:0
FNH:0
DA:3,0
DA:4,0
DA:6,0
DA:17,0
DA:19,0
DA:21,0
DA:23,0
DA:35,0
DA:56,0
DA:67,0
DA:78,0
DA:93,0
DA:105,0
DA:108,0
DA:109,0
DA:110,0
DA:111,0
DA:112,0
DA:113,0
DA:114,0
DA:115,0
DA:116,0
DA:117,0
LF:23
LH:0
BRDA:9,0,0,0
BRF:1
BRH:0
end_of_record
TN:
SF:components/ui/dropdown-menu.tsx
FN:171,(anonymous_27)
FNF:1
FNH:0
FNDA:0,(anonymous_27)
DA:3,0
DA:4,0
DA:5,0
DA:7,0
DA:9,0
DA:11,0
DA:13,0
DA:15,0
DA:17,0
DA:19,0
DA:40,0
DA:56,0
DA:75,0
DA:93,0
DA:116,0
DA:139,0
DA:157,0
DA:169,0
DA:171,0
DA:182,0
DA:185,0
DA:186,0
DA:187,0
DA:188,0
DA:189,0
DA:190,0
DA:191,0
DA:192,0
DA:193,0
DA:194,0
DA:195,0
DA:196,0
DA:197,0
DA:198,0
DA:199,0
LF:35
LH:0
BRDA:31,0,0,0
BRDA:31,0,1,0
BRDA:62,1,0,0
BRDA:87,2,0,0
BRDA:87,2,1,0
BRDA:151,3,0,0
BRDA:151,3,1,0
BRF:7
BRH:0
end_of_record
TN:
SF:components/ui/enhanced-button.tsx
FN:88,(anonymous_6)
FNF:1
FNH:0
FNDA:0,(anonymous_6)
DA:1,0
DA:2,0
DA:3,0
DA:4,0
DA:6,0
DA:87,0
DA:89,0
DA:114,0
DA:116,0
LF:9
LH:0
BRDA:88,0,0,0
BRDA:88,1,0,0
BRDA:88,2,0,0
BRDA:89,3,0,0
BRDA:89,3,1,0
BRDA:95,4,0,0
BRDA:95,4,1,0
BRDA:96,5,0,0
BRDA:96,5,1,0
BRDA:99,6,0,0
BRDA:99,6,1,0
BRDA:102,7,0,0
BRDA:107,8,0,0
BRDA:107,8,1,0
BRF:14
BRH:0
end_of_record
TN:
SF:components/ui/form.tsx
FN:31,(anonymous_12)
FN:44,(anonymous_13)
FN:78,(anonymous_14)
FN:92,(anonymous_15)
FN:109,(anonymous_16)
FN:131,(anonymous_17)
FN:148,(anonymous_18)
FNF:7
FNH:0
FNDA:0,(anonymous_12)
FNDA:0,(anonymous_13)
FNDA:0,(anonymous_14)
FNDA:0,(anonymous_15)
FNDA:0,(anonymous_16)
FNDA:0,(anonymous_17)
FNDA:0,(anonymous_18)
DA:3,0
DA:5,0
DA:13,0
DA:15,0
DA:16,0
DA:18,0
DA:27,0
DA:31,0
DA:44,0
DA:45,0
DA:46,0
DA:47,0
DA:49,0
DA:51,0
DA:52,0
DA:55,0
DA:57,0
DA:71,0
DA:75,0
DA:79,0
DA:87,0
DA:89,0
DA:93,0
DA:104,0
DA:106,0
DA:110,0
DA:126,0
DA:128,0
DA:132,0
DA:143,0
DA:145,0
DA:149,0
DA:150,0
DA:152,0
DA:153,0
DA:167,0
DA:170,0
DA:171,0
DA:172,0
DA:173,0
DA:174,0
DA:175,0
DA:176,0
DA:177,0
LF:44
LH:0
BRDA:51,0,0,0
BRDA:51,0,1,0
BRDA:98,1,0,0
BRDA:98,1,1,0
BRDA:117,2,0,0
BRDA:117,2,1,0
BRDA:150,3,0,0
BRDA:150,3,1,0
BRDA:152,4,0,0
BRDA:152,4,1,0
BRF:10
BRH:0
end_of_record
TN:
SF:components/ui/hover-card.tsx
FNF:0
FNH:0
DA:3,0
DA:4,0
DA:6,0
DA:8,0
DA:10,0
DA:27,0
DA:29,0
LF:7
LH:0
BRDA:15,0,0,0
BRDA:15,1,0,0
BRF:2
BRH:0
end_of_record
TN:
SF:components/ui/input-otp.tsx
FN:36,(anonymous_10)
FNF:1
FNH:0
FNDA:0,(anonymous_10)
DA:3,0
DA:4,0
DA:5,0
DA:7,0
DA:23,0
DA:31,0
DA:33,0
DA:37,0
DA:38,0
DA:59,0
DA:69,0
DA:71,0
LF:12
LH:0
BRDA:45,0,0,0
BRDA:45,0,1,0
BRDA:51,1,0,0
BRF:3
BRH:0
end_of_record
TN:
SF:components/ui/input.tsx
FN:9,(anonymous_4)
FNF:1
FNH:1
FNDA:516,(anonymous_4)
DA:1,1
DA:3,1
DA:9,1
DA:22,1
DA:24,516
LF:5
LH:5
BRF:0
BRH:0
end_of_record
TN:
SF:components/ui/label.tsx
FN:8,(anonymous_4)
FNF:1
FNH:1
FNDA:774,(anonymous_4)
DA:1,1
DA:2,1
DA:8,1
DA:20,1
DA:22,774
LF:5
LH:5
BRF:0
BRH:0
end_of_record
TN:
SF:components/ui/menubar.tsx
FN:203,(anonymous_30)
FNF:1
FNH:0
FNDA:0,(anonymous_30)
DA:3,0
DA:4,0
DA:5,0
DA:7,0
DA:9,0
DA:11,0
DA:13,0
DA:15,0
DA:17,0
DA:32,0
DA:47,0
DA:68,0
DA:83,0
DA:108,0
DA:126,0
DA:149,0
DA:171,0
DA:189,0
DA:201,0
DA:203,0
DA:217,0
DA:220,0
DA:221,0
DA:222,0
DA:223,0
DA:224,0
DA:225,0
DA:226,0
DA:227,0
DA:228,0
DA:229,0
DA:230,0
DA:231,0
DA:232,0
DA:233,0
DA:234,0
DA:235,0
LF:37
LH:0
BRDA:59,0,0,0
BRDA:59,0,1,0
BRDA:90,1,0,0
BRDA:90,2,0,0
BRDA:90,3,0,0
BRDA:120,4,0,0
BRDA:120,4,1,0
BRDA:183,5,0,0
BRDA:183,5,1,0
BRF:9
BRH:0
end_of_record
TN:
SF:components/ui/navigation-menu.tsx
FNF:0
FNH:0
DA:1,0
DA:2,0
DA:3,0
DA:4,0
DA:6,0
DA:24,0
DA:39,0
DA:41,0
DA:43,0
DA:63,0
DA:78,0
DA:80,0
DA:97,0
DA:115,0
DA:119,0
DA:120,0
DA:121,0
DA:122,0
DA:123,0
DA:124,0
DA:125,0
DA:126,0
DA:127,0
LF:23
LH:0
BRF:0
BRH:0
end_of_record
TN:
SF:components/ui/pagination.tsx
FNF:0
FNH:0
DA:1,0
DA:2,0
DA:4,0
DA:5,0
DA:15,0
DA:27,0
DA:35,0
DA:60,0
DA:76,0
DA:92,0
DA:107,0
DA:110,0
DA:111,0
DA:112,0
DA:113,0
DA:114,0
DA:115,0
DA:116,0
LF:18
LH:0
BRDA:45,0,0,0
BRDA:49,1,0,0
BRDA:49,1,1,0
BRDA:52,2,0,0
BRDA:52,2,1,0
BRF:5
BRH:0
end_of_record
TN:
SF:components/ui/popover.tsx
FNF:0
FNH:0
DA:3,0
DA:4,0
DA:6,0
DA:8,0
DA:10,0
DA:29,0
DA:31,0
LF:7
LH:0
BRDA:15,0,0,0
BRDA:15,1,0,0
BRF:2
BRH:0
end_of_record
TN:
SF:components/ui/progress.tsx
FNF:0
FNH:0
DA:3,0
DA:4,0
DA:6,0
DA:26,0
DA:28,0
LF:5
LH:0
BRDA:22,0,0,0
BRDA:22,0,1,0
BRF:2
BRH:0
end_of_record
TN:
SF:components/ui/radio-group.tsx
FN:12,(anonymous_6)
FN:26,(anonymous_7)
FNF:2
FNH:0
FNDA:0,(anonymous_6)
FNDA:0,(anonymous_7)
DA:3,0
DA:4,0
DA:5,0
DA:7,0
DA:9,0
DA:21,0
DA:23,0
DA:42,0
DA:44,0
LF:9
LH:0
BRF:0
BRH:0
end_of_record
TN:
SF:components/ui/resizable.tsx
FNF:0
FNH:0
DA:3,0
DA:4,0
DA:6,0
DA:21,0
DA:45,0
LF:5
LH:0
BRDA:37,0,0,0
BRF:1
BRH:0
end_of_record
TN:
SF:components/ui/scroll-area.tsx
FNF:0
FNH:0
DA:3,0
DA:4,0
DA:6,0
DA:24,0
DA:46,0
DA:48,0
LF:6
LH:0
BRDA:29,0,0,0
BRDA:35,1,0,0
BRDA:35,1,1,0
BRDA:37,2,0,0
BRDA:37,2,1,0
BRF:5
BRH:0
end_of_record
TN:
SF:components/ui/select.tsx
FNF:0
FNH:0
DA:3,1
DA:4,1
DA:5,1
DA:7,1
DA:9,1
DA:11,129
DA:13,129
DA:31,1
DA:33,0
DA:45,1
DA:47,0
DA:59,1
DA:61,129
DA:91,1
DA:93,0
DA:99,1
DA:101,1161
DA:122,1
DA:124,0
DA:130,1
DA:132,129
LF:21
LH:17
BRDA:64,0,0,129
BRDA:70,1,0,129
BRDA:70,1,1,129
BRDA:81,2,0,129
BRDA:81,2,1,129
BRF:5
BRH:5
end_of_record
TN:
SF:components/ui/separator.tsx
FNF:0
FNH:0
DA:3,0
DA:4,0
DA:6,0
DA:29,0
DA:31,0
LF:5
LH:0
BRDA:13,0,0,0
BRDA:13,1,0,0
BRDA:22,2,0,0
BRDA:22,2,1,0
BRF:4
BRH:0
end_of_record
TN:
SF:components/ui/sheet.tsx
FNF:0
FNH:0
DA:3,0
DA:4,0
DA:5,0
DA:6,0
DA:8,0
DA:10,0
DA:12,0
DA:14,0
DA:16,0
DA:31,0
DA:33,0
DA:75,0
DA:89,0
DA:103,0
DA:115,0
DA:127,0
DA:130,0
DA:131,0
DA:132,0
DA:133,0
DA:134,0
DA:135,0
DA:136,0
DA:137,0
DA:138,0
DA:139,0
LF:26
LH:0
BRDA:59,0,0,0
BRF:1
BRH:0
end_of_record
TN:
SF:components/ui/sidebar.tsx
FN:41,useSidebar
FN:58,(anonymous_29)
FN:78,(anonymous_30)
FN:93,(anonymous_31)
FN:95,(anonymous_32)
FN:96,(anonymous_33)
FN:100,(anonymous_34)
FN:101,(anonymous_35)
FN:112,(anonymous_36)
FN:120,(anonymous_37)
FN:167,(anonymous_38)
FN:265,(anonymous_39)
FN:275,(anonymous_40)
FN:291,(anonymous_41)
FN:320,(anonymous_42)
FN:338,(anonymous_43)
FN:356,(anonymous_44)
FN:371,(anonymous_45)
FN:386,(anonymous_46)
FN:401,(anonymous_47)
FN:419,(anonymous_48)
FN:434,(anonymous_49)
FN:455,(anonymous_50)
FN:544,(anonymous_54)
FN:601,(anonymous_55)
FN:652,(anonymous_57)
FN:654,(anonymous_58)
FN:715,(anonymous_61)
FNF:28
FNH:0
FNDA:0,useSidebar
FNDA:0,(anonymous_29)
FNDA:0,(anonymous_30)
FNDA:0,(anonymous_31)
FNDA:0,(anonymous_32)
FNDA:0,(anonymous_33)
FNDA:0,(anonymous_34)
FNDA:0,(anonymous_35)
FNDA:0,(anonymous_36)
FNDA:0,(anonymous_37)
FNDA:0,(anonymous_38)
FNDA:0,(anonymous_39)
FNDA:0,(anonymous_40)
FNDA:0,(anonymous_41)
FNDA:0,(anonymous_42)
FNDA:0,(anonymous_43)
FNDA:0,(anonymous_44)
FNDA:0,(anonymous_45)
FNDA:0,(anonymous_46)
FNDA:0,(anonymous_47)
FNDA:0,(anonymous_48)
FNDA:0,(anonymous_49)
FNDA:0,(anonymous_50)
FNDA:0,(anonymous_54)
FNDA:0,(anonymous_55)
FNDA:0,(anonymous_57)
FNDA:0,(anonymous_58)
FNDA:0,(anonymous_61)
DA:3,0
DA:4,0
DA:5,0
DA:6,0
DA:8,0
DA:9,0
DA:10,0
DA:11,0
DA:12,0
DA:13,0
DA:14,0
DA:20,0
DA:22,0
DA:23,0
DA:24,0
DA:25,0
DA:26,0
DA:27,0
DA:39,0
DA:42,0
DA:43,0
DA:44,0
DA:47,0
DA:50,0
DA:70,0
DA:71,0
DA:75,0
DA:76,0
DA:77,0
DA:79,0
DA:80,0
DA:81,0
DA:83,0
DA:87,0
DA:93,0
DA:94,0
DA:95,0
DA:96,0
DA:100,0
DA:101,0
DA:102,0
DA:106,0
DA:107,0
DA:111,0
DA:112,0
DA:117,0
DA:119,0
DA:120,0
DA:157,0
DA:159,0
DA:178,0
DA:180,0
DA:195,0
DA:260,0
DA:262,0
DA:266,0
DA:276,0
DA:277,0
DA:286,0
DA:288,0
DA:292,0
DA:315,0
DA:317,0
DA:333,0
DA:335,0
DA:351,0
DA:353,0
DA:366,0
DA:368,0
DA:381,0
DA:383,0
DA:396,0
DA:398,0
DA:414,0
DA:416,0
DA:429,0
DA:431,0
DA:435,0
DA:450,0
DA:452,0
DA:456,0
DA:473,0
DA:486,0
DA:499,0
DA:512,0
DA:514,0
DA:536,0
DA:556,0
DA:557,0
DA:570,0
DA:571,0
DA:574,0
DA:575,0
DA:593,0
DA:595,0
DA:602,0
DA:624,0
DA:645,0
DA:647,0
DA:654,0
DA:655,0
DA:683,0
DA:700,0
DA:706,0
DA:708,0
DA:716,0
DA:736,0
DA:739,0
DA:740,0
DA:741,0
DA:742,0
DA:743,0
DA:744,0
DA:745,0
DA:746,0
DA:747,0
DA:748,0
DA:749,0
DA:750,0
DA:751,0
DA:752,0
DA:753,0
DA:754,0
DA:755,0
DA:756,0
DA:757,0
DA:758,0
DA:759,0
DA:760,0
DA:761,0
DA:762,0
LF:131
LH:0
BRDA:43,0,0,0
BRDA:43,0,1,0
BRDA:60,1,0,0
BRDA:76,2,0,0
BRDA:76,2,1,0
BRDA:79,3,0,0
BRDA:79,3,1,0
BRDA:80,4,0,0
BRDA:80,4,1,0
BRDA:94,5,0,0
BRDA:94,5,1,0
BRDA:102,6,0,0
BRDA:102,6,1,0
BRDA:103,7,0,0
BRDA:103,7,1,0
BRDA:103,7,2,0
BRDA:117,8,0,0
BRDA:117,8,1,0
BRDA:169,9,0,0
BRDA:170,10,0,0
BRDA:171,11,0,0
BRDA:180,12,0,0
BRDA:180,12,1,0
BRDA:195,13,0,0
BRDA:195,13,1,0
BRDA:220,14,0,0
BRDA:220,14,1,0
BRDA:230,15,0,0
BRDA:230,15,1,0
BRDA:230,16,0,0
BRDA:230,16,1,0
BRDA:238,17,0,0
BRDA:238,17,1,0
BRDA:242,18,0,0
BRDA:242,18,1,0
BRDA:242,19,0,0
BRDA:242,19,1,0
BRDA:434,20,0,0
BRDA:435,21,0,0
BRDA:435,21,1,0
BRDA:455,22,0,0
BRDA:456,23,0,0
BRDA:456,23,1,0
BRDA:546,24,0,0
BRDA:547,25,0,0
BRDA:548,26,0,0
BRDA:549,27,0,0
BRDA:556,28,0,0
BRDA:556,28,1,0
BRDA:570,29,0,0
BRDA:570,29,1,0
BRDA:574,30,0,0
BRDA:574,30,1,0
BRDA:586,31,0,0
BRDA:586,31,1,0
BRDA:601,32,0,0
BRDA:601,33,0,0
BRDA:602,34,0,0
BRDA:602,34,1,0
BRDA:616,35,0,0
BRDA:616,35,1,0
BRDA:652,36,0,0
BRDA:665,37,0,0
BRDA:715,38,0,0
BRDA:715,39,0,0
BRDA:716,40,0,0
BRDA:716,40,1,0
BRDA:727,41,0,0
BRDA:727,41,1,0
BRDA:728,42,0,0
BRDA:728,42,1,0
BRF:71
BRH:0
end_of_record
TN:
SF:components/ui/skeleton.tsx
FN:3,Skeleton
FNF:1
FNH:0
FNDA:0,Skeleton
DA:1,0
DA:15,0
LF:2
LH:0
BRF:0
BRH:0
end_of_record
TN:
SF:components/ui/slider.tsx
FNF:0
FNH:0
DA:3,0
DA:4,0
DA:6,0
DA:26,0
DA:28,0
LF:5
LH:0
BRF:0
BRH:0
end_of_record
TN:
SF:components/ui/sonner.tsx
FN:8,(anonymous_1)
FNF:1
FNH:0
FNDA:0,(anonymous_1)
DA:3,0
DA:4,0
DA:8,0
DA:9,0
DA:31,0
LF:5
LH:0
BRDA:9,0,0,0
BRF:1
BRH:0
end_of_record
TN:
SF:components/ui/switch.tsx
FNF:0
FNH:0
DA:3,0
DA:4,0
DA:6,0
DA:27,0
DA:29,0
LF:5
LH:0
BRF:0
BRH:0
end_of_record
TN:
SF:components/ui/table.tsx
FNF:0
FNH:0
DA:1,0
DA:3,0
DA:17,0
DA:25,0
DA:37,0
DA:52,0
DA:67,0
DA:82,0
DA:94,0
DA:106,0
DA:109,0
DA:110,0
DA:111,0
DA:112,0
DA:113,0
DA:114,0
DA:115,0
DA:116,0
LF:18
LH:0
BRF:0
BRH:0
end_of_record
TN:
SF:components/ui/tabs.tsx
FNF:0
FNH:0
DA:3,0
DA:4,0
DA:6,0
DA:8,0
DA:23,0
DA:38,0
DA:53,0
DA:55,0
LF:8
LH:0
BRF:0
BRH:0
end_of_record
TN:
SF:components/ui/textarea.tsx
FN:9,(anonymous_4)
FNF:1
FNH:1
FNDA:129,(anonymous_4)
DA:1,1
DA:3,1
DA:9,1
DA:21,1
DA:23,129
LF:5
LH:5
BRF:0
BRH:0
end_of_record
TN:
SF:components/ui/toast.tsx
FN:15,Toast
FN:18,(anonymous_9)
FN:20,(anonymous_10)
FN:21,(anonymous_11)
FN:24,(anonymous_12)
FN:26,(anonymous_13)
FN:72,Toaster
FN:78,(anonymous_15)
FNF:8
FNH:1
FNDA:0,Toast
FNDA:0,(anonymous_9)
FNDA:0,(anonymous_10)
FNDA:0,(anonymous_11)
FNDA:0,(anonymous_12)
FNDA:0,(anonymous_13)
FNDA:13,Toaster
FNDA:0,(anonymous_15)
DA:3,1
DA:4,1
DA:5,1
DA:15,0
DA:16,0
DA:18,0
DA:20,0
DA:21,0
DA:24,0
DA:25,0
DA:26,0
DA:29,0
DA:72,13
DA:73,13
DA:74,0
DA:79,0
DA:93,0
DA:99,0
DA:103,0
DA:104,0
DA:107,0
LF:21
LH:5
BRDA:15,0,0,0
BRDA:29,1,0,0
BRDA:29,1,1,0
BRDA:29,2,0,0
BRDA:29,2,1,0
BRDA:35,3,0,0
BRDA:35,3,1,0
BRDA:36,4,0,0
BRDA:36,4,1,0
BRDA:37,5,0,0
BRDA:37,5,1,0
BRDA:47,6,0,0
BRDA:47,6,1,0
BRDA:48,7,0,0
BRDA:48,7,1,0
BRDA:49,8,0,0
BRDA:49,8,1,0
BRDA:55,9,0,0
BRDA:72,10,0,13
BRDA:73,11,0,13
BRDA:73,11,1,0
BRDA:73,12,0,13
BRDA:73,12,1,13
BRDA:74,13,0,0
BRDA:74,13,1,0
BRF:25
BRH:4
end_of_record
TN:
SF:components/ui/toaster.tsx
FN:10,Toaster
FN:15,(anonymous_2)
FN:23,(anonymous_3)
FNF:3
FNH:0
FNDA:0,Toaster
FNDA:0,(anonymous_2)
FNDA:0,(anonymous_3)
DA:3,0
DA:8,0
DA:10,0
DA:11,0
DA:16,0
LF:5
LH:0
BRF:0
BRH:0
end_of_record
TN:
SF:components/ui/toggle-group.tsx
FN:39,(anonymous_7)
FNF:1
FNH:0
FNDA:0,(anonymous_7)
DA:3,0
DA:4,0
DA:7,0
DA:8,0
DA:10,0
DA:33,0
DA:35,0
DA:40,0
DA:59,0
DA:61,0
LF:10
LH:0
BRDA:47,0,0,0
BRDA:47,0,1,0
BRDA:48,1,0,0
BRDA:48,1,1,0
BRF:4
BRH:0
end_of_record
TN:
SF:components/ui/toggle.tsx
FNF:0
FNH:0
DA:3,0
DA:4,0
DA:5,0
DA:7,0
DA:9,0
DA:43,0
DA:45,0
LF:7
LH:0
BRF:0
BRH:0
end_of_record
TN:
SF:components/ui/tooltip.tsx
FNF:0
FNH:0
DA:3,0
DA:4,0
DA:6,0
DA:8,0
DA:10,0
DA:12,0
DA:28,0
DA:30,0
LF:8
LH:0
BRDA:17,0,0,0
BRF:1
BRH:0
end_of_record
TN:
SF:components/ui/use-mobile.tsx
FN:5,useIsMobile
FN:8,(anonymous_5)
FN:10,(anonymous_6)
FN:15,(anonymous_7)
FNF:4
FNH:0
FNDA:0,useIsMobile
FNDA:0,(anonymous_5)
FNDA:0,(anonymous_6)
FNDA:0,(anonymous_7)
DA:1,0
DA:3,0
DA:5,0
DA:6,0
DA:8,0
DA:9,0
DA:10,0
DA:11,0
DA:13,0
DA:14,0
DA:15,0
DA:18,0
LF:12
LH:0
BRF:0
BRH:0
end_of_record
TN:
SF:components/ui/use-toast.ts
FN:37,genId
FN:68,(anonymous_9)
FN:73,(anonymous_10)
FN:84,(anonymous_11)
FN:95,(anonymous_12)
FN:108,(anonymous_13)
FN:115,(anonymous_14)
FN:134,(anonymous_15)
FN:143,dispatch
FN:145,(anonymous_17)
FN:152,toast
FN:155,(anonymous_19)
FN:160,(anonymous_20)
FN:177,useToast
FN:180,(anonymous_22)
FN:182,(anonymous_23)
FN:193,(anonymous_24)
FNF:17
FNH:0
FNDA:0,genId
FNDA:0,(anonymous_9)
FNDA:0,(anonymous_10)
FNDA:0,(anonymous_11)
FNDA:0,(anonymous_12)
FNDA:0,(anonymous_13)
FNDA:0,(anonymous_14)
FNDA:0,(anonymous_15)
FNDA:0,dispatch
FNDA:0,(anonymous_17)
FNDA:0,toast
FNDA:0,(anonymous_19)
FNDA:0,(anonymous_20)
FNDA:0,useToast
FNDA:0,(anonymous_22)
FNDA:0,(anonymous_23)
FNDA:0,(anonymous_24)
DA:4,0
DA:11,0
DA:12,0
DA:28,0
DA:35,0
DA:38,0
DA:39,0
DA:66,0
DA:68,0
DA:69,0
DA:70,0
DA:73,0
DA:74,0
DA:75,0
DA:81,0
DA:84,0
DA:85,0
DA:87,0
DA:93,0
DA:96,0
DA:101,0
DA:105,0
DA:106,0
DA:108,0
DA:109,0
DA:113,0
DA:116,0
DA:126,0
DA:127,0
DA:132,0
DA:134,0
DA:139,0
DA:141,0
DA:144,0
DA:145,0
DA:146,0
DA:153,0
DA:155,0
DA:156,0
DA:160,0
DA:162,0
DA:170,0
DA:178,0
DA:180,0
DA:181,0
DA:182,0
DA:183,0
DA:184,0
DA:185,0
DA:190,0
DA:193,0
DA:197,0
LF:52
LH:0
BRDA:69,0,0,0
BRDA:69,0,1,0
BRDA:85,1,0,0
BRDA:85,1,1,0
BRDA:85,1,2,0
BRDA:85,1,3,0
BRDA:96,2,0,0
BRDA:96,2,1,0
BRDA:105,3,0,0
BRDA:105,3,1,0
BRDA:116,4,0,0
BRDA:116,4,1,0
BRDA:116,5,0,0
BRDA:116,5,1,0
BRDA:126,6,0,0
BRDA:126,6,1,0
BRDA:184,7,0,0
BRDA:184,7,1,0
BRF:18
BRH:0
end_of_record
TN:
SF:hooks/use-accessibility.ts
FN:8,useFocusTrap
FN:11,(anonymous_6)
FN:22,(anonymous_7)
FN:41,(anonymous_8)
FN:52,useScreenReader
FN:53,(anonymous_10)
FN:62,(anonymous_11)
FN:73,useAccessibilityPreferences
FN:80,(anonymous_13)
FN:81,(anonymous_14)
FN:97,(anonymous_15)
FN:99,(anonymous_16)
FN:100,(anonymous_17)
FN:110,generateAccessibleId
FNF:14
FNH:1
FNDA:0,useFocusTrap
FNDA:0,(anonymous_6)
FNDA:0,(anonymous_7)
FNDA:0,(anonymous_8)
FNDA:0,useScreenReader
FNDA:0,(anonymous_10)
FNDA:0,(anonymous_11)
FNDA:0,useAccessibilityPreferences
FNDA:0,(anonymous_13)
FNDA:0,(anonymous_14)
FNDA:0,(anonymous_15)
FNDA:0,(anonymous_16)
FNDA:0,(anonymous_17)
FNDA:108,generateAccessibleId
DA:3,1
DA:8,0
DA:9,0
DA:11,0
DA:12,0
DA:14,0
DA:15,0
DA:19,0
DA:20,0
DA:22,0
DA:23,0
DA:25,0
DA:26,0
DA:27,0
DA:28,0
DA:31,0
DA:32,0
DA:33,0
DA:38,0
DA:39,0
DA:41,0
DA:42,0
DA:46,0
DA:52,0
DA:53,0
DA:54,0
DA:55,0
DA:56,0
DA:57,0
DA:58,0
DA:60,0
DA:62,0
DA:63,0
DA:67,0
DA:73,0
DA:74,0
DA:80,0
DA:81,0
DA:82,0
DA:89,0
DA:91,0
DA:97,0
DA:99,0
DA:100,0
DA:104,0
DA:110,108
DA:111,108
LF:47
LH:3
BRDA:8,0,0,0
BRDA:12,1,0,0
BRDA:12,1,1,0
BRDA:12,2,0,0
BRDA:12,2,1,0
BRDA:23,3,0,0
BRDA:23,3,1,0
BRDA:25,4,0,0
BRDA:25,4,1,0
BRDA:26,5,0,0
BRDA:26,5,1,0
BRDA:31,6,0,0
BRDA:31,6,1,0
BRDA:53,7,0,0
BRDA:110,8,0,104
BRF:15
BRH:1
end_of_record
TN:
SF:hooks/use-analytics.ts
FN:5,useAnalytics
FN:13,(anonymous_2)
FN:17,(anonymous_3)
FN:21,(anonymous_4)
FN:25,(anonymous_5)
FN:29,(anonymous_6)
FN:33,(anonymous_7)
FNF:7
FNH:7
FNDA:153,useAnalytics
FNDA:27,(anonymous_2)
FNDA:2,(anonymous_3)
FNDA:4,(anonymous_4)
FNDA:2,(anonymous_5)
FNDA:2,(anonymous_6)
FNDA:1,(anonymous_7)
DA:3,3
DA:5,153
DA:13,153
DA:14,27
DA:17,153
DA:18,2
DA:21,153
DA:22,4
DA:25,153
DA:26,2
DA:29,153
DA:30,2
DA:33,153
DA:34,1
DA:37,153
LF:15
LH:15
BRF:0
BRH:0
end_of_record
TN:
SF:hooks/use-common-patterns.ts
FN:11,useToggle
FN:15,(anonymous_7)
FN:21,(anonymous_8)
FN:27,(anonymous_9)
FN:34,(anonymous_10)
FN:42,(anonymous_11)
FN:43,(anonymous_12)
FN:56,useCarousel
FN:66,(anonymous_14)
FN:67,(anonymous_15)
FN:75,(anonymous_16)
FN:76,(anonymous_17)
FN:84,(anonymous_18)
FN:90,(anonymous_19)
FN:94,(anonymous_20)
FN:99,(anonymous_21)
FN:108,(anonymous_22)
FN:136,useFormState
FN:145,(anonymous_24)
FN:146,(anonymous_25)
FN:150,(anonymous_26)
FN:154,(anonymous_27)
FN:155,(anonymous_28)
FN:158,(anonymous_29)
FN:162,(anonymous_30)
FN:166,(anonymous_31)
FN:172,(anonymous_32)
FN:184,(anonymous_33)
FN:191,(anonymous_34)
FN:213,(anonymous_35)
FN:235,useAsync
FN:240,(anonymous_37)
FN:256,(anonymous_38)
FN:268,useLocalStorage
FN:269,(anonymous_40)
FN:283,(anonymous_41)
FN:296,(anonymous_42)
FNF:37
FNH:30
FNDA:16,useToggle
FNDA:4,(anonymous_7)
FNDA:1,(anonymous_8)
FNDA:3,(anonymous_9)
FNDA:2,(anonymous_10)
FNDA:8,(anonymous_11)
FNDA:8,(anonymous_12)
FNDA:19,useCarousel
FNDA:9,(anonymous_14)
FNDA:9,(anonymous_15)
FNDA:1,(anonymous_16)
FNDA:1,(anonymous_17)
FNDA:1,(anonymous_18)
FNDA:1,(anonymous_19)
FNDA:2,(anonymous_20)
FNDA:11,(anonymous_21)
FNDA:11,(anonymous_22)
FNDA:27,useFormState
FNDA:20,(anonymous_24)
FNDA:20,(anonymous_25)
FNDA:1,(anonymous_26)
FNDA:3,(anonymous_27)
FNDA:3,(anonymous_28)
FNDA:3,(anonymous_29)
FNDA:3,(anonymous_30)
FNDA:6,(anonymous_31)
FNDA:18,(anonymous_32)
FNDA:1,(anonymous_33)
FNDA:3,(anonymous_34)
FNDA:8,(anonymous_35)
FNDA:0,useAsync
FNDA:0,(anonymous_37)
FNDA:0,(anonymous_38)
FNDA:0,useLocalStorage
FNDA:0,(anonymous_40)
FNDA:0,(anonymous_41)
FNDA:0,(anonymous_42)
DA:3,1
DA:11,16
DA:12,16
DA:13,16
DA:15,16
DA:16,4
DA:17,4
DA:18,2
DA:19,0
DA:21,2
DA:22,1
DA:27,16
DA:28,3
DA:29,3
DA:30,1
DA:34,16
DA:35,2
DA:36,1
DA:38,1
DA:42,16
DA:43,8
DA:44,8
DA:45,2
DA:50,16
DA:56,19
DA:61,19
DA:62,19
DA:63,19
DA:64,19
DA:66,19
DA:67,9
DA:68,9
DA:69,2
DA:71,7
DA:75,19
DA:76,1
DA:77,1
DA:78,0
DA:80,1
DA:84,19
DA:85,1
DA:86,1
DA:90,19
DA:91,1
DA:94,19
DA:95,2
DA:99,19
DA:100,11
DA:101,4
DA:103,7
DA:104,1
DA:108,11
DA:109,11
DA:110,5
DA:115,19
DA:116,19
DA:117,19
DA:119,19
DA:136,27
DA:140,27
DA:141,27
DA:142,27
DA:143,27
DA:145,27
DA:146,20
DA:149,20
DA:150,1
DA:154,27
DA:155,3
DA:158,27
DA:159,3
DA:161,3
DA:162,3
DA:163,3
DA:166,27
DA:167,6
DA:169,6
DA:170,6
DA:172,6
DA:173,18
DA:174,18
DA:175,18
DA:176,18
DA:180,6
DA:181,6
DA:184,27
DA:185,1
DA:186,1
DA:187,1
DA:188,1
DA:191,27
DA:194,3
DA:196,3
DA:197,3
DA:198,3
DA:199,3
DA:200,3
DA:203,0
DA:204,0
DA:206,0
DA:207,0
DA:209,3
DA:213,27
DA:214,27
DA:216,27
DA:235,0
DA:236,0
DA:237,0
DA:238,0
DA:240,0
DA:241,0
DA:242,0
DA:244,0
DA:245,0
DA:246,0
DA:247,0
DA:249,0
DA:250,0
DA:252,0
DA:256,0
DA:257,0
DA:258,0
DA:259,0
DA:262,0
DA:268,0
DA:269,0
DA:270,0
DA:271,0
DA:274,0
DA:275,0
DA:276,0
DA:278,0
DA:279,0
DA:283,0
DA:284,0
DA:285,0
DA:286,0
DA:288,0
DA:289,0
DA:292,0
DA:296,0
DA:297,0
DA:298,0
DA:299,0
DA:300,0
DA:303,0
DA:307,0
LF:147
LH:99
BRDA:11,0,0,6
BRDA:17,1,0,2
BRDA:17,1,1,2
BRDA:18,2,0,0
BRDA:18,2,1,2
BRDA:29,3,0,1
BRDA:29,3,1,2
BRDA:35,4,0,1
BRDA:35,4,1,1
BRDA:44,5,0,2
BRDA:44,5,1,6
BRDA:56,6,0,8
BRDA:61,7,0,13
BRDA:61,8,0,19
BRDA:61,9,0,14
BRDA:68,10,0,2
BRDA:68,10,1,7
BRDA:69,11,0,1
BRDA:69,11,1,1
BRDA:77,12,0,0
BRDA:77,12,1,1
BRDA:78,13,0,0
BRDA:78,13,1,0
BRDA:85,14,0,1
BRDA:85,14,1,0
BRDA:85,15,0,1
BRDA:85,15,1,1
BRDA:100,16,0,4
BRDA:100,16,1,7
BRDA:100,17,0,11
BRDA:100,17,1,4
BRDA:103,18,0,1
BRDA:103,18,1,6
BRDA:109,19,0,5
BRDA:109,19,1,6
BRDA:116,20,0,19
BRDA:116,20,1,3
BRDA:117,21,0,19
BRDA:117,21,1,3
BRDA:149,22,0,1
BRDA:149,22,1,19
BRDA:154,23,0,3
BRDA:159,24,0,0
BRDA:159,24,1,3
BRDA:162,25,0,3
BRDA:162,25,1,0
BRDA:167,26,0,0
BRDA:167,26,1,6
BRDA:174,27,0,18
BRDA:174,27,1,0
BRDA:198,28,0,3
BRDA:198,28,1,0
BRDA:214,29,0,27
BRDA:214,29,1,20
BRDA:270,30,0,0
BRDA:270,30,1,0
BRDA:276,31,0,0
BRDA:276,31,1,0
BRDA:285,32,0,0
BRDA:285,32,1,0
BRDA:288,33,0,0
BRDA:288,33,1,0
BRDA:299,34,0,0
BRDA:299,34,1,0
BRF:64
BRH:44
end_of_record
TN:
SF:hooks/use-error-handler.ts
FN:11,useErrorHandler
FN:18,(anonymous_2)
FN:38,(anonymous_3)
FN:43,(anonymous_4)
FNF:4
FNH:0
FNDA:0,useErrorHandler
FNDA:0,(anonymous_2)
FNDA:0,(anonymous_3)
FNDA:0,(anonymous_4)
DA:3,0
DA:4,0
DA:11,0
DA:12,0
DA:13,0
DA:14,0
DA:15,0
DA:17,0
DA:19,0
DA:21,0
DA:22,0
DA:25,0
DA:27,0
DA:28,0
DA:38,0
DA:39,0
DA:42,0
DA:44,0
DA:45,0
DA:46,0
DA:48,0
DA:49,0
DA:51,0
DA:52,0
DA:54,0
DA:60,0
LF:26
LH:0
BRDA:11,0,0,0
BRDA:12,1,0,0
BRDA:12,2,0,0
BRDA:19,3,0,0
BRDA:19,3,1,0
BRDA:21,4,0,0
BRDA:21,4,1,0
BRDA:22,5,0,0
BRDA:22,5,1,0
BRDA:27,6,0,0
BRDA:27,6,1,0
BRDA:30,7,0,0
BRDA:30,7,1,0
BRF:13
BRH:0
end_of_record
TN:
SF:hooks/use-media-query.ts
FN:5,useMediaQuery
FN:8,(anonymous_2)
FN:17,(anonymous_3)
FN:25,(anonymous_4)
FNF:4
FNH:0
FNDA:0,useMediaQuery
FNDA:0,(anonymous_2)
FNDA:0,(anonymous_3)
FNDA:0,(anonymous_4)
DA:3,0
DA:5,0
DA:6,0
DA:8,0
DA:9,0
DA:12,0
DA:13,0
DA:17,0
DA:18,0
DA:22,0
DA:25,0
DA:26,0
DA:30,0
LF:13
LH:0
BRDA:12,0,0,0
BRDA:12,0,1,0
BRF:2
BRH:0
end_of_record
TN:
SF:hooks/use-mobile.tsx
FN:5,useIsMobile
FN:8,(anonymous_5)
FN:10,(anonymous_6)
FN:15,(anonymous_7)
FNF:4
FNH:0
FNDA:0,useIsMobile
FNDA:0,(anonymous_5)
FNDA:0,(anonymous_6)
FNDA:0,(anonymous_7)
DA:1,0
DA:3,0
DA:5,0
DA:6,0
DA:8,0
DA:9,0
DA:10,0
DA:11,0
DA:13,0
DA:14,0
DA:15,0
DA:18,0
LF:12
LH:0
BRF:0
BRH:0
end_of_record
TN:
SF:hooks/use-reduced-motion.ts
FN:9,useReducedMotion
FN:12,(anonymous_6)
FN:25,(anonymous_7)
FN:33,(anonymous_8)
FN:45,useAnimationConfig
FN:95,getAnimationClasses
FN:113,getAnimationStyles
FNF:7
FNH:4
FNDA:293,useReducedMotion
FNDA:47,(anonymous_6)
FNDA:0,(anonymous_7)
FNDA:47,(anonymous_8)
FNDA:29,useAnimationConfig
FNDA:0,getAnimationClasses
FNDA:0,getAnimationStyles
DA:3,2
DA:9,264
DA:10,293
DA:12,293
DA:14,47
DA:15,0
DA:19,47
DA:22,47
DA:25,47
DA:26,0
DA:30,47
DA:33,47
DA:34,47
DA:38,293
DA:45,29
DA:46,29
DA:48,29
DA:95,0
DA:100,0
DA:102,0
DA:104,0
DA:107,0
DA:113,0
DA:117,0
DA:119,0
DA:127,0
DA:129,0
DA:132,0
LF:28
LH:15
BRDA:14,0,0,0
BRDA:14,0,1,47
BRDA:52,1,0,0
BRDA:52,1,1,29
BRDA:53,2,0,0
BRDA:53,2,1,29
BRDA:54,3,0,0
BRDA:54,3,1,29
BRDA:58,4,0,0
BRDA:58,4,1,29
BRDA:59,5,0,0
BRDA:59,5,1,29
BRDA:60,6,0,0
BRDA:60,6,1,29
BRDA:61,7,0,0
BRDA:61,7,1,29
BRDA:66,8,0,0
BRDA:66,8,1,29
BRDA:68,9,0,0
BRDA:68,9,1,29
BRDA:71,10,0,0
BRDA:71,10,1,29
BRDA:73,11,0,0
BRDA:73,11,1,29
BRDA:76,12,0,0
BRDA:76,12,1,29
BRDA:78,13,0,0
BRDA:78,13,1,29
BRDA:83,14,0,0
BRDA:83,14,1,29
BRDA:84,15,0,0
BRDA:84,15,1,29
BRDA:85,16,0,0
BRDA:85,16,1,29
BRDA:86,17,0,0
BRDA:86,17,1,29
BRDA:87,18,0,0
BRDA:87,18,1,29
BRDA:100,19,0,0
BRDA:100,19,1,0
BRDA:102,20,0,0
BRDA:102,20,1,0
BRDA:117,21,0,0
BRDA:117,21,1,0
BRDA:119,22,0,0
BRDA:119,22,1,0
BRF:46
BRH:19
end_of_record
TN:
SF:hooks/use-scroll-animation.ts
FN:14,useScrollAnimation
FN:23,(anonymous_2)
FN:28,(anonymous_3)
FN:42,(anonymous_4)
FN:45,(anonymous_5)
FNF:5
FNH:0
FNDA:0,useScrollAnimation
FNDA:0,(anonymous_2)
FNDA:0,(anonymous_3)
FNDA:0,(anonymous_4)
FNDA:0,(anonymous_5)
DA:3,0
DA:14,0
DA:20,0
DA:21,0
DA:23,0
DA:24,0
DA:25,0
DA:27,0
DA:29,0
DA:30,0
DA:31,0
DA:32,0
DA:34,0
DA:35,0
DA:41,0
DA:42,0
DA:45,0
DA:46,0
DA:48,0
DA:56,0
DA:57,0
DA:58,0
DA:60,0
DA:63,0
LF:24
LH:0
BRDA:14,0,0,0
BRDA:15,1,0,0
BRDA:16,2,0,0
BRDA:17,3,0,0
BRDA:18,4,0,0
BRDA:25,5,0,0
BRDA:25,5,1,0
BRDA:29,6,0,0
BRDA:29,6,1,0
BRDA:31,7,0,0
BRDA:31,7,1,0
BRDA:34,8,0,0
BRDA:34,8,1,0
BRDA:46,9,0,0
BRDA:46,9,1,0
BRDA:57,10,0,0
BRDA:57,10,1,0
BRDA:58,11,0,0
BRDA:58,11,1,0
BRDA:60,12,0,0
BRDA:60,12,1,0
BRF:21
BRH:0
end_of_record
TN:
SF:hooks/use-service-recommendations.ts
FN:6,useServiceRecommendations
FN:10,(anonymous_2)
FN:17,(anonymous_3)
FN:25,(anonymous_4)
FN:39,(anonymous_5)
FN:40,(anonymous_6)
FN:45,(anonymous_7)
FN:51,(anonymous_8)
FNF:8
FNH:0
FNDA:0,useServiceRecommendations
FNDA:0,(anonymous_2)
FNDA:0,(anonymous_3)
FNDA:0,(anonymous_4)
FNDA:0,(anonymous_5)
FNDA:0,(anonymous_6)
FNDA:0,(anonymous_7)
FNDA:0,(anonymous_8)
DA:3,0
DA:4,0
DA:6,0
DA:7,0
DA:10,0
DA:12,0
DA:13,0
DA:17,0
DA:20,0
DA:21,0
DA:25,0
DA:28,0
DA:29,0
DA:31,0
DA:35,0
DA:39,0
DA:40,0
DA:41,0
DA:45,0
DA:46,0
DA:48,0
DA:51,0
DA:52,0
DA:53,0
DA:54,0
DA:56,0
DA:57,0
DA:61,0
DA:64,0
LF:29
LH:0
BRDA:6,0,0,0
BRDA:12,1,0,0
BRDA:12,1,1,0
BRDA:12,2,0,0
BRDA:12,2,1,0
BRDA:20,3,0,0
BRDA:20,3,1,0
BRDA:46,4,0,0
BRDA:46,4,1,0
BRDA:46,5,0,0
BRDA:46,5,1,0
BRDA:53,6,0,0
BRDA:53,6,1,0
BRDA:56,7,0,0
BRDA:56,7,1,0
BRF:15
BRH:0
end_of_record
TN:
SF:hooks/use-toast.ts
FN:12,useToast
FN:15,(anonymous_2)
FN:27,(anonymous_3)
FN:30,(anonymous_4)
FN:31,(anonymous_5)
FN:31,(anonymous_6)
FN:37,(anonymous_7)
FN:38,(anonymous_8)
FN:38,(anonymous_9)
FNF:9
FNH:0
FNDA:0,useToast
FNDA:0,(anonymous_2)
FNDA:0,(anonymous_3)
FNDA:0,(anonymous_4)
FNDA:0,(anonymous_5)
FNDA:0,(anonymous_6)
FNDA:0,(anonymous_7)
FNDA:0,(anonymous_8)
FNDA:0,(anonymous_9)
DA:3,0
DA:12,0
DA:13,0
DA:15,0
DA:24,0
DA:25,0
DA:27,0
DA:30,0
DA:31,0
DA:34,0
DA:37,0
DA:38,0
DA:41,0
LF:13
LH:0
BRDA:18,0,0,0
BRF:1
BRH:0
end_of_record
TN:
SF:lib/analytics.ts
FN:30,(anonymous_5)
FN:33,gtag
FN:44,(anonymous_7)
FN:53,(anonymous_8)
FNF:4
FNH:1
FNDA:0,(anonymous_5)
FNDA:0,gtag
FNDA:0,(anonymous_7)
FNDA:27,(anonymous_8)
DA:27,5
DA:30,5
DA:31,0
DA:32,0
DA:34,0
DA:36,0
DA:37,0
DA:44,5
DA:45,0
DA:46,0
DA:53,27
DA:64,27
DA:66,27
DA:67,0
DA:75,27
DA:76,0
LF:16
LH:7
BRDA:27,0,0,5
BRDA:27,0,1,5
BRDA:31,1,0,0
BRDA:31,1,1,0
BRDA:31,2,0,0
BRDA:31,2,1,0
BRDA:32,3,0,0
BRDA:32,3,1,0
BRDA:45,4,0,0
BRDA:45,4,1,0
BRDA:45,5,0,0
BRDA:45,5,1,0
BRDA:45,5,2,0
BRDA:64,6,0,27
BRDA:64,6,1,0
BRDA:66,7,0,0
BRDA:66,7,1,27
BRDA:75,8,0,0
BRDA:75,8,1,27
BRF:19
BRH:5
end_of_record
TN:
SF:lib/csp.ts
FN:7,generateNonce
FN:14,getCSPNonce
FN:84,buildCSPHeader
FN:86,(anonymous_9)
FNF:4
FNH:0
FNDA:0,generateNonce
FNDA:0,getCSPNonce
FNDA:0,buildCSPHeader
FNDA:0,(anonymous_9)
DA:1,0
DA:2,0
DA:7,0
DA:8,0
DA:14,0
DA:15,0
DA:16,0
DA:17,0
DA:19,0
DA:21,0
DA:22,0
DA:24,0
DA:31,0
DA:84,0
DA:85,0
DA:87,0
DA:88,0
LF:17
LH:0
BRDA:19,0,0,0
BRDA:19,0,1,0
BRDA:22,1,0,0
BRDA:22,1,1,0
BRDA:87,2,0,0
BRDA:87,2,1,0
BRF:6
BRH:0
end_of_record
TN:
SF:lib/error-handling.ts
FN:13,(anonymous_8)
FN:20,(anonymous_9)
FN:29,logError
FN:52,getUserFriendlyMessage
FN:74,retryWithBackoff
FN:93,(anonymous_13)
FN:103,safeAsync
FN:106,(anonymous_15)
FN:124,(anonymous_16)
FN:125,(anonymous_17)
FNF:10
FNH:0
FNDA:0,(anonymous_8)
FNDA:0,(anonymous_9)
FNDA:0,logError
FNDA:0,getUserFriendlyMessage
FNDA:0,retryWithBackoff
FNDA:0,(anonymous_13)
FNDA:0,safeAsync
FNDA:0,(anonymous_15)
FNDA:0,(anonymous_16)
FNDA:0,(anonymous_17)
DA:12,0
DA:14,0
DA:15,0
DA:19,0
DA:21,0
DA:22,0
DA:29,0
DA:30,0
DA:40,0
DA:44,0
DA:52,0
DA:53,0
DA:54,0
DA:57,0
DA:58,0
DA:59,0
DA:61,0
DA:62,0
DA:64,0
DA:68,0
DA:74,0
DA:81,0
DA:82,0
DA:83,0
DA:85,0
DA:87,0
DA:88,0
DA:92,0
DA:93,0
DA:97,0
DA:103,0
DA:106,0
DA:107,0
DA:108,0
DA:109,0
DA:111,0
DA:112,0
DA:120,0
DA:124,0
DA:125,0
LF:40
LH:0
BRDA:36,0,0,0
BRDA:36,0,1,0
BRDA:37,1,0,0
BRDA:37,1,1,0
BRDA:44,2,0,0
BRDA:44,2,1,0
BRDA:53,3,0,0
BRDA:53,3,1,0
BRDA:57,4,0,0
BRDA:57,4,1,0
BRDA:58,5,0,0
BRDA:58,5,1,0
BRDA:61,6,0,0
BRDA:61,6,1,0
BRDA:61,7,0,0
BRDA:61,7,1,0
BRDA:76,8,0,0
BRDA:77,9,0,0
BRDA:87,10,0,0
BRDA:87,10,1,0
BRF:20
BRH:0
end_of_record
TN:
SF:lib/image-optimization.ts
FN:1,(anonymous_4)
FN:18,(anonymous_5)
FN:20,(anonymous_6)
FN:24,(anonymous_7)
FNF:4
FNH:0
FNDA:0,(anonymous_4)
FNDA:0,(anonymous_5)
FNDA:0,(anonymous_6)
FNDA:0,(anonymous_7)
DA:1,0
DA:2,0
DA:3,0
DA:4,0
DA:5,0
DA:7,0
DA:8,0
DA:9,0
DA:10,0
DA:11,0
DA:12,0
DA:15,0
DA:18,0
DA:19,0
DA:20,0
DA:24,0
DA:25,0
DA:26,0
DA:27,0
DA:28,0
LF:20
LH:0
BRDA:7,0,0,0
BRDA:7,0,1,0
BRDA:25,1,0,0
BRDA:25,1,1,0
BRDA:26,2,0,0
BRDA:26,2,1,0
BRDA:27,3,0,0
BRDA:27,3,1,0
BRF:8
BRH:0
end_of_record
TN:
SF:lib/performance-utils.ts
FN:13,throttle
FN:20,(anonymous_7)
FN:30,(anonymous_8)
FN:44,debounce
FN:50,(anonymous_10)
FN:54,(anonymous_11)
FN:63,useThrottledScroll
FN:67,(anonymous_13)
FN:79,useScrollPosition
FN:83,(anonymous_15)
FN:84,(anonymous_16)
FN:91,(anonymous_17)
FN:102,useIntersectionObserver
FN:108,(anonymous_19)
FN:112,(anonymous_20)
FN:124,(anonymous_21)
FNF:16
FNH:0
FNDA:0,throttle
FNDA:0,(anonymous_7)
FNDA:0,(anonymous_8)
FNDA:0,debounce
FNDA:0,(anonymous_10)
FNDA:0,(anonymous_11)
FNDA:0,useThrottledScroll
FNDA:0,(anonymous_13)
FNDA:0,useScrollPosition
FNDA:0,(anonymous_15)
FNDA:0,(anonymous_16)
FNDA:0,(anonymous_17)
FNDA:0,useIntersectionObserver
FNDA:0,(anonymous_19)
FNDA:0,(anonymous_20)
FNDA:0,(anonymous_21)
DA:5,0
DA:13,0
DA:17,0
DA:18,0
DA:20,0
DA:21,0
DA:23,0
DA:24,0
DA:25,0
DA:27,0
DA:28,0
DA:30,0
DA:31,0
DA:32,0
DA:44,0
DA:48,0
DA:50,0
DA:51,0
DA:52,0
DA:54,0
DA:63,0
DA:67,0
DA:68,0
DA:71,0
DA:79,0
DA:80,0
DA:81,0
DA:83,0
DA:84,0
DA:85,0
DA:86,0
DA:87,0
DA:90,0
DA:91,0
DA:94,0
DA:102,0
DA:105,0
DA:106,0
DA:108,0
DA:109,0
DA:111,0
DA:113,0
DA:122,0
DA:124,0
DA:125,0
DA:129,0
LF:46
LH:0
BRDA:23,0,0,0
BRDA:23,0,1,0
BRDA:27,1,0,0
BRDA:27,1,1,0
BRDA:51,2,0,0
BRDA:51,2,1,0
BRDA:65,3,0,0
BRDA:79,4,0,0
BRDA:79,5,0,0
BRDA:103,6,0,0
BRDA:109,7,0,0
BRDA:109,7,1,0
BRF:12
BRH:0
end_of_record
TN:
SF:lib/seo-utils.ts
FN:26,generateMetadata
FN:106,generateStructuredData
FN:225,(anonymous_11)
FN:239,(anonymous_12)
FN:259,generateBreadcrumbs
FN:266,(anonymous_14)
FN:272,(anonymous_15)
FN:286,generateSitemapUrls
FN:307,(anonymous_17)
FN:313,(anonymous_18)
FN:323,optimizeImageForSEO
FN:336,generateCanonicalUrl
FN:344,optimizeMetaDescription
FN:355,extractKeywords
FN:362,(anonymous_23)
FN:364,(anonymous_24)
FN:370,(anonymous_25)
FN:372,(anonymous_26)
FNF:18
FNH:18
FNDA:15,generateMetadata
FNDA:14,generateStructuredData
FNDA:1,(anonymous_11)
FNDA:1,(anonymous_12)
FNDA:8,generateBreadcrumbs
FNDA:11,(anonymous_14)
FNDA:20,(anonymous_15)
FNDA:7,generateSitemapUrls
FNDA:56,(anonymous_17)
FNDA:98,(anonymous_18)
FNDA:5,optimizeImageForSEO
FNDA:5,generateCanonicalUrl
FNDA:6,optimizeMetaDescription
FNDA:11,extractKeywords
FNDA:83,(anonymous_23)
FNDA:43,(anonymous_24)
FNDA:30,(anonymous_25)
FNDA:31,(anonymous_26)
DA:26,15
DA:41,15
DA:43,15
DA:44,15
DA:45,15
DA:47,15
DA:106,14
DA:107,14
DA:109,14
DA:114,14
DA:116,3
DA:158,2
DA:179,3
DA:198,2
DA:223,2
DA:225,1
DA:237,2
DA:239,1
DA:249,0
DA:259,8
DA:260,8
DA:261,8
DA:265,8
DA:266,8
DA:267,11
DA:270,11
DA:272,20
DA:274,11
DA:280,8
DA:286,7
DA:287,7
DA:289,7
DA:298,7
DA:307,56
DA:313,98
DA:323,5
DA:324,5
DA:336,5
DA:337,5
DA:338,5
DA:344,6
DA:345,6
DA:346,2
DA:349,4
DA:355,11
DA:356,11
DA:358,11
DA:362,83
DA:364,11
DA:365,43
DA:366,43
DA:369,11
DA:370,30
DA:372,31
LF:54
LH:53
BRDA:30,0,0,0
BRDA:32,1,0,15
BRDA:33,2,0,11
BRDA:38,3,0,14
BRDA:39,4,0,14
BRDA:40,5,0,14
BRDA:43,6,0,15
BRDA:43,6,1,0
BRDA:45,7,0,15
BRDA:45,7,1,0
BRDA:51,8,0,0
BRDA:51,8,1,15
BRDA:83,9,0,15
BRDA:83,9,1,1
BRDA:84,10,0,15
BRDA:84,10,1,1
BRDA:85,11,0,15
BRDA:85,11,1,1
BRDA:86,12,0,15
BRDA:86,12,1,1
BRDA:96,13,0,15
BRDA:96,13,1,15
BRDA:97,14,0,15
BRDA:97,14,1,14
BRDA:107,15,0,14
BRDA:107,15,1,0
BRDA:114,16,0,3
BRDA:114,16,1,2
BRDA:114,16,2,3
BRDA:114,16,3,2
BRDA:114,16,4,2
BRDA:114,16,5,2
BRDA:114,16,6,0
BRDA:204,17,0,2
BRDA:204,17,1,1
BRDA:215,18,0,2
BRDA:215,18,1,2
BRDA:216,19,0,0
BRDA:216,19,1,2
BRDA:225,20,0,2
BRDA:225,20,1,1
BRDA:239,21,0,2
BRDA:239,21,1,1
BRDA:287,22,0,7
BRDA:287,22,1,0
BRDA:327,23,0,5
BRDA:327,23,1,4
BRDA:337,24,0,5
BRDA:337,24,1,0
BRDA:344,25,0,2
BRDA:345,26,0,2
BRDA:345,26,1,4
BRDA:355,27,0,9
BRDA:362,28,0,83
BRDA:362,28,1,47
BRDA:365,29,0,43
BRDA:365,29,1,36
BRF:57
BRH:48
end_of_record
TN:
SF:lib/sms-queue.ts
FN:35,(anonymous_3)
FN:39,(anonymous_4)
FN:57,(anonymous_5)
FN:59,(anonymous_6)
FN:66,(anonymous_7)
FN:108,(anonymous_8)
FN:110,(anonymous_9)
FN:111,(anonymous_10)
FN:112,(anonymous_11)
FN:113,(anonymous_12)
FN:118,(anonymous_13)
FN:122,(anonymous_14)
FN:123,(anonymous_15)
FN:141,getSMSQueue
FN:148,addToSmsQueue
FNF:15
FNH:0
FNDA:0,(anonymous_3)
FNDA:0,(anonymous_4)
FNDA:0,(anonymous_5)
FNDA:0,(anonymous_6)
FNDA:0,(anonymous_7)
FNDA:0,(anonymous_8)
FNDA:0,(anonymous_9)
FNDA:0,(anonymous_10)
FNDA:0,(anonymous_11)
FNDA:0,(anonymous_12)
FNDA:0,(anonymous_13)
FNDA:0,(anonymous_14)
FNDA:0,(anonymous_15)
FNDA:0,getSMSQueue
FNDA:0,addToSmsQueue
DA:6,1
DA:29,0
DA:30,0
DA:31,0
DA:32,0
DA:36,0
DA:40,0
DA:41,0
DA:51,0
DA:52,0
DA:53,0
DA:54,0
DA:59,0
DA:61,0
DA:67,0
DA:68,0
DA:70,0
DA:71,0
DA:72,0
DA:73,0
DA:75,0
DA:76,0
DA:78,0
DA:79,0
DA:81,0
DA:82,0
DA:84,0
DA:85,0
DA:86,0
DA:88,0
DA:89,0
DA:90,0
DA:94,0
DA:95,0
DA:96,0
DA:97,0
DA:99,0
DA:100,0
DA:101,0
DA:105,0
DA:109,0
DA:110,0
DA:111,0
DA:112,0
DA:113,0
DA:115,0
DA:119,0
DA:123,0
DA:124,0
DA:125,0
DA:128,0
DA:129,0
DA:130,0
DA:131,0
DA:132,0
DA:133,0
DA:138,1
DA:141,0
DA:142,0
DA:143,0
DA:145,0
DA:148,0
DA:149,0
DA:150,0
LF:64
LH:2
BRDA:67,0,0,0
BRDA:67,0,1,0
BRDA:68,1,0,0
BRDA:68,1,1,0
BRDA:73,2,0,0
BRDA:73,2,1,0
BRDA:81,3,0,0
BRDA:81,3,1,0
BRDA:88,4,0,0
BRDA:88,4,1,0
BRDA:99,5,0,0
BRDA:99,5,1,0
BRDA:123,6,0,0
BRDA:123,6,1,0
BRDA:124,7,0,0
BRDA:124,7,1,0
BRDA:124,8,0,0
BRDA:124,8,1,0
BRDA:142,9,0,0
BRDA:142,9,1,0
BRF:20
BRH:0
end_of_record
TN:
SF:lib/sms-service.ts
FN:22,(anonymous_9)
FN:29,(anonymous_10)
FN:48,(anonymous_11)
FN:79,(anonymous_12)
FN:96,getSMSProvider
FN:104,sendBookingConfirmationSMS
FN:122,sendBookingReminderSMS
FN:140,sendBookingCancellationSMS
FNF:8
FNH:0
FNDA:0,(anonymous_9)
FNDA:0,(anonymous_10)
FNDA:0,(anonymous_11)
FNDA:0,(anonymous_12)
FNDA:0,getSMSProvider
FNDA:0,sendBookingConfirmationSMS
FNDA:0,sendBookingReminderSMS
FNDA:0,sendBookingCancellationSMS
DA:2,1
DA:17,0
DA:24,0
DA:25,0
DA:26,0
DA:30,0
DA:32,0
DA:33,0
DA:34,0
DA:35,0
DA:42,0
DA:45,0
DA:48,0
DA:49,0
DA:51,0
DA:57,0
DA:62,0
DA:64,0
DA:65,0
DA:71,0
DA:72,0
DA:81,0
DA:84,0
DA:85,0
DA:88,0
DA:93,1
DA:96,0
DA:97,0
DA:98,0
DA:100,0
DA:104,0
DA:105,0
DA:107,0
DA:112,0
DA:115,0
DA:122,0
DA:123,0
DA:125,0
DA:130,0
DA:133,0
DA:140,0
DA:141,0
DA:143,0
DA:146,0
DA:149,0
LF:45
LH:2
BRDA:24,0,0,0
BRDA:24,0,1,0
BRDA:25,1,0,0
BRDA:25,1,1,0
BRDA:26,2,0,0
BRDA:26,2,1,0
BRDA:32,3,0,0
BRDA:32,3,1,0
BRDA:32,4,0,0
BRDA:32,4,1,0
BRDA:32,4,2,0
BRDA:74,5,0,0
BRDA:74,5,1,0
BRDA:84,6,0,0
BRDA:84,6,1,0
BRDA:97,7,0,0
BRDA:97,7,1,0
BRF:17
BRH:0
end_of_record
TN:
SF:lib/spam-protection.ts
FN:5,isLikelySpam
FNF:1
FNH:0
FNDA:0,isLikelySpam
DA:5,0
DA:6,0
DA:7,0
DA:10,0
LF:4
LH:0
BRF:0
BRH:0
end_of_record
TN:
SF:lib/utils.ts
FN:4,cn
FNF:1
FNH:1
FNDA:3855,cn
DA:1,5
DA:2,5
DA:4,3855
DA:5,3855
LF:4
LH:4
BRF:0
BRH:0
end_of_record
